2026-02-03T06:03:54.3257740Z ##[debug]Starting: linux64
2026-02-03T06:03:54.3279118Z ##[debug]Cleaning runner temp folder: /home/runner/work/_temp
2026-02-03T06:03:54.3384080Z ##[debug]Starting: Set up job
2026-02-03T06:03:54.3385278Z Current runner version: '2.331.0'
2026-02-03T06:03:54.3407191Z ##[group]Runner Image Provisioner
2026-02-03T06:03:54.3407911Z Hosted Compute Agent
2026-02-03T06:03:54.3408540Z Version: 20260123.484
2026-02-03T06:03:54.3409166Z Commit: 6bd6555ca37d84114959e1c76d2c01448ff61c5d
2026-02-03T06:03:54.3409816Z Build Date: 2026-01-23T19:41:17Z
2026-02-03T06:03:54.3410520Z Worker ID: {b913362c-bcc8-4c60-901b-570ee0e77957}
2026-02-03T06:03:54.3411211Z Azure Region: westus
2026-02-03T06:03:54.3411735Z ##[endgroup]
2026-02-03T06:03:54.3413374Z ##[group]Operating System
2026-02-03T06:03:54.3414101Z Ubuntu
2026-02-03T06:03:54.3414600Z 24.04.3
2026-02-03T06:03:54.3415106Z LTS
2026-02-03T06:03:54.3415741Z ##[endgroup]
2026-02-03T06:03:54.3416275Z ##[group]Runner Image
2026-02-03T06:03:54.3416869Z Image: ubuntu-24.04
2026-02-03T06:03:54.3417709Z Version: 20260126.10.1
2026-02-03T06:03:54.3418901Z Included Software: https://github.com/actions/runner-images/blob/ubuntu24/20260126.10/images/ubuntu/Ubuntu2404-Readme.md
2026-02-03T06:03:54.3420398Z Image Release: https://github.com/actions/runner-images/releases/tag/ubuntu24%2F20260126.10
2026-02-03T06:03:54.3421340Z ##[endgroup]
2026-02-03T06:03:54.3424193Z ##[group]GITHUB_TOKEN Permissions
2026-02-03T06:03:54.3426237Z Actions: write
2026-02-03T06:03:54.3426771Z ArtifactMetadata: write
2026-02-03T06:03:54.3427468Z Attestations: write
2026-02-03T06:03:54.3427944Z Checks: write
2026-02-03T06:03:54.3428428Z Contents: write
2026-02-03T06:03:54.3428929Z Deployments: write
2026-02-03T06:03:54.3429457Z Discussions: write
2026-02-03T06:03:54.3429927Z Issues: write
2026-02-03T06:03:54.3430480Z Metadata: read
2026-02-03T06:03:54.3431102Z Models: read
2026-02-03T06:03:54.3431558Z Packages: write
2026-02-03T06:03:54.3432092Z Pages: write
2026-02-03T06:03:54.3432564Z PullRequests: write
2026-02-03T06:03:54.3433122Z RepositoryProjects: write
2026-02-03T06:03:54.3433824Z SecurityEvents: write
2026-02-03T06:03:54.3434508Z Statuses: write
2026-02-03T06:03:54.3435004Z ##[endgroup]
2026-02-03T06:03:54.3437357Z Secret source: Actions
2026-02-03T06:03:54.3438373Z ##[debug]Primary repository: CatAndHorse/puerts
2026-02-03T06:03:54.3439057Z Prepare workflow directory
2026-02-03T06:03:54.3510531Z ##[debug]Creating pipeline directory: '/home/runner/work/puerts'
2026-02-03T06:03:54.3514145Z ##[debug]Creating workspace directory: '/home/runner/work/puerts/puerts'
2026-02-03T06:03:54.3515581Z ##[debug]Update context data
2026-02-03T06:03:54.3519127Z ##[debug]Evaluating job-level environment variables
2026-02-03T06:03:54.3797217Z ##[debug]Evaluating job container
2026-02-03T06:03:54.3799996Z ##[debug]Evaluating job service containers
2026-02-03T06:03:54.3803553Z ##[debug]Evaluating job defaults
2026-02-03T06:03:54.3830455Z Prepare all required actions
2026-02-03T06:03:54.3868725Z Getting action download info
2026-02-03T06:03:54.8199438Z Download action repository 'actions/checkout@v3' (SHA:f43a0e5ff2bd294095638e18286ca9a3d1956744)
2026-02-03T06:03:54.8469574Z ##[debug]Copied action archive '/opt/actionarchivecache/actions_checkout/f43a0e5ff2bd294095638e18286ca9a3d1956744.tar.gz' to '/home/runner/work/_actions/_temp_9978539e-8755-4917-b4b9-097fadc5760f/7bf779b1-bff6-48a3-b664-05ba248d53fc.tar.gz'
2026-02-03T06:03:54.9104748Z ##[debug]Unwrap 'actions-checkout-f43a0e5' to '/home/runner/work/_actions/actions/checkout/v3'
2026-02-03T06:03:54.9239369Z ##[debug]Archive '/home/runner/work/_actions/_temp_9978539e-8755-4917-b4b9-097fadc5760f/7bf779b1-bff6-48a3-b664-05ba248d53fc.tar.gz' has been unzipped into '/home/runner/work/_actions/actions/checkout/v3'.
2026-02-03T06:03:54.9352151Z ##[debug]action.yml for action: '/home/runner/work/_actions/actions/checkout/v3/action.yml'.
2026-02-03T06:03:55.0141532Z ##[debug]Set step '__actions_checkout' display name to: 'Run actions/checkout@v3'
2026-02-03T06:03:55.0145641Z ##[debug]Set step '__self' display name to: 'BuildLinux'
2026-02-03T06:03:55.0148489Z ##[debug]Set step '__self_2' display name to: 'BuildLinux_V8_10_6'
2026-02-03T06:03:55.0150730Z ##[debug]Set step '__self_3' display name to: 'BuildWindowsQuickjs'
2026-02-03T06:03:55.0152939Z ##[debug]Set step '__self_4' display name to: 'BuildLinuxNodeJS'
2026-02-03T06:03:55.0155387Z ##[debug]Set step '__self_5' display name to: 'BuildLinuxMultBackend'
2026-02-03T06:03:55.0156284Z Complete job name: linux64
2026-02-03T06:03:55.0267881Z ##[debug]Collect running processes for tracking orphan processes.
2026-02-03T06:03:55.0468095Z ##[debug]Finishing: Set up job
2026-02-03T06:03:55.0583863Z ##[debug]Evaluating condition for step: 'Run actions/checkout@v3'
2026-02-03T06:03:55.0627318Z ##[debug]Evaluating: success()
2026-02-03T06:03:55.0632370Z ##[debug]Evaluating success:
2026-02-03T06:03:55.0648505Z ##[debug]=> true
2026-02-03T06:03:55.0654784Z ##[debug]Result: true
2026-02-03T06:03:55.0678019Z ##[debug]Starting: Run actions/checkout@v3
2026-02-03T06:03:55.0748480Z ##[debug]Register post job cleanup for action: actions/checkout@v3
2026-02-03T06:03:55.0824843Z ##[debug]Loading inputs
2026-02-03T06:03:55.0836261Z ##[debug]Evaluating: github.repository
2026-02-03T06:03:55.0837415Z ##[debug]Evaluating Index:
2026-02-03T06:03:55.0839593Z ##[debug]..Evaluating github:
2026-02-03T06:03:55.0840857Z ##[debug]..=> Object
2026-02-03T06:03:55.0846925Z ##[debug]..Evaluating String:
2026-02-03T06:03:55.0847779Z ##[debug]..=> 'repository'
2026-02-03T06:03:55.0851705Z ##[debug]=> 'CatAndHorse/puerts'
2026-02-03T06:03:55.0853392Z ##[debug]Result: 'CatAndHorse/puerts'
2026-02-03T06:03:55.0857049Z ##[debug]Evaluating: github.token
2026-02-03T06:03:55.0857566Z ##[debug]Evaluating Index:
2026-02-03T06:03:55.0858024Z ##[debug]..Evaluating github:
2026-02-03T06:03:55.0858491Z ##[debug]..=> Object
2026-02-03T06:03:55.0858906Z ##[debug]..Evaluating String:
2026-02-03T06:03:55.0859357Z ##[debug]..=> 'token'
2026-02-03T06:03:55.0860355Z ##[debug]=> '***'
2026-02-03T06:03:55.0860938Z ##[debug]Result: '***'
2026-02-03T06:03:55.0876172Z ##[debug]Loading env
2026-02-03T06:03:55.0942396Z ##[group]Run actions/checkout@v3
2026-02-03T06:03:55.0943098Z with:
2026-02-03T06:03:55.0943675Z   repository: CatAndHorse/puerts
2026-02-03T06:03:55.0944314Z   token: ***
2026-02-03T06:03:55.0944684Z   ssh-strict: true
2026-02-03T06:03:55.0945089Z   persist-credentials: true
2026-02-03T06:03:55.0945518Z   clean: true
2026-02-03T06:03:55.0945922Z   sparse-checkout-cone-mode: true
2026-02-03T06:03:55.0946384Z   fetch-depth: 1
2026-02-03T06:03:55.0946759Z   fetch-tags: false
2026-02-03T06:03:55.0947139Z   lfs: false
2026-02-03T06:03:55.0947507Z   submodules: false
2026-02-03T06:03:55.0947924Z   set-safe-directory: true
2026-02-03T06:03:55.0948630Z env:
2026-02-03T06:03:55.0949042Z   RUNID: 613573412
2026-02-03T06:03:55.0949465Z ##[endgroup]
2026-02-03T06:03:55.1712946Z ##[debug]GITHUB_WORKSPACE = '/home/runner/work/puerts/puerts'
2026-02-03T06:03:55.1715122Z ##[debug]qualified repository = 'CatAndHorse/puerts'
2026-02-03T06:03:55.1716039Z ##[debug]ref = 'refs/heads/unity-2.2.x'
2026-02-03T06:03:55.1716878Z ##[debug]commit = 'c48138420d3e9c4f44ed1333965a63aa8ce39485'
2026-02-03T06:03:55.1717702Z ##[debug]clean = true
2026-02-03T06:03:55.1718338Z ##[debug]fetch depth = 1
2026-02-03T06:03:55.1718986Z ##[debug]fetch tags = false
2026-02-03T06:03:55.1719765Z ##[debug]lfs = false
2026-02-03T06:03:55.1720757Z ##[debug]submodules = false
2026-02-03T06:03:55.1721694Z ##[debug]recursive submodules = false
2026-02-03T06:03:55.1722491Z ##[debug]GitHub Host URL = 
2026-02-03T06:03:55.1724053Z ::add-matcher::/home/runner/work/_actions/actions/checkout/v3/dist/problem-matcher.json
2026-02-03T06:03:55.1798025Z ##[debug]Added matchers: 'checkout-git'. Problem matchers scan action output for known warning or error strings and report these inline.
2026-02-03T06:03:55.1802818Z Syncing repository: CatAndHorse/puerts
2026-02-03T06:03:55.1804362Z ::group::Getting Git version info
2026-02-03T06:03:55.1805632Z ##[group]Getting Git version info
2026-02-03T06:03:55.1806743Z Working directory is '/home/runner/work/puerts/puerts'
2026-02-03T06:03:55.1807708Z ##[debug]Getting git version
2026-02-03T06:03:55.1808219Z [command]/usr/bin/git version
2026-02-03T06:03:55.1882503Z git version 2.52.0
2026-02-03T06:03:55.1905919Z ##[debug]0
2026-02-03T06:03:55.1906998Z ##[debug]git version 2.52.0
2026-02-03T06:03:55.1907473Z ##[debug]
2026-02-03T06:03:55.1909151Z ##[debug]Set git useragent to: git/2.52.0 (github-actions-checkout)
2026-02-03T06:03:55.1910678Z ::endgroup::
2026-02-03T06:03:55.1911306Z ##[endgroup]
2026-02-03T06:03:55.1916150Z ::add-mask::***
2026-02-03T06:03:55.1924708Z Temporarily overriding HOME='/home/runner/work/_temp/be28df72-5e91-4476-b3eb-72ad7c1f9e57' before making global git config changes
2026-02-03T06:03:55.1926735Z Adding repository directory to the temporary git global config as a safe directory
2026-02-03T06:03:55.1928341Z [command]/usr/bin/git config --global --add safe.directory /home/runner/work/puerts/puerts
2026-02-03T06:03:55.1958675Z ##[debug]0
2026-02-03T06:03:55.1959700Z ##[debug]
2026-02-03T06:03:55.1964485Z Deleting the contents of '/home/runner/work/puerts/puerts'
2026-02-03T06:03:55.1968176Z ::group::Initializing the repository
2026-02-03T06:03:55.1968772Z ##[group]Initializing the repository
2026-02-03T06:03:55.1971123Z [command]/usr/bin/git init /home/runner/work/puerts/puerts
2026-02-03T06:03:55.2081751Z hint: Using 'master' as the name for the initial branch. This default branch name
2026-02-03T06:03:55.2083550Z hint: will change to "main" in Git 3.0. To configure the initial branch name
2026-02-03T06:03:55.2084723Z hint: to use in all of your new repositories, which will suppress this warning,
2026-02-03T06:03:55.2085708Z hint: call:
2026-02-03T06:03:55.2086386Z hint:
2026-02-03T06:03:55.2087061Z hint: 	git config --global init.defaultBranch <name>
2026-02-03T06:03:55.2087751Z hint:
2026-02-03T06:03:55.2088398Z hint: Names commonly chosen instead of 'master' are 'main', 'trunk' and
2026-02-03T06:03:55.2089499Z hint: 'development'. The just-created branch can be renamed via this command:
2026-02-03T06:03:55.2090415Z hint:
2026-02-03T06:03:55.2090970Z hint: 	git branch -m <name>
2026-02-03T06:03:55.2091752Z hint:
2026-02-03T06:03:55.2092467Z hint: Disable this message with "git config set advice.defaultBranchName false"
2026-02-03T06:03:55.2093841Z Initialized empty Git repository in /home/runner/work/puerts/puerts/.git/
2026-02-03T06:03:55.2095220Z ##[debug]0
2026-02-03T06:03:55.2096101Z ##[debug]Initialized empty Git repository in /home/runner/work/puerts/puerts/.git/
2026-02-03T06:03:55.2096800Z ##[debug]
2026-02-03T06:03:55.2097429Z [command]/usr/bin/git remote add origin https://github.com/CatAndHorse/puerts
2026-02-03T06:03:55.2125862Z ##[debug]0
2026-02-03T06:03:55.2126526Z ##[debug]
2026-02-03T06:03:55.2127204Z ::endgroup::
2026-02-03T06:03:55.2127556Z ##[endgroup]
2026-02-03T06:03:55.2128218Z ::group::Disabling automatic garbage collection
2026-02-03T06:03:55.2129102Z ##[group]Disabling automatic garbage collection
2026-02-03T06:03:55.2129754Z [command]/usr/bin/git config --local gc.auto 0
2026-02-03T06:03:55.2154061Z ##[debug]0
2026-02-03T06:03:55.2154727Z ##[debug]
2026-02-03T06:03:55.2155301Z ::endgroup::
2026-02-03T06:03:55.2155705Z ##[endgroup]
2026-02-03T06:03:55.2156392Z ::group::Setting up auth
2026-02-03T06:03:55.2156865Z ##[group]Setting up auth
2026-02-03T06:03:55.2159682Z [command]/usr/bin/git config --local --name-only --get-regexp core\.sshCommand
2026-02-03T06:03:55.2181393Z ##[debug]1
2026-02-03T06:03:55.2182012Z ##[debug]
2026-02-03T06:03:55.2185633Z [command]/usr/bin/git submodule foreach --recursive sh -c "git config --local --name-only --get-regexp 'core\.sshCommand' && git config --local --unset-all 'core.sshCommand' || :"
2026-02-03T06:03:55.2520837Z ##[debug]0
2026-02-03T06:03:55.2521585Z ##[debug]
2026-02-03T06:03:55.2524684Z [command]/usr/bin/git config --local --name-only --get-regexp http\.https\:\/\/github\.com\/\.extraheader
2026-02-03T06:03:55.2547729Z ##[debug]1
2026-02-03T06:03:55.2548755Z ##[debug]
2026-02-03T06:03:55.2551446Z [command]/usr/bin/git submodule foreach --recursive sh -c "git config --local --name-only --get-regexp 'http\.https\:\/\/github\.com\/\.extraheader' && git config --local --unset-all 'http.https://github.com/.extraheader' || :"
2026-02-03T06:03:55.2758051Z ##[debug]0
2026-02-03T06:03:55.2758720Z ##[debug]
2026-02-03T06:03:55.2765261Z [command]/usr/bin/git config --local http.https://github.com/.extraheader AUTHORIZATION: basic ***
2026-02-03T06:03:55.2788672Z ##[debug]0
2026-02-03T06:03:55.2789317Z ##[debug]
2026-02-03T06:03:55.2797840Z ::endgroup::
2026-02-03T06:03:55.2798565Z ##[endgroup]
2026-02-03T06:03:55.2805182Z ::group::Fetching the repository
2026-02-03T06:03:55.2805691Z ##[group]Fetching the repository
2026-02-03T06:03:55.2807117Z [command]/usr/bin/git -c protocol.version=2 fetch --no-tags --prune --progress --no-recurse-submodules --depth=1 origin +c48138420d3e9c4f44ed1333965a63aa8ce39485:refs/remotes/origin/unity-2.2.x
2026-02-03T06:03:55.7283682Z remote: Enumerating objects: 1742, done.        
2026-02-03T06:03:55.7285219Z remote: Counting objects:   0% (1/1742)        
2026-02-03T06:03:55.7286053Z remote: Counting objects:   1% (18/1742)        
2026-02-03T06:03:55.7286830Z remote: Counting objects:   2% (35/1742)        
2026-02-03T06:03:55.7287710Z remote: Counting objects:   3% (53/1742)        
2026-02-03T06:03:55.7288480Z remote: Counting objects:   4% (70/1742)        
2026-02-03T06:03:55.7289232Z remote: Counting objects:   5% (88/1742)        
2026-02-03T06:03:55.7289992Z remote: Counting objects:   6% (105/1742)        
2026-02-03T06:03:55.7290807Z remote: Counting objects:   7% (122/1742)        
2026-02-03T06:03:55.7291563Z remote: Counting objects:   8% (140/1742)        
2026-02-03T06:03:55.7292321Z remote: Counting objects:   9% (157/1742)        
2026-02-03T06:03:55.7293070Z remote: Counting objects:  10% (175/1742)        
2026-02-03T06:03:55.7294099Z remote: Counting objects:  11% (192/1742)        
2026-02-03T06:03:55.7294825Z remote: Counting objects:  12% (210/1742)        
2026-02-03T06:03:55.7295746Z remote: Counting objects:  13% (227/1742)        
2026-02-03T06:03:55.7296340Z remote: Counting objects:  14% (244/1742)        
2026-02-03T06:03:55.7296916Z remote: Counting objects:  15% (262/1742)        
2026-02-03T06:03:55.7297495Z remote: Counting objects:  16% (279/1742)        
2026-02-03T06:03:55.7298068Z remote: Counting objects:  17% (297/1742)        
2026-02-03T06:03:55.7298650Z remote: Counting objects:  18% (314/1742)        
2026-02-03T06:03:55.7784399Z remote: Counting objects:  19% (331/1742)        
2026-02-03T06:03:55.7785748Z remote: Counting objects:  20% (349/1742)        
2026-02-03T06:03:55.7786443Z remote: Counting objects:  21% (366/1742)        
2026-02-03T06:03:55.7787112Z remote: Counting objects:  22% (384/1742)        
2026-02-03T06:03:55.7787767Z remote: Counting objects:  23% (401/1742)        
2026-02-03T06:03:55.7788421Z remote: Counting objects:  24% (419/1742)        
2026-02-03T06:03:55.7789100Z remote: Counting objects:  25% (436/1742)        
2026-02-03T06:03:55.7789759Z remote: Counting objects:  26% (453/1742)        
2026-02-03T06:03:55.7790414Z remote: Counting objects:  27% (471/1742)        
2026-02-03T06:03:55.7791066Z remote: Counting objects:  28% (488/1742)        
2026-02-03T06:03:55.7791713Z remote: Counting objects:  29% (506/1742)        
2026-02-03T06:03:55.7792381Z remote: Counting objects:  30% (523/1742)        
2026-02-03T06:03:55.7793033Z remote: Counting objects:  31% (541/1742)        
2026-02-03T06:03:55.7793940Z remote: Counting objects:  32% (558/1742)        
2026-02-03T06:03:55.7794590Z remote: Counting objects:  33% (575/1742)        
2026-02-03T06:03:55.7795214Z remote: Counting objects:  34% (593/1742)        
2026-02-03T06:03:55.7795787Z remote: Counting objects:  35% (610/1742)        
2026-02-03T06:03:55.7796348Z remote: Counting objects:  36% (628/1742)        
2026-02-03T06:03:55.7796906Z remote: Counting objects:  37% (645/1742)        
2026-02-03T06:03:55.7797803Z remote: Counting objects:  38% (662/1742)        
2026-02-03T06:03:55.7798361Z remote: Counting objects:  39% (680/1742)        
2026-02-03T06:03:55.7798911Z remote: Counting objects:  40% (697/1742)        
2026-02-03T06:03:55.7799459Z remote: Counting objects:  41% (715/1742)        
2026-02-03T06:03:55.7800009Z remote: Counting objects:  42% (732/1742)        
2026-02-03T06:03:55.7800575Z remote: Counting objects:  43% (750/1742)        
2026-02-03T06:03:55.7801140Z remote: Counting objects:  44% (767/1742)        
2026-02-03T06:03:55.7801721Z remote: Counting objects:  45% (784/1742)        
2026-02-03T06:03:55.7802479Z remote: Counting objects:  46% (802/1742)        
2026-02-03T06:03:55.7803093Z remote: Counting objects:  47% (819/1742)        
2026-02-03T06:03:55.7803781Z remote: Counting objects:  48% (837/1742)        
2026-02-03T06:03:55.7804346Z remote: Counting objects:  49% (854/1742)        
2026-02-03T06:03:55.7804948Z remote: Counting objects:  50% (871/1742)        
2026-02-03T06:03:55.7805518Z remote: Counting objects:  51% (889/1742)        
2026-02-03T06:03:55.7806066Z remote: Counting objects:  52% (906/1742)        
2026-02-03T06:03:55.7806621Z remote: Counting objects:  53% (924/1742)        
2026-02-03T06:03:55.7807171Z remote: Counting objects:  54% (941/1742)        
2026-02-03T06:03:55.7807723Z remote: Counting objects:  55% (959/1742)        
2026-02-03T06:03:55.7808273Z remote: Counting objects:  56% (976/1742)        
2026-02-03T06:03:55.7808835Z remote: Counting objects:  57% (993/1742)        
2026-02-03T06:03:55.7809390Z remote: Counting objects:  58% (1011/1742)        
2026-02-03T06:03:55.7809963Z remote: Counting objects:  59% (1028/1742)        
2026-02-03T06:03:55.7810522Z remote: Counting objects:  60% (1046/1742)        
2026-02-03T06:03:55.7811077Z remote: Counting objects:  61% (1063/1742)        
2026-02-03T06:03:55.7811637Z remote: Counting objects:  62% (1081/1742)        
2026-02-03T06:03:55.7812190Z remote: Counting objects:  63% (1098/1742)        
2026-02-03T06:03:55.7812759Z remote: Counting objects:  64% (1115/1742)        
2026-02-03T06:03:55.7813413Z remote: Counting objects:  65% (1133/1742)        
2026-02-03T06:03:55.7813980Z remote: Counting objects:  66% (1150/1742)        
2026-02-03T06:03:55.7814548Z remote: Counting objects:  67% (1168/1742)        
2026-02-03T06:03:55.7815102Z remote: Counting objects:  68% (1185/1742)        
2026-02-03T06:03:55.7815662Z remote: Counting objects:  69% (1202/1742)        
2026-02-03T06:03:55.7816213Z remote: Counting objects:  70% (1220/1742)        
2026-02-03T06:03:55.7816772Z remote: Counting objects:  71% (1237/1742)        
2026-02-03T06:03:55.7817330Z remote: Counting objects:  72% (1255/1742)        
2026-02-03T06:03:55.7817918Z remote: Counting objects:  73% (1272/1742)        
2026-02-03T06:03:55.7818526Z remote: Counting objects:  74% (1290/1742)        
2026-02-03T06:03:55.7819529Z remote: Counting objects:  75% (1307/1742)        
2026-02-03T06:03:55.7820591Z remote: Counting objects:  76% (1324/1742)        
2026-02-03T06:03:55.7821611Z remote: Counting objects:  77% (1342/1742)        
2026-02-03T06:03:55.7822657Z remote: Counting objects:  78% (1359/1742)        
2026-02-03T06:03:55.7823523Z remote: Counting objects:  79% (1377/1742)        
2026-02-03T06:03:55.7824113Z remote: Counting objects:  80% (1394/1742)        
2026-02-03T06:03:55.7824676Z remote: Counting objects:  81% (1412/1742)        
2026-02-03T06:03:55.7825248Z remote: Counting objects:  82% (1429/1742)        
2026-02-03T06:03:55.7825815Z remote: Counting objects:  83% (1446/1742)        
2026-02-03T06:03:55.7826409Z remote: Counting objects:  84% (1464/1742)        
2026-02-03T06:03:55.7826981Z remote: Counting objects:  85% (1481/1742)        
2026-02-03T06:03:55.7827537Z remote: Counting objects:  86% (1499/1742)        
2026-02-03T06:03:55.7828092Z remote: Counting objects:  87% (1516/1742)        
2026-02-03T06:03:55.7828645Z remote: Counting objects:  88% (1533/1742)        
2026-02-03T06:03:55.7829202Z remote: Counting objects:  89% (1551/1742)        
2026-02-03T06:03:55.7829954Z remote: Counting objects:  90% (1568/1742)        
2026-02-03T06:03:55.7830510Z remote: Counting objects:  91% (1586/1742)        
2026-02-03T06:03:55.7831071Z remote: Counting objects:  92% (1603/1742)        
2026-02-03T06:03:55.7831614Z remote: Counting objects:  93% (1621/1742)        
2026-02-03T06:03:55.7832167Z remote: Counting objects:  94% (1638/1742)        
2026-02-03T06:03:55.7832713Z remote: Counting objects:  95% (1655/1742)        
2026-02-03T06:03:55.7833498Z remote: Counting objects:  96% (1673/1742)        
2026-02-03T06:03:55.7834197Z remote: Counting objects:  97% (1690/1742)        
2026-02-03T06:03:55.7834781Z remote: Counting objects:  98% (1708/1742)        
2026-02-03T06:03:55.7835348Z remote: Counting objects:  99% (1725/1742)        
2026-02-03T06:03:55.7835899Z remote: Counting objects: 100% (1742/1742)        
2026-02-03T06:03:55.7836501Z remote: Counting objects: 100% (1742/1742), done.        
2026-02-03T06:03:55.7837101Z remote: Compressing objects:   0% (1/1126)        
2026-02-03T06:03:55.7837686Z remote: Compressing objects:   1% (12/1126)        
2026-02-03T06:03:55.7838259Z remote: Compressing objects:   2% (23/1126)        
2026-02-03T06:03:55.7838836Z remote: Compressing objects:   3% (34/1126)        
2026-02-03T06:03:55.7839409Z remote: Compressing objects:   4% (46/1126)        
2026-02-03T06:03:55.7839993Z remote: Compressing objects:   5% (57/1126)        
2026-02-03T06:03:55.7840563Z remote: Compressing objects:   6% (68/1126)        
2026-02-03T06:03:55.7841132Z remote: Compressing objects:   7% (79/1126)        
2026-02-03T06:03:55.7841713Z remote: Compressing objects:   8% (91/1126)        
2026-02-03T06:03:55.7842295Z remote: Compressing objects:   9% (102/1126)        
2026-02-03T06:03:55.7842888Z remote: Compressing objects:  10% (113/1126)        
2026-02-03T06:03:55.7843589Z remote: Compressing objects:  11% (124/1126)        
2026-02-03T06:03:55.7844181Z remote: Compressing objects:  12% (136/1126)        
2026-02-03T06:03:55.7844790Z remote: Compressing objects:  13% (147/1126)        
2026-02-03T06:03:55.7845372Z remote: Compressing objects:  14% (158/1126)        
2026-02-03T06:03:55.7845960Z remote: Compressing objects:  15% (169/1126)        
2026-02-03T06:03:55.7846537Z remote: Compressing objects:  16% (181/1126)        
2026-02-03T06:03:55.7847118Z remote: Compressing objects:  17% (192/1126)        
2026-02-03T06:03:55.7847694Z remote: Compressing objects:  18% (203/1126)        
2026-02-03T06:03:55.7848280Z remote: Compressing objects:  19% (214/1126)        
2026-02-03T06:03:55.7848873Z remote: Compressing objects:  20% (226/1126)        
2026-02-03T06:03:55.7849452Z remote: Compressing objects:  21% (237/1126)        
2026-02-03T06:03:55.7850040Z remote: Compressing objects:  22% (248/1126)        
2026-02-03T06:03:55.7850639Z remote: Compressing objects:  23% (259/1126)        
2026-02-03T06:03:55.7851230Z remote: Compressing objects:  24% (271/1126)        
2026-02-03T06:03:55.7851816Z remote: Compressing objects:  25% (282/1126)        
2026-02-03T06:03:55.7852428Z remote: Compressing objects:  26% (293/1126)        
2026-02-03T06:03:55.7853012Z remote: Compressing objects:  27% (305/1126)        
2026-02-03T06:03:55.7853697Z remote: Compressing objects:  28% (316/1126)        
2026-02-03T06:03:55.7854304Z remote: Compressing objects:  29% (327/1126)        
2026-02-03T06:03:55.7854947Z remote: Compressing objects:  30% (338/1126)        
2026-02-03T06:03:55.7855538Z remote: Compressing objects:  31% (350/1126)        
2026-02-03T06:03:55.7856123Z remote: Compressing objects:  32% (361/1126)        
2026-02-03T06:03:55.7856708Z remote: Compressing objects:  33% (372/1126)        
2026-02-03T06:03:55.7857289Z remote: Compressing objects:  34% (383/1126)        
2026-02-03T06:03:55.7857870Z remote: Compressing objects:  35% (395/1126)        
2026-02-03T06:03:55.7858440Z remote: Compressing objects:  36% (406/1126)        
2026-02-03T06:03:55.7859027Z remote: Compressing objects:  37% (417/1126)        
2026-02-03T06:03:55.7859735Z remote: Compressing objects:  38% (428/1126)        
2026-02-03T06:03:55.7860326Z remote: Compressing objects:  39% (440/1126)        
2026-02-03T06:03:55.7906809Z remote: Compressing objects:  40% (451/1126)        
2026-02-03T06:03:55.7964969Z remote: Compressing objects:  41% (462/1126)        
2026-02-03T06:03:55.8048588Z remote: Compressing objects:  42% (473/1126)        
2026-02-03T06:03:55.8120098Z remote: Compressing objects:  43% (485/1126)        
2026-02-03T06:03:55.8162669Z remote: Compressing objects:  44% (496/1126)        
2026-02-03T06:03:55.8179286Z remote: Compressing objects:  45% (507/1126)        
2026-02-03T06:03:55.8182941Z remote: Compressing objects:  46% (518/1126)        
2026-02-03T06:03:55.8202509Z remote: Compressing objects:  47% (530/1126)        
2026-02-03T06:03:55.8251103Z remote: Compressing objects:  48% (541/1126)        
2026-02-03T06:03:55.8285411Z remote: Compressing objects:  49% (552/1126)        
2026-02-03T06:03:55.8320012Z remote: Compressing objects:  50% (563/1126)        
2026-02-03T06:03:55.8395226Z remote: Compressing objects:  51% (575/1126)        
2026-02-03T06:03:55.8466623Z remote: Compressing objects:  52% (586/1126)        
2026-02-03T06:03:55.8514991Z remote: Compressing objects:  53% (597/1126)        
2026-02-03T06:03:55.8556981Z remote: Compressing objects:  54% (609/1126)        
2026-02-03T06:03:55.8635972Z remote: Compressing objects:  55% (620/1126)        
2026-02-03T06:03:55.8649522Z remote: Compressing objects:  56% (631/1126)        
2026-02-03T06:03:55.8659201Z remote: Compressing objects:  57% (642/1126)        
2026-02-03T06:03:55.8670223Z remote: Compressing objects:  58% (654/1126)        
2026-02-03T06:03:55.8695999Z remote: Compressing objects:  59% (665/1126)        
2026-02-03T06:03:55.8697429Z remote: Compressing objects:  60% (676/1126)        
2026-02-03T06:03:55.8698585Z remote: Compressing objects:  61% (687/1126)        
2026-02-03T06:03:55.8699236Z remote: Compressing objects:  62% (699/1126)        
2026-02-03T06:03:55.8706266Z remote: Compressing objects:  63% (710/1126)        
2026-02-03T06:03:55.8721115Z remote: Compressing objects:  64% (721/1126)        
2026-02-03T06:03:55.8737287Z remote: Compressing objects:  65% (732/1126)        
2026-02-03T06:03:55.8765958Z remote: Compressing objects:  66% (744/1126)        
2026-02-03T06:03:55.8781477Z remote: Compressing objects:  67% (755/1126)        
2026-02-03T06:03:55.8793795Z remote: Compressing objects:  68% (766/1126)        
2026-02-03T06:03:55.8798309Z remote: Compressing objects:  69% (777/1126)        
2026-02-03T06:03:55.8814887Z remote: Compressing objects:  70% (789/1126)        
2026-02-03T06:03:55.8835760Z remote: Compressing objects:  71% (800/1126)        
2026-02-03T06:03:55.8854975Z remote: Compressing objects:  72% (811/1126)        
2026-02-03T06:03:55.8871668Z remote: Compressing objects:  73% (822/1126)        
2026-02-03T06:03:55.8887775Z remote: Compressing objects:  74% (834/1126)        
2026-02-03T06:03:55.8901768Z remote: Compressing objects:  75% (845/1126)        
2026-02-03T06:03:55.8916916Z remote: Compressing objects:  76% (856/1126)        
2026-02-03T06:03:55.8950913Z remote: Compressing objects:  77% (868/1126)        
2026-02-03T06:03:55.8966925Z remote: Compressing objects:  78% (879/1126)        
2026-02-03T06:03:55.8974878Z remote: Compressing objects:  79% (890/1126)        
2026-02-03T06:03:55.8996593Z remote: Compressing objects:  80% (901/1126)        
2026-02-03T06:03:55.9021213Z remote: Compressing objects:  81% (913/1126)        
2026-02-03T06:03:55.9031108Z remote: Compressing objects:  82% (924/1126)        
2026-02-03T06:03:55.9032432Z remote: Compressing objects:  83% (935/1126)        
2026-02-03T06:03:55.9034114Z remote: Compressing objects:  84% (946/1126)        
2026-02-03T06:03:55.9035414Z remote: Compressing objects:  85% (958/1126)        
2026-02-03T06:03:55.9036754Z remote: Compressing objects:  86% (969/1126)        
2026-02-03T06:03:55.9037788Z remote: Compressing objects:  87% (980/1126)        
2026-02-03T06:03:55.9039429Z remote: Compressing objects:  88% (991/1126)        
2026-02-03T06:03:55.9040856Z remote: Compressing objects:  89% (1003/1126)        
2026-02-03T06:03:55.9041862Z remote: Compressing objects:  90% (1014/1126)        
2026-02-03T06:03:55.9042696Z remote: Compressing objects:  91% (1025/1126)        
2026-02-03T06:03:55.9043764Z remote: Compressing objects:  92% (1036/1126)        
2026-02-03T06:03:55.9044594Z remote: Compressing objects:  93% (1048/1126)        
2026-02-03T06:03:55.9045418Z remote: Compressing objects:  94% (1059/1126)        
2026-02-03T06:03:55.9061172Z remote: Compressing objects:  95% (1070/1126)        
2026-02-03T06:03:55.9061913Z remote: Compressing objects:  96% (1081/1126)        
2026-02-03T06:03:55.9062544Z remote: Compressing objects:  97% (1093/1126)        
2026-02-03T06:03:55.9063385Z remote: Compressing objects:  98% (1104/1126)        
2026-02-03T06:03:55.9064031Z remote: Compressing objects:  99% (1115/1126)        
2026-02-03T06:03:55.9064650Z remote: Compressing objects: 100% (1126/1126)        
2026-02-03T06:03:55.9065289Z remote: Compressing objects: 100% (1126/1126), done.        
2026-02-03T06:03:55.9238295Z Receiving objects:   0% (1/1742)
2026-02-03T06:03:55.9392986Z Receiving objects:   1% (18/1742)
2026-02-03T06:03:56.1428780Z Receiving objects:   2% (35/1742)
2026-02-03T06:03:56.1640625Z Receiving objects:   3% (53/1742)
2026-02-03T06:03:56.1645619Z Receiving objects:   4% (70/1742)
2026-02-03T06:03:56.1650354Z Receiving objects:   5% (88/1742)
2026-02-03T06:03:56.1661027Z Receiving objects:   6% (105/1742)
2026-02-03T06:03:56.1672380Z Receiving objects:   7% (122/1742)
2026-02-03T06:03:56.1676410Z Receiving objects:   8% (140/1742)
2026-02-03T06:03:56.1681310Z Receiving objects:   9% (157/1742)
2026-02-03T06:03:56.1683714Z Receiving objects:  10% (175/1742)
2026-02-03T06:03:56.1738054Z Receiving objects:  11% (192/1742)
2026-02-03T06:03:56.1774189Z Receiving objects:  12% (210/1742)
2026-02-03T06:03:56.1781330Z Receiving objects:  13% (227/1742)
2026-02-03T06:03:56.1782676Z Receiving objects:  14% (244/1742)
2026-02-03T06:03:56.1783879Z Receiving objects:  15% (262/1742)
2026-02-03T06:03:56.1784635Z Receiving objects:  16% (279/1742)
2026-02-03T06:03:56.1785384Z Receiving objects:  17% (297/1742)
2026-02-03T06:03:56.1786132Z Receiving objects:  18% (314/1742)
2026-02-03T06:03:56.1818476Z Receiving objects:  19% (331/1742)
2026-02-03T06:03:56.1886821Z Receiving objects:  20% (349/1742)
2026-02-03T06:03:56.1896033Z Receiving objects:  21% (366/1742)
2026-02-03T06:03:56.1902865Z Receiving objects:  22% (384/1742)
2026-02-03T06:03:56.1907269Z Receiving objects:  23% (401/1742)
2026-02-03T06:03:56.1994243Z Receiving objects:  24% (419/1742)
2026-02-03T06:03:56.2019764Z Receiving objects:  25% (436/1742)
2026-02-03T06:03:56.2167609Z Receiving objects:  26% (453/1742)
2026-02-03T06:03:56.2292545Z Receiving objects:  27% (471/1742)
2026-02-03T06:03:56.2361521Z Receiving objects:  28% (488/1742)
2026-02-03T06:03:56.2371616Z Receiving objects:  29% (506/1742)
2026-02-03T06:03:56.2400371Z Receiving objects:  30% (523/1742)
2026-02-03T06:03:56.2562318Z Receiving objects:  31% (541/1742)
2026-02-03T06:03:56.2574418Z Receiving objects:  32% (558/1742)
2026-02-03T06:03:56.2633821Z Receiving objects:  33% (575/1742)
2026-02-03T06:03:56.2636770Z Receiving objects:  34% (593/1742)
2026-02-03T06:03:56.2638114Z Receiving objects:  35% (610/1742)
2026-02-03T06:03:56.2639734Z Receiving objects:  36% (628/1742)
2026-02-03T06:03:56.2641051Z Receiving objects:  37% (645/1742)
2026-02-03T06:03:56.2644762Z Receiving objects:  38% (662/1742)
2026-02-03T06:03:56.2648811Z Receiving objects:  39% (680/1742)
2026-02-03T06:03:56.2670538Z Receiving objects:  40% (697/1742)
2026-02-03T06:03:56.2678976Z Receiving objects:  41% (715/1742)
2026-02-03T06:03:56.2686264Z Receiving objects:  42% (732/1742)
2026-02-03T06:03:56.2693621Z Receiving objects:  43% (750/1742)
2026-02-03T06:03:56.2704006Z Receiving objects:  44% (767/1742)
2026-02-03T06:03:56.2712767Z Receiving objects:  45% (784/1742)
2026-02-03T06:03:56.2718549Z Receiving objects:  46% (802/1742)
2026-02-03T06:03:56.2738399Z Receiving objects:  47% (819/1742)
2026-02-03T06:03:56.2764221Z Receiving objects:  48% (837/1742)
2026-02-03T06:03:56.2774378Z Receiving objects:  49% (854/1742)
2026-02-03T06:03:56.2906552Z Receiving objects:  50% (871/1742)
2026-02-03T06:03:56.3030594Z Receiving objects:  51% (889/1742)
2026-02-03T06:03:56.3036042Z Receiving objects:  52% (906/1742)
2026-02-03T06:03:56.3099444Z Receiving objects:  53% (924/1742)
2026-02-03T06:03:56.3113679Z Receiving objects:  54% (941/1742)
2026-02-03T06:03:56.3131495Z Receiving objects:  55% (959/1742)
2026-02-03T06:03:56.3150355Z Receiving objects:  56% (976/1742)
2026-02-03T06:03:56.3160448Z Receiving objects:  57% (993/1742)
2026-02-03T06:03:56.3168048Z Receiving objects:  58% (1011/1742)
2026-02-03T06:03:56.3178481Z Receiving objects:  59% (1028/1742)
2026-02-03T06:03:56.3184037Z Receiving objects:  60% (1046/1742)
2026-02-03T06:03:56.3190319Z Receiving objects:  61% (1063/1742)
2026-02-03T06:03:56.3200958Z Receiving objects:  62% (1081/1742)
2026-02-03T06:03:56.3220525Z Receiving objects:  63% (1098/1742)
2026-02-03T06:03:56.3226985Z Receiving objects:  64% (1115/1742)
2026-02-03T06:03:56.3231922Z Receiving objects:  65% (1133/1742)
2026-02-03T06:03:56.3236487Z Receiving objects:  66% (1150/1742)
2026-02-03T06:03:56.3240188Z Receiving objects:  67% (1168/1742)
2026-02-03T06:03:56.3244727Z Receiving objects:  68% (1185/1742)
2026-02-03T06:03:56.3248918Z Receiving objects:  69% (1202/1742)
2026-02-03T06:03:56.3253586Z Receiving objects:  70% (1220/1742)
2026-02-03T06:03:56.3256455Z Receiving objects:  71% (1237/1742)
2026-02-03T06:03:56.3260978Z Receiving objects:  72% (1255/1742)
2026-02-03T06:03:56.3271740Z Receiving objects:  73% (1272/1742)
2026-02-03T06:03:56.3279873Z Receiving objects:  74% (1290/1742)
2026-02-03T06:03:56.3291211Z Receiving objects:  75% (1307/1742)
2026-02-03T06:03:56.3298657Z Receiving objects:  76% (1324/1742)
2026-02-03T06:03:56.3302714Z Receiving objects:  77% (1342/1742)
2026-02-03T06:03:56.3317196Z Receiving objects:  78% (1359/1742)
2026-02-03T06:03:56.3329331Z Receiving objects:  79% (1377/1742)
2026-02-03T06:03:56.3335555Z Receiving objects:  80% (1394/1742)
2026-02-03T06:03:56.3339854Z Receiving objects:  81% (1412/1742)
2026-02-03T06:03:56.3342874Z Receiving objects:  82% (1429/1742)
2026-02-03T06:03:56.3355537Z Receiving objects:  83% (1446/1742)
2026-02-03T06:03:56.3363456Z Receiving objects:  84% (1464/1742)
2026-02-03T06:03:56.3370779Z Receiving objects:  85% (1481/1742)
2026-02-03T06:03:56.3377594Z Receiving objects:  86% (1499/1742)
2026-02-03T06:03:56.3382558Z Receiving objects:  87% (1516/1742)
2026-02-03T06:03:56.3384915Z Receiving objects:  88% (1533/1742)
2026-02-03T06:03:56.3388262Z Receiving objects:  89% (1551/1742)
2026-02-03T06:03:56.3391601Z Receiving objects:  90% (1568/1742)
2026-02-03T06:03:56.3396531Z Receiving objects:  91% (1586/1742)
2026-02-03T06:03:56.3407881Z Receiving objects:  92% (1603/1742)
2026-02-03T06:03:56.3417424Z Receiving objects:  93% (1621/1742)
2026-02-03T06:03:56.3438886Z Receiving objects:  94% (1638/1742)
2026-02-03T06:03:56.3456438Z Receiving objects:  95% (1655/1742)
2026-02-03T06:03:56.3465056Z Receiving objects:  96% (1673/1742)
2026-02-03T06:03:56.3474283Z Receiving objects:  97% (1690/1742)
2026-02-03T06:03:56.3497742Z Receiving objects:  98% (1708/1742)
2026-02-03T06:03:56.3517978Z Receiving objects:  99% (1725/1742)
2026-02-03T06:03:56.3520401Z remote: Total 1742 (delta 600), reused 1303 (delta 539), pack-reused 0 (from 0)        
2026-02-03T06:03:56.3529082Z Receiving objects: 100% (1742/1742)
2026-02-03T06:03:56.3531100Z Receiving objects: 100% (1742/1742), 3.98 MiB | 9.27 MiB/s, done.
2026-02-03T06:03:56.3535788Z Resolving deltas:   0% (0/600)
2026-02-03T06:03:56.3537259Z Resolving deltas:   1% (6/600)
2026-02-03T06:03:56.3539748Z Resolving deltas:   2% (12/600)
2026-02-03T06:03:56.3541217Z Resolving deltas:   3% (18/600)
2026-02-03T06:03:56.3542977Z Resolving deltas:   4% (24/600)
2026-02-03T06:03:56.3546109Z Resolving deltas:   5% (30/600)
2026-02-03T06:03:56.3548593Z Resolving deltas:   6% (36/600)
2026-02-03T06:03:56.3554281Z Resolving deltas:   7% (43/600)
2026-02-03T06:03:56.3558595Z Resolving deltas:   8% (48/600)
2026-02-03T06:03:56.3560108Z Resolving deltas:   9% (54/600)
2026-02-03T06:03:56.3561509Z Resolving deltas:  10% (61/600)
2026-02-03T06:03:56.3562888Z Resolving deltas:  11% (66/600)
2026-02-03T06:03:56.3564435Z Resolving deltas:  12% (72/600)
2026-02-03T06:03:56.3565892Z Resolving deltas:  13% (78/600)
2026-02-03T06:03:56.3567337Z Resolving deltas:  14% (84/600)
2026-02-03T06:03:56.3568974Z Resolving deltas:  15% (90/600)
2026-02-03T06:03:56.3570383Z Resolving deltas:  16% (96/600)
2026-02-03T06:03:56.3571757Z Resolving deltas:  17% (102/600)
2026-02-03T06:03:56.3573328Z Resolving deltas:  18% (108/600)
2026-02-03T06:03:56.3574793Z Resolving deltas:  19% (114/600)
2026-02-03T06:03:56.3576216Z Resolving deltas:  20% (120/600)
2026-02-03T06:03:56.3577633Z Resolving deltas:  21% (126/600)
2026-02-03T06:03:56.3579069Z Resolving deltas:  22% (132/600)
2026-02-03T06:03:56.3580484Z Resolving deltas:  23% (138/600)
2026-02-03T06:03:56.3581876Z Resolving deltas:  24% (144/600)
2026-02-03T06:03:56.3583490Z Resolving deltas:  25% (151/600)
2026-02-03T06:03:56.3584899Z Resolving deltas:  26% (156/600)
2026-02-03T06:03:56.3586312Z Resolving deltas:  27% (162/600)
2026-02-03T06:03:56.3591208Z Resolving deltas:  28% (168/600)
2026-02-03T06:03:56.3596636Z Resolving deltas:  29% (174/600)
2026-02-03T06:03:56.3602624Z Resolving deltas:  30% (180/600)
2026-02-03T06:03:56.3606088Z Resolving deltas:  31% (186/600)
2026-02-03T06:03:56.3607341Z Resolving deltas:  32% (192/600)
2026-02-03T06:03:56.3610194Z Resolving deltas:  33% (199/600)
2026-02-03T06:03:56.3611992Z Resolving deltas:  34% (204/600)
2026-02-03T06:03:56.3613795Z Resolving deltas:  35% (210/600)
2026-02-03T06:03:56.3615347Z Resolving deltas:  36% (216/600)
2026-02-03T06:03:56.3616817Z Resolving deltas:  37% (222/600)
2026-02-03T06:03:56.3618379Z Resolving deltas:  38% (228/600)
2026-02-03T06:03:56.3626932Z Resolving deltas:  39% (234/600)
2026-02-03T06:03:56.3628440Z Resolving deltas:  40% (241/600)
2026-02-03T06:03:56.3629993Z Resolving deltas:  41% (247/600)
2026-02-03T06:03:56.3633762Z Resolving deltas:  42% (252/600)
2026-02-03T06:03:56.3638539Z Resolving deltas:  43% (258/600)
2026-02-03T06:03:56.3643959Z Resolving deltas:  44% (264/600)
2026-02-03T06:03:56.3647830Z Resolving deltas:  45% (270/600)
2026-02-03T06:03:56.3649810Z Resolving deltas:  46% (276/600)
2026-02-03T06:03:56.3651346Z Resolving deltas:  47% (282/600)
2026-02-03T06:03:56.3652926Z Resolving deltas:  48% (288/600)
2026-02-03T06:03:56.3655145Z Resolving deltas:  49% (294/600)
2026-02-03T06:03:56.3738103Z Resolving deltas:  50% (300/600)
2026-02-03T06:03:56.3740222Z Resolving deltas:  51% (306/600)
2026-02-03T06:03:56.3744942Z Resolving deltas:  52% (313/600)
2026-02-03T06:03:56.3746552Z Resolving deltas:  53% (318/600)
2026-02-03T06:03:56.3748052Z Resolving deltas:  54% (324/600)
2026-02-03T06:03:56.3749568Z Resolving deltas:  55% (330/600)
2026-02-03T06:03:56.3751051Z Resolving deltas:  56% (336/600)
2026-02-03T06:03:56.3752495Z Resolving deltas:  57% (342/600)
2026-02-03T06:03:56.3754135Z Resolving deltas:  58% (348/600)
2026-02-03T06:03:56.3755630Z Resolving deltas:  59% (354/600)
2026-02-03T06:03:56.3757088Z Resolving deltas:  60% (360/600)
2026-02-03T06:03:56.3758613Z Resolving deltas:  61% (366/600)
2026-02-03T06:03:56.3760101Z Resolving deltas:  62% (372/600)
2026-02-03T06:03:56.3761591Z Resolving deltas:  63% (378/600)
2026-02-03T06:03:56.3763056Z Resolving deltas:  64% (384/600)
2026-02-03T06:03:56.3764530Z Resolving deltas:  65% (390/600)
2026-02-03T06:03:56.3766001Z Resolving deltas:  66% (396/600)
2026-02-03T06:03:56.3767426Z Resolving deltas:  67% (402/600)
2026-02-03T06:03:56.3768908Z Resolving deltas:  68% (410/600)
2026-02-03T06:03:56.3770399Z Resolving deltas:  69% (414/600)
2026-02-03T06:03:56.3771876Z Resolving deltas:  70% (421/600)
2026-02-03T06:03:56.3773097Z Resolving deltas:  71% (426/600)
2026-02-03T06:03:56.3774414Z Resolving deltas:  72% (432/600)
2026-02-03T06:03:56.3775430Z Resolving deltas:  73% (438/600)
2026-02-03T06:03:56.3776391Z Resolving deltas:  74% (445/600)
2026-02-03T06:03:56.3777341Z Resolving deltas:  75% (451/600)
2026-02-03T06:03:56.3778297Z Resolving deltas:  76% (456/600)
2026-02-03T06:03:56.3779257Z Resolving deltas:  77% (462/600)
2026-02-03T06:03:56.3780211Z Resolving deltas:  78% (469/600)
2026-02-03T06:03:56.3781163Z Resolving deltas:  79% (474/600)
2026-02-03T06:03:56.3782111Z Resolving deltas:  80% (480/600)
2026-02-03T06:03:56.3788021Z Resolving deltas:  81% (486/600)
2026-02-03T06:03:56.3789225Z Resolving deltas:  82% (492/600)
2026-02-03T06:03:56.3790201Z Resolving deltas:  83% (498/600)
2026-02-03T06:03:56.3791223Z Resolving deltas:  84% (504/600)
2026-02-03T06:03:56.3792278Z Resolving deltas:  85% (510/600)
2026-02-03T06:03:56.3793896Z Resolving deltas:  86% (516/600)
2026-02-03T06:03:56.3795376Z Resolving deltas:  87% (523/600)
2026-02-03T06:03:56.3796877Z Resolving deltas:  88% (528/600)
2026-02-03T06:03:56.3798189Z Resolving deltas:  89% (534/600)
2026-02-03T06:03:56.3799151Z Resolving deltas:  90% (540/600)
2026-02-03T06:03:56.3800148Z Resolving deltas:  91% (546/600)
2026-02-03T06:03:56.3801182Z Resolving deltas:  92% (552/600)
2026-02-03T06:03:56.3802314Z Resolving deltas:  93% (558/600)
2026-02-03T06:03:56.3803834Z Resolving deltas:  94% (564/600)
2026-02-03T06:03:56.3805252Z Resolving deltas:  95% (570/600)
2026-02-03T06:03:56.3806697Z Resolving deltas:  96% (576/600)
2026-02-03T06:03:56.3808118Z Resolving deltas:  97% (582/600)
2026-02-03T06:03:56.3809590Z Resolving deltas:  98% (588/600)
2026-02-03T06:03:56.3811048Z Resolving deltas:  99% (594/600)
2026-02-03T06:03:56.3812475Z Resolving deltas: 100% (600/600)
2026-02-03T06:03:56.3813800Z Resolving deltas: 100% (600/600), done.
2026-02-03T06:03:56.3874430Z From https://github.com/CatAndHorse/puerts
2026-02-03T06:03:56.3877033Z  * [new ref]         c48138420d3e9c4f44ed1333965a63aa8ce39485 -> origin/unity-2.2.x
2026-02-03T06:03:56.3908253Z ##[debug]0
2026-02-03T06:03:56.3909480Z ##[debug]
2026-02-03T06:03:56.3911004Z ::endgroup::
2026-02-03T06:03:56.3911670Z ##[endgroup]
2026-02-03T06:03:56.3912889Z ::group::Determining the checkout info
2026-02-03T06:03:56.3914327Z ##[group]Determining the checkout info
2026-02-03T06:03:56.3916269Z ::endgroup::
2026-02-03T06:03:56.3916906Z ##[endgroup]
2026-02-03T06:03:56.3918074Z ::group::Checking out the ref
2026-02-03T06:03:56.3918938Z ##[group]Checking out the ref
2026-02-03T06:03:56.3920643Z [command]/usr/bin/git checkout --progress --force -B unity-2.2.x refs/remotes/origin/unity-2.2.x
2026-02-03T06:03:56.4999806Z Switched to a new branch 'unity-2.2.x'
2026-02-03T06:03:56.5001921Z branch 'unity-2.2.x' set up to track 'origin/unity-2.2.x'.
2026-02-03T06:03:56.5012349Z ##[debug]0
2026-02-03T06:03:56.5014161Z ##[debug]branch 'unity-2.2.x' set up to track 'origin/unity-2.2.x'.
2026-02-03T06:03:56.5015518Z ##[debug]
2026-02-03T06:03:56.5016721Z ::endgroup::
2026-02-03T06:03:56.5017387Z ##[endgroup]
2026-02-03T06:03:56.5045871Z ##[debug]0
2026-02-03T06:03:56.5047637Z ##[debug]commit c48138420d3e9c4f44ed1333965a63aa8ce39485
2026-02-03T06:03:56.5049548Z ##[debug]Author: chexiongsheng <johnche@tencent.com>
2026-02-03T06:03:56.5050827Z ##[debug]Date:   Wed Jan 14 13:52:05 2026 +0800
2026-02-03T06:03:56.5051847Z ##[debug]
2026-02-03T06:03:56.5052752Z ##[debug]    workflow串行和超时
2026-02-03T06:03:56.5053808Z ##[debug]
2026-02-03T06:03:56.5054618Z [command]/usr/bin/git log -1 --format='%H'
2026-02-03T06:03:56.5070597Z 'c48138420d3e9c4f44ed1333965a63aa8ce39485'
2026-02-03T06:03:56.5075687Z ##[debug]0
2026-02-03T06:03:56.5077060Z ##[debug]'c48138420d3e9c4f44ed1333965a63aa8ce39485'
2026-02-03T06:03:56.5078154Z ##[debug]
2026-02-03T06:03:56.5079964Z ##[debug]Unsetting HOME override
2026-02-03T06:03:56.5087947Z ::remove-matcher owner=checkout-git::
2026-02-03T06:03:56.5099306Z ##[debug]Removed matchers: 'checkout-git'
2026-02-03T06:03:56.5151155Z ##[debug]Node Action run completed with exit code 0
2026-02-03T06:03:56.5188393Z ##[debug]Save intra-action state isPost = true
2026-02-03T06:03:56.5189803Z ##[debug]Save intra-action state setSafeDirectory = true
2026-02-03T06:03:56.5191523Z ##[debug]Save intra-action state repositoryPath = /home/runner/work/puerts/puerts
2026-02-03T06:03:56.5200588Z ##[debug]Finishing: Run actions/checkout@v3
2026-02-03T06:03:56.5226388Z ##[debug]Evaluating condition for step: 'BuildLinux'
2026-02-03T06:03:56.5230501Z ##[debug]Evaluating: success()
2026-02-03T06:03:56.5231688Z ##[debug]Evaluating success:
2026-02-03T06:03:56.5232925Z ##[debug]=> true
2026-02-03T06:03:56.5234214Z ##[debug]Result: true
2026-02-03T06:03:56.5235739Z ##[debug]Starting: BuildLinux
2026-02-03T06:03:56.5425518Z Prepare all required actions
2026-02-03T06:03:56.5426603Z Getting action download info
2026-02-03T06:03:56.7119077Z Download action repository 'actions/upload-artifact@v4' (SHA:ea165f8d65b6e75b540449e92b4886f43607fa02)
2026-02-03T06:03:56.7174264Z ##[debug]Copied action archive '/opt/actionarchivecache/actions_upload-artifact/ea165f8d65b6e75b540449e92b4886f43607fa02.tar.gz' to '/home/runner/work/_actions/_temp_77ea33cc-a650-4bf3-b52c-51ccbec44f5e/f45f8009-dc6e-4a4a-9d70-703ec4830ee4.tar.gz'
2026-02-03T06:03:56.7870704Z ##[debug]Unwrap 'actions-upload-artifact-ea165f8' to '/home/runner/work/_actions/actions/upload-artifact/v4'
2026-02-03T06:03:56.8206746Z ##[debug]Archive '/home/runner/work/_actions/_temp_77ea33cc-a650-4bf3-b52c-51ccbec44f5e/f45f8009-dc6e-4a4a-9d70-703ec4830ee4.tar.gz' has been unzipped into '/home/runner/work/_actions/actions/upload-artifact/v4'.
2026-02-03T06:03:56.8274042Z ##[debug]action.yml for action: '/home/runner/work/_actions/actions/upload-artifact/v4/action.yml'.
2026-02-03T06:03:56.8377502Z ##[debug]Loading inputs
2026-02-03T06:03:56.8381154Z ##[debug]Evaluating: secrets.GITHUB_TOKEN
2026-02-03T06:03:56.8381705Z ##[debug]Evaluating Index:
2026-02-03T06:03:56.8382136Z ##[debug]..Evaluating secrets:
2026-02-03T06:03:56.8382624Z ##[debug]..=> Object
2026-02-03T06:03:56.8383043Z ##[debug]..Evaluating String:
2026-02-03T06:03:56.8383673Z ##[debug]..=> 'GITHUB_TOKEN'
2026-02-03T06:03:56.8384485Z ##[debug]=> '***'
2026-02-03T06:03:56.8385011Z ##[debug]Result: '***'
2026-02-03T06:03:56.8389474Z ##[debug]Loading env
2026-02-03T06:03:56.8400269Z ##[group]Run ./.github/workflows/composites/unity-build-plugins/linux/
2026-02-03T06:03:56.8400849Z with:
2026-02-03T06:03:56.8401388Z   github_token: ***
2026-02-03T06:03:56.8401757Z   backend: v8_9.4.146.24
2026-02-03T06:03:56.8402129Z   config: Release
2026-02-03T06:03:56.8402478Z   websocket: 0
2026-02-03T06:03:56.8402824Z   build_proj_dir: native_src
2026-02-03T06:03:56.8403362Z env:
2026-02-03T06:03:56.8403690Z   RUNID: 613573412
2026-02-03T06:03:56.8404038Z ##[endgroup]
2026-02-03T06:03:56.8452880Z ##[debug]Evaluating condition for step: 'run'
2026-02-03T06:03:56.8454837Z ##[debug]Evaluating: success()
2026-02-03T06:03:56.8455410Z ##[debug]Evaluating success:
2026-02-03T06:03:56.8456377Z ##[debug]=> true
2026-02-03T06:03:56.8456975Z ##[debug]Result: true
2026-02-03T06:03:56.8465004Z ##[debug]Starting: run
2026-02-03T06:03:56.8475410Z ##[debug]Loading inputs
2026-02-03T06:03:56.8476790Z ##[debug]Loading env
2026-02-03T06:03:56.8491450Z ##[group]Run sudo apt-get install clang
2026-02-03T06:03:56.8491968Z [36;1msudo apt-get install clang[0m
2026-02-03T06:03:56.8492414Z [36;1msudo apt-get install libc++-dev[0m
2026-02-03T06:03:56.8492848Z [36;1msudo apt-get install libc++abi-dev[0m
2026-02-03T06:03:56.8529127Z shell: /usr/bin/bash --noprofile --norc -e -o pipefail {0}
2026-02-03T06:03:56.8529643Z env:
2026-02-03T06:03:56.8529948Z   RUNID: 613573412
2026-02-03T06:03:56.8530278Z ##[endgroup]
2026-02-03T06:03:56.8582072Z ##[debug]/usr/bin/bash --noprofile --norc -e -o pipefail /home/runner/work/_temp/7d802712-75b1-4c0e-9978-5f263cc91b14.sh
2026-02-03T06:03:56.8828096Z Reading package lists...
2026-02-03T06:03:57.0931012Z Building dependency tree...
2026-02-03T06:03:57.0939124Z Reading state information...
2026-02-03T06:03:57.3185153Z The following NEW packages will be installed:
2026-02-03T06:03:57.3193088Z   clang
2026-02-03T06:03:57.3496049Z 0 upgraded, 1 newly installed, 0 to remove and 65 not upgraded.
2026-02-03T06:03:57.3496851Z Need to get 5846 B of archives.
2026-02-03T06:03:57.3497372Z After this operation, 20.5 kB of additional disk space will be used.
2026-02-03T06:03:57.3498321Z Get:1 file:/etc/apt/apt-mirrors.txt Mirrorlist [144 B]
2026-02-03T06:03:57.4526747Z Get:2 http://azure.archive.ubuntu.com/ubuntu noble/universe amd64 clang amd64 1:18.0-59~exp2 [5846 B]
2026-02-03T06:03:57.7225846Z Fetched 5846 B in 0s (46.0 kB/s)
2026-02-03T06:03:57.8063486Z Selecting previously unselected package clang.
2026-02-03T06:03:57.9210746Z (Reading database ... 
2026-02-03T06:03:57.9211458Z (Reading database ... 5%
2026-02-03T06:03:57.9211933Z (Reading database ... 10%
2026-02-03T06:03:57.9213499Z (Reading database ... 15%
2026-02-03T06:03:57.9214044Z (Reading database ... 20%
2026-02-03T06:03:57.9214638Z (Reading database ... 25%
2026-02-03T06:03:57.9215089Z (Reading database ... 30%
2026-02-03T06:03:57.9215502Z (Reading database ... 35%
2026-02-03T06:03:57.9215907Z (Reading database ... 40%
2026-02-03T06:03:57.9216341Z (Reading database ... 45%
2026-02-03T06:03:57.9216768Z (Reading database ... 50%
2026-02-03T06:03:58.0099425Z (Reading database ... 55%
2026-02-03T06:03:58.4237410Z (Reading database ... 60%
2026-02-03T06:03:58.5902319Z (Reading database ... 65%
2026-02-03T06:03:58.7097677Z (Reading database ... 70%
2026-02-03T06:03:58.8976704Z (Reading database ... 75%
2026-02-03T06:03:59.6942898Z (Reading database ... 80%
2026-02-03T06:04:00.5461114Z (Reading database ... 85%
2026-02-03T06:04:01.3599080Z (Reading database ... 90%
2026-02-03T06:04:02.2350083Z (Reading database ... 95%
2026-02-03T06:04:02.2352486Z (Reading database ... 100%
2026-02-03T06:04:02.2353681Z (Reading database ... 217639 files and directories currently installed.)
2026-02-03T06:04:02.2398067Z Preparing to unpack .../clang_1%3a18.0-59~exp2_amd64.deb ...
2026-02-03T06:04:02.2430043Z Unpacking clang (1:18.0-59~exp2) ...
2026-02-03T06:04:02.3068628Z Setting up clang (1:18.0-59~exp2) ...
2026-02-03T06:04:02.3527979Z Processing triggers for man-db (2.12.0-4build2) ...
2026-02-03T06:04:02.3655250Z Not building database; man-db/auto-update is not 'true'.
2026-02-03T06:04:03.9890196Z 
2026-02-03T06:04:03.9891049Z Running kernel seems to be up-to-date.
2026-02-03T06:04:03.9891431Z 
2026-02-03T06:04:03.9891587Z No services need to be restarted.
2026-02-03T06:04:03.9891851Z 
2026-02-03T06:04:03.9892006Z No containers need to be restarted.
2026-02-03T06:04:03.9892277Z 
2026-02-03T06:04:03.9892454Z No user sessions are running outdated binaries.
2026-02-03T06:04:03.9892774Z 
2026-02-03T06:04:03.9893081Z No VM guests are running outdated hypervisor (qemu) binaries on this host.
2026-02-03T06:04:05.1585389Z Reading package lists...
2026-02-03T06:04:05.3432744Z Building dependency tree...
2026-02-03T06:04:05.3440599Z Reading state information...
2026-02-03T06:04:05.4975407Z The following additional packages will be installed:
2026-02-03T06:04:05.4984497Z   libc++-18-dev libc++1-18 libc++abi-18-dev libc++abi1-18 libunwind-18
2026-02-03T06:04:05.4985549Z   libunwind-18-dev
2026-02-03T06:04:05.5214909Z The following NEW packages will be installed:
2026-02-03T06:04:05.5218508Z   libc++-18-dev libc++-dev libc++1-18 libc++abi-18-dev libc++abi1-18
2026-02-03T06:04:05.5221659Z   libunwind-18 libunwind-18-dev
2026-02-03T06:04:05.5394860Z 0 upgraded, 7 newly installed, 0 to remove and 65 not upgraded.
2026-02-03T06:04:05.5395495Z Need to get 1757 kB of archives.
2026-02-03T06:04:05.5396042Z After this operation, 14.1 MB of additional disk space will be used.
2026-02-03T06:04:05.5396706Z Get:1 file:/etc/apt/apt-mirrors.txt Mirrorlist [144 B]
2026-02-03T06:04:05.6248753Z Get:2 http://azure.archive.ubuntu.com/ubuntu noble-updates/universe amd64 libunwind-18 amd64 1:18.1.3-1ubuntu1 [60.3 kB]
2026-02-03T06:04:05.6868564Z Get:3 http://azure.archive.ubuntu.com/ubuntu noble-updates/universe amd64 libc++abi1-18 amd64 1:18.1.3-1ubuntu1 [70.7 kB]
2026-02-03T06:04:05.7487667Z Get:4 http://azure.archive.ubuntu.com/ubuntu noble-updates/universe amd64 libc++1-18 amd64 1:18.1.3-1ubuntu1 [285 kB]
2026-02-03T06:04:05.8132562Z Get:5 http://azure.archive.ubuntu.com/ubuntu noble-updates/universe amd64 libc++abi-18-dev amd64 1:18.1.3-1ubuntu1 [95.8 kB]
2026-02-03T06:04:05.8762012Z Get:6 http://azure.archive.ubuntu.com/ubuntu noble-updates/universe amd64 libunwind-18-dev amd64 1:18.1.3-1ubuntu1 [44.9 kB]
2026-02-03T06:04:05.9410644Z Get:7 http://azure.archive.ubuntu.com/ubuntu noble-updates/universe amd64 libc++-18-dev amd64 1:18.1.3-1ubuntu1 [1195 kB]
2026-02-03T06:04:06.0299637Z Get:8 http://azure.archive.ubuntu.com/ubuntu noble/universe amd64 libc++-dev amd64 1:18.0-59~exp2 [5620 B]
2026-02-03T06:04:06.2883971Z Fetched 1757 kB in 1s (3506 kB/s)
2026-02-03T06:04:06.3082716Z Selecting previously unselected package libunwind-18:amd64.
2026-02-03T06:04:06.3135734Z (Reading database ... 
2026-02-03T06:04:06.3136186Z (Reading database ... 5%
2026-02-03T06:04:06.3136471Z (Reading database ... 10%
2026-02-03T06:04:06.3136758Z (Reading database ... 15%
2026-02-03T06:04:06.3137016Z (Reading database ... 20%
2026-02-03T06:04:06.3137263Z (Reading database ... 25%
2026-02-03T06:04:06.3137514Z (Reading database ... 30%
2026-02-03T06:04:06.3137766Z (Reading database ... 35%
2026-02-03T06:04:06.3138033Z (Reading database ... 40%
2026-02-03T06:04:06.3138279Z (Reading database ... 45%
2026-02-03T06:04:06.3138529Z (Reading database ... 50%
2026-02-03T06:04:06.3151660Z (Reading database ... 55%
2026-02-03T06:04:06.3259793Z (Reading database ... 60%
2026-02-03T06:04:06.3284258Z (Reading database ... 65%
2026-02-03T06:04:06.3301345Z (Reading database ... 70%
2026-02-03T06:04:06.3325384Z (Reading database ... 75%
2026-02-03T06:04:06.3362178Z (Reading database ... 80%
2026-02-03T06:04:06.3513831Z (Reading database ... 85%
2026-02-03T06:04:06.3561608Z (Reading database ... 90%
2026-02-03T06:04:06.3837563Z (Reading database ... 95%
2026-02-03T06:04:06.3838078Z (Reading database ... 100%
2026-02-03T06:04:06.3838552Z (Reading database ... 217646 files and directories currently installed.)
2026-02-03T06:04:06.3879557Z Preparing to unpack .../0-libunwind-18_1%3a18.1.3-1ubuntu1_amd64.deb ...
2026-02-03T06:04:06.3906737Z Unpacking libunwind-18:amd64 (1:18.1.3-1ubuntu1) ...
2026-02-03T06:04:06.4325836Z Selecting previously unselected package libc++abi1-18:amd64.
2026-02-03T06:04:06.4458019Z Preparing to unpack .../1-libc++abi1-18_1%3a18.1.3-1ubuntu1_amd64.deb ...
2026-02-03T06:04:06.4468809Z Unpacking libc++abi1-18:amd64 (1:18.1.3-1ubuntu1) ...
2026-02-03T06:04:06.4801268Z Selecting previously unselected package libc++1-18:amd64.
2026-02-03T06:04:06.4938706Z Preparing to unpack .../2-libc++1-18_1%3a18.1.3-1ubuntu1_amd64.deb ...
2026-02-03T06:04:06.4950472Z Unpacking libc++1-18:amd64 (1:18.1.3-1ubuntu1) ...
2026-02-03T06:04:06.5288512Z Selecting previously unselected package libc++abi-18-dev:amd64.
2026-02-03T06:04:06.5424580Z Preparing to unpack .../3-libc++abi-18-dev_1%3a18.1.3-1ubuntu1_amd64.deb ...
2026-02-03T06:04:06.5437873Z Unpacking libc++abi-18-dev:amd64 (1:18.1.3-1ubuntu1) ...
2026-02-03T06:04:06.5701455Z Selecting previously unselected package libunwind-18-dev:amd64.
2026-02-03T06:04:06.5836477Z Preparing to unpack .../4-libunwind-18-dev_1%3a18.1.3-1ubuntu1_amd64.deb ...
2026-02-03T06:04:06.5849250Z Unpacking libunwind-18-dev:amd64 (1:18.1.3-1ubuntu1) ...
2026-02-03T06:04:06.6113741Z Selecting previously unselected package libc++-18-dev:amd64.
2026-02-03T06:04:06.6245749Z Preparing to unpack .../5-libc++-18-dev_1%3a18.1.3-1ubuntu1_amd64.deb ...
2026-02-03T06:04:06.6258882Z Unpacking libc++-18-dev:amd64 (1:18.1.3-1ubuntu1) ...
2026-02-03T06:04:06.8571550Z Selecting previously unselected package libc++-dev:amd64.
2026-02-03T06:04:06.8710122Z Preparing to unpack .../6-libc++-dev_1%3a18.0-59~exp2_amd64.deb ...
2026-02-03T06:04:06.8720748Z Unpacking libc++-dev:amd64 (1:18.0-59~exp2) ...
2026-02-03T06:04:06.9119059Z Setting up libunwind-18:amd64 (1:18.1.3-1ubuntu1) ...
2026-02-03T06:04:06.9148772Z Setting up libc++abi1-18:amd64 (1:18.1.3-1ubuntu1) ...
2026-02-03T06:04:06.9175929Z Setting up libc++1-18:amd64 (1:18.1.3-1ubuntu1) ...
2026-02-03T06:04:06.9202449Z Setting up libunwind-18-dev:amd64 (1:18.1.3-1ubuntu1) ...
2026-02-03T06:04:06.9229014Z Setting up libc++abi-18-dev:amd64 (1:18.1.3-1ubuntu1) ...
2026-02-03T06:04:06.9258408Z Setting up libc++-18-dev:amd64 (1:18.1.3-1ubuntu1) ...
2026-02-03T06:04:06.9292164Z Setting up libc++-dev:amd64 (1:18.0-59~exp2) ...
2026-02-03T06:04:06.9324965Z Processing triggers for libc-bin (2.39-0ubuntu8.6) ...
2026-02-03T06:04:07.5495574Z 
2026-02-03T06:04:07.5496267Z Running kernel seems to be up-to-date.
2026-02-03T06:04:07.5496676Z 
2026-02-03T06:04:07.5496844Z No services need to be restarted.
2026-02-03T06:04:07.5497169Z 
2026-02-03T06:04:07.5497354Z No containers need to be restarted.
2026-02-03T06:04:07.5497668Z 
2026-02-03T06:04:07.5497881Z No user sessions are running outdated binaries.
2026-02-03T06:04:07.5498306Z 
2026-02-03T06:04:07.5498657Z No VM guests are running outdated hypervisor (qemu) binaries on this host.
2026-02-03T06:04:08.5434574Z Reading package lists...
2026-02-03T06:04:08.7368976Z Building dependency tree...
2026-02-03T06:04:08.7376646Z Reading state information...
2026-02-03T06:04:08.9206713Z The following NEW packages will be installed:
2026-02-03T06:04:08.9211919Z   libc++abi-dev
2026-02-03T06:04:08.9377627Z 0 upgraded, 1 newly installed, 0 to remove and 65 not upgraded.
2026-02-03T06:04:08.9378233Z Need to get 5622 B of archives.
2026-02-03T06:04:08.9378772Z After this operation, 14.3 kB of additional disk space will be used.
2026-02-03T06:04:08.9379382Z Get:1 file:/etc/apt/apt-mirrors.txt Mirrorlist [144 B]
2026-02-03T06:04:09.0226697Z Get:2 http://azure.archive.ubuntu.com/ubuntu noble/universe amd64 libc++abi-dev amd64 1:18.0-59~exp2 [5622 B]
2026-02-03T06:04:09.2830020Z Fetched 5622 B in 0s (59.2 kB/s)
2026-02-03T06:04:09.3020020Z Selecting previously unselected package libc++abi-dev:amd64.
2026-02-03T06:04:09.3072176Z (Reading database ... 
2026-02-03T06:04:09.3072581Z (Reading database ... 5%
2026-02-03T06:04:09.3072967Z (Reading database ... 10%
2026-02-03T06:04:09.3073483Z (Reading database ... 15%
2026-02-03T06:04:09.3073747Z (Reading database ... 20%
2026-02-03T06:04:09.3073985Z (Reading database ... 25%
2026-02-03T06:04:09.3074231Z (Reading database ... 30%
2026-02-03T06:04:09.3074463Z (Reading database ... 35%
2026-02-03T06:04:09.3074694Z (Reading database ... 40%
2026-02-03T06:04:09.3074926Z (Reading database ... 45%
2026-02-03T06:04:09.3075159Z (Reading database ... 50%
2026-02-03T06:04:09.3090147Z (Reading database ... 55%
2026-02-03T06:04:09.3190854Z (Reading database ... 60%
2026-02-03T06:04:09.3213638Z (Reading database ... 65%
2026-02-03T06:04:09.3229516Z (Reading database ... 70%
2026-02-03T06:04:09.3251802Z (Reading database ... 75%
2026-02-03T06:04:09.3286167Z (Reading database ... 80%
2026-02-03T06:04:09.3438204Z (Reading database ... 85%
2026-02-03T06:04:09.3486013Z (Reading database ... 90%
2026-02-03T06:04:09.3757590Z (Reading database ... 95%
2026-02-03T06:04:09.3758064Z (Reading database ... 100%
2026-02-03T06:04:09.3758700Z (Reading database ... 218930 files and directories currently installed.)
2026-02-03T06:04:09.3800141Z Preparing to unpack .../libc++abi-dev_1%3a18.0-59~exp2_amd64.deb ...
2026-02-03T06:04:09.3813522Z Unpacking libc++abi-dev:amd64 (1:18.0-59~exp2) ...
2026-02-03T06:04:09.4200093Z Setting up libc++abi-dev:amd64 (1:18.0-59~exp2) ...
2026-02-03T06:04:09.9718327Z 
2026-02-03T06:04:09.9718812Z Running kernel seems to be up-to-date.
2026-02-03T06:04:09.9719188Z 
2026-02-03T06:04:09.9719363Z No services need to be restarted.
2026-02-03T06:04:09.9719638Z 
2026-02-03T06:04:09.9719780Z No containers need to be restarted.
2026-02-03T06:04:09.9720063Z 
2026-02-03T06:04:09.9720251Z No user sessions are running outdated binaries.
2026-02-03T06:04:09.9720572Z 
2026-02-03T06:04:09.9720863Z No VM guests are running outdated hypervisor (qemu) binaries on this host.
2026-02-03T06:04:10.9232264Z ##[debug]Finished: run
2026-02-03T06:04:10.9238070Z ##[debug]Evaluating condition for step: 'run'
2026-02-03T06:04:10.9241157Z ##[debug]Evaluating: success()
2026-02-03T06:04:10.9241508Z ##[debug]Evaluating success:
2026-02-03T06:04:10.9241959Z ##[debug]=> true
2026-02-03T06:04:10.9242364Z ##[debug]Result: true
2026-02-03T06:04:10.9246787Z ##[debug]Starting: run
2026-02-03T06:04:10.9257164Z ##[debug]Loading inputs
2026-02-03T06:04:10.9263047Z ##[debug]Evaluating: format('cd unity
2026-02-03T06:04:10.9263667Z ##[debug]npm i
2026-02-03T06:04:10.9263842Z ##[debug]cd {0}
2026-02-03T06:04:10.9264203Z ##[debug]node ../cli make --platform linux --arch x64 --backend {1} --config {2} --websocket {3}
2026-02-03T06:04:10.9264766Z ##[debug]', inputs.build_proj_dir, inputs.backend, inputs.config, inputs.websocket)
2026-02-03T06:04:10.9265173Z ##[debug]Evaluating format:
2026-02-03T06:04:10.9268782Z ##[debug]..Evaluating String:
2026-02-03T06:04:10.9269090Z ##[debug]..=> 'cd unity
2026-02-03T06:04:10.9269298Z ##[debug]npm i
2026-02-03T06:04:10.9269473Z ##[debug]cd {0}
2026-02-03T06:04:10.9269829Z ##[debug]node ../cli make --platform linux --arch x64 --backend {1} --config {2} --websocket {3}
2026-02-03T06:04:10.9270253Z ##[debug]'
2026-02-03T06:04:10.9282168Z ##[debug]..Evaluating Index:
2026-02-03T06:04:10.9282442Z ##[debug]....Evaluating inputs:
2026-02-03T06:04:10.9282723Z ##[debug]....=> Object
2026-02-03T06:04:10.9282968Z ##[debug]....Evaluating String:
2026-02-03T06:04:10.9283456Z ##[debug]....=> 'build_proj_dir'
2026-02-03T06:04:10.9283752Z ##[debug]..=> 'native_src'
2026-02-03T06:04:10.9284603Z ##[debug]..Evaluating Index:
2026-02-03T06:04:10.9284856Z ##[debug]....Evaluating inputs:
2026-02-03T06:04:10.9285107Z ##[debug]....=> Object
2026-02-03T06:04:10.9285324Z ##[debug]....Evaluating String:
2026-02-03T06:04:10.9285555Z ##[debug]....=> 'backend'
2026-02-03T06:04:10.9285788Z ##[debug]..=> 'v8_9.4.146.24'
2026-02-03T06:04:10.9286033Z ##[debug]..Evaluating Index:
2026-02-03T06:04:10.9286261Z ##[debug]....Evaluating inputs:
2026-02-03T06:04:10.9286481Z ##[debug]....=> Object
2026-02-03T06:04:10.9286676Z ##[debug]....Evaluating String:
2026-02-03T06:04:10.9286886Z ##[debug]....=> 'config'
2026-02-03T06:04:10.9287126Z ##[debug]..=> 'Release'
2026-02-03T06:04:10.9287335Z ##[debug]..Evaluating Index:
2026-02-03T06:04:10.9287546Z ##[debug]....Evaluating inputs:
2026-02-03T06:04:10.9287765Z ##[debug]....=> Object
2026-02-03T06:04:10.9287956Z ##[debug]....Evaluating String:
2026-02-03T06:04:10.9288166Z ##[debug]....=> 'websocket'
2026-02-03T06:04:10.9288386Z ##[debug]..=> '0'
2026-02-03T06:04:10.9288664Z ##[debug]=> 'cd unity
2026-02-03T06:04:10.9288846Z ##[debug]npm i
2026-02-03T06:04:10.9289017Z ##[debug]cd native_src
2026-02-03T06:04:10.9289419Z ##[debug]node ../cli make --platform linux --arch x64 --backend v8_9.4.146.24 --config Release --websocket 0
2026-02-03T06:04:10.9289860Z ##[debug]'
2026-02-03T06:04:10.9290046Z ##[debug]Result: 'cd unity
2026-02-03T06:04:10.9290243Z ##[debug]npm i
2026-02-03T06:04:10.9290415Z ##[debug]cd native_src
2026-02-03T06:04:10.9290797Z ##[debug]node ../cli make --platform linux --arch x64 --backend v8_9.4.146.24 --config Release --websocket 0
2026-02-03T06:04:10.9291225Z ##[debug]'
2026-02-03T06:04:10.9291762Z ##[debug]Loading env
2026-02-03T06:04:10.9295907Z ##[group]Run cd unity
2026-02-03T06:04:10.9296114Z [36;1mcd unity[0m
2026-02-03T06:04:10.9296294Z [36;1mnpm i[0m
2026-02-03T06:04:10.9296466Z [36;1mcd native_src[0m
2026-02-03T06:04:10.9296922Z [36;1mnode ../cli make --platform linux --arch x64 --backend v8_9.4.146.24 --config Release --websocket 0[0m
2026-02-03T06:04:10.9330635Z shell: /usr/bin/bash --noprofile --norc -e -o pipefail {0}
2026-02-03T06:04:10.9330946Z env:
2026-02-03T06:04:10.9331121Z   RUNID: 613573412
2026-02-03T06:04:10.9331297Z ##[endgroup]
2026-02-03T06:04:10.9364819Z ##[debug]/usr/bin/bash --noprofile --norc -e -o pipefail /home/runner/work/_temp/704bb11e-aedd-4ada-a203-e26de156b11e.sh
2026-02-03T06:04:16.7072641Z npm warn deprecated inflight@1.0.6: This module is not supported, and leaks memory. Do not use it. Check out lru-cache if you want a good and tested way to coalesce async requests by a key value, which is much more comprehensive and powerful.
2026-02-03T06:04:16.7556504Z npm warn deprecated @types/iconv-lite@0.0.1: This is a stub types definition for iconv-lite (https://github.com/ashtuchkin/iconv-lite). iconv-lite provides its own type definitions, so you don\'t need @types/iconv-lite installed!
2026-02-03T06:04:16.7649852Z npm warn deprecated glob@7.2.3: Glob versions prior to v9 are no longer supported
2026-02-03T06:04:16.8212503Z npm warn deprecated glob@8.1.0: Glob versions prior to v9 are no longer supported
2026-02-03T06:04:17.4896811Z 
2026-02-03T06:04:17.4897320Z added 88 packages, and audited 89 packages in 4s
2026-02-03T06:04:17.4897758Z 
2026-02-03T06:04:17.4897853Z 22 packages are looking for funding
2026-02-03T06:04:17.4898148Z   run `npm fund` for details
2026-02-03T06:04:17.4963381Z 
2026-02-03T06:04:17.4963635Z 6 vulnerabilities (1 low, 4 high, 1 critical)
2026-02-03T06:04:17.4963928Z 
2026-02-03T06:04:17.4964035Z To address all issues, run:
2026-02-03T06:04:17.4964306Z   npm audit fix
2026-02-03T06:04:17.4964443Z 
2026-02-03T06:04:17.4964542Z Run `npm audit` for details.
2026-02-03T06:04:17.8536848Z cmake --version
2026-02-03T06:04:18.4652498Z [Puer] downloading v8_9.4.146.24 from https://github.com/puerts/backend-v8/releases/download/V8_9.4.146.24__241009/v8_bin_9.4.146.24.tgz
2026-02-03T06:04:27.9236589Z 
2026-02-03T06:04:35.8862231Z Downloaded and extracted to /home/runner/work/puerts/puerts/unity/native_src/.backends
2026-02-03T06:04:35.8895402Z cmake -DBACKEND_DEFINITIONS="V8_94_OR_NEWER" -DBACKEND_LIB_NAMES="/Lib/Linux/libwee8.a" -DBACKEND_INC_NAMES="/Inc" -DWITH_WEBSOCKET=0 -DWITH_SYMBOLS=OFF -DJS_ENGINE=v8_9.4.146.24 -DCMAKE_VERBOSE_MAKEFILE:BOOL=ON -DCMAKE_BUILD_TYPE=Release ..
2026-02-03T06:04:36.3051253Z -- The C compiler identification is GNU 13.3.0
2026-02-03T06:04:36.4733889Z -- The CXX compiler identification is GNU 13.3.0
2026-02-03T06:04:36.5952796Z -- Detecting C compiler ABI info
2026-02-03T06:04:36.8240050Z -- Detecting C compiler ABI info - done
2026-02-03T06:04:36.8414671Z -- Check for working C compiler: /usr/bin/cc - skipped
2026-02-03T06:04:36.8474698Z -- Detecting C compile features
2026-02-03T06:04:36.8537610Z -- Detecting C compile features - done
2026-02-03T06:04:36.8962577Z -- Detecting CXX compiler ABI info
2026-02-03T06:04:36.9743454Z -- Detecting CXX compiler ABI info - done
2026-02-03T06:04:36.9918658Z -- Check for working CXX compiler: /usr/bin/c++ - skipped
2026-02-03T06:04:36.9922496Z -- Detecting CXX compile features
2026-02-03T06:04:36.9929624Z -- Detecting CXX compile features - done
2026-02-03T06:04:37.0265490Z -- Configuring done (1.1s)
2026-02-03T06:04:37.0319962Z -- Generating done (0.0s)
2026-02-03T06:04:37.0323546Z -- Build files have been written to: /home/runner/work/puerts/puerts/unity/native_src/build_linux_x64_v8_9.4.146.24
2026-02-03T06:04:37.0415548Z cmake --build /home/runner/work/puerts/puerts/unity/native_src/build_linux_x64_v8_9.4.146.24 --config Release
2026-02-03T06:04:37.0754490Z Change Dir: '/home/runner/work/puerts/puerts/unity/native_src/build_linux_x64_v8_9.4.146.24'
2026-02-03T06:04:37.0755205Z 
2026-02-03T06:04:37.0755656Z Run Build Command(s): /usr/local/bin/cmake -E env VERBOSE=1 /usr/bin/gmake -f Makefile
2026-02-03T06:04:37.0759995Z /usr/local/bin/cmake -S/home/runner/work/puerts/puerts/unity/native_src -B/home/runner/work/puerts/puerts/unity/native_src/build_linux_x64_v8_9.4.146.24 --check-build-system CMakeFiles/Makefile.cmake 0
2026-02-03T06:04:37.0777495Z /usr/local/bin/cmake -E cmake_progress_start /home/runner/work/puerts/puerts/unity/native_src/build_linux_x64_v8_9.4.146.24/CMakeFiles /home/runner/work/puerts/puerts/unity/native_src/build_linux_x64_v8_9.4.146.24//CMakeFiles/progress.marks
2026-02-03T06:04:37.0793417Z /usr/bin/gmake  -f CMakeFiles/Makefile2 all
2026-02-03T06:04:37.0805370Z gmake[1]: Entering directory '/home/runner/work/puerts/puerts/unity/native_src/build_linux_x64_v8_9.4.146.24'
2026-02-03T06:04:37.0806310Z /usr/bin/gmake  -f CMakeFiles/puerts.dir/build.make CMakeFiles/puerts.dir/depend
2026-02-03T06:04:37.0818238Z gmake[2]: Entering directory '/home/runner/work/puerts/puerts/unity/native_src/build_linux_x64_v8_9.4.146.24'
2026-02-03T06:04:37.0820553Z cd /home/runner/work/puerts/puerts/unity/native_src/build_linux_x64_v8_9.4.146.24 && /usr/local/bin/cmake -E cmake_depends "Unix Makefiles" /home/runner/work/puerts/puerts/unity/native_src /home/runner/work/puerts/puerts/unity/native_src /home/runner/work/puerts/puerts/unity/native_src/build_linux_x64_v8_9.4.146.24 /home/runner/work/puerts/puerts/unity/native_src/build_linux_x64_v8_9.4.146.24 /home/runner/work/puerts/puerts/unity/native_src/build_linux_x64_v8_9.4.146.24/CMakeFiles/puerts.dir/DependInfo.cmake "--color="
2026-02-03T06:04:37.0844482Z gmake[2]: Leaving directory '/home/runner/work/puerts/puerts/unity/native_src/build_linux_x64_v8_9.4.146.24'
2026-02-03T06:04:37.0845888Z /usr/bin/gmake  -f CMakeFiles/puerts.dir/build.make CMakeFiles/puerts.dir/build
2026-02-03T06:04:37.0859246Z gmake[2]: Entering directory '/home/runner/work/puerts/puerts/unity/native_src/build_linux_x64_v8_9.4.146.24'
2026-02-03T06:04:37.0876847Z [  7%] Building CXX object CMakeFiles/puerts.dir/Src/Puerts.cpp.o
2026-02-03T06:04:37.0885984Z clang++ -DPLATFORM_LINUX -DV8_94_OR_NEWER -DWITH_IL2CPP_OPTIMIZATION -DWITH_V8 -Dpuerts_EXPORTS -I/home/runner/work/puerts/puerts/unity/native_src -I/home/runner/work/puerts/puerts/unity/native_src/../../unreal/Puerts/ThirdParty/Include/websocketpp -I/home/runner/work/puerts/puerts/unity/native_src/../../unreal/Puerts/ThirdParty/Include/asio -I/home/runner/work/puerts/puerts/unity/native_src/Inc -I/home/runner/work/puerts/puerts/unity/native_src/../../unreal/Puerts/Source/JsEnv/Private -I/home/runner/work/puerts/puerts/unity/native_src/../native_src/.backends/v8_9.4.146.24/Inc -I/home/runner/work/puerts/puerts/unity/native_src/papi-quickjs/include -stdlib=libc++ -O3 -DNDEBUG -std=gnu++14 -fPIC -MD -MT CMakeFiles/puerts.dir/Src/Puerts.cpp.o -MF CMakeFiles/puerts.dir/Src/Puerts.cpp.o.d -o CMakeFiles/puerts.dir/Src/Puerts.cpp.o -c /home/runner/work/puerts/puerts/unity/native_src/Src/Puerts.cpp
2026-02-03T06:04:41.6525749Z [ 15%] Building CXX object CMakeFiles/puerts.dir/Src/Log.cpp.o
2026-02-03T06:04:41.6534690Z clang++ -DPLATFORM_LINUX -DV8_94_OR_NEWER -DWITH_IL2CPP_OPTIMIZATION -DWITH_V8 -Dpuerts_EXPORTS -I/home/runner/work/puerts/puerts/unity/native_src -I/home/runner/work/puerts/puerts/unity/native_src/../../unreal/Puerts/ThirdParty/Include/websocketpp -I/home/runner/work/puerts/puerts/unity/native_src/../../unreal/Puerts/ThirdParty/Include/asio -I/home/runner/work/puerts/puerts/unity/native_src/Inc -I/home/runner/work/puerts/puerts/unity/native_src/../../unreal/Puerts/Source/JsEnv/Private -I/home/runner/work/puerts/puerts/unity/native_src/../native_src/.backends/v8_9.4.146.24/Inc -I/home/runner/work/puerts/puerts/unity/native_src/papi-quickjs/include -stdlib=libc++ -O3 -DNDEBUG -std=gnu++14 -fPIC -MD -MT CMakeFiles/puerts.dir/Src/Log.cpp.o -MF CMakeFiles/puerts.dir/Src/Log.cpp.o.d -o CMakeFiles/puerts.dir/Src/Log.cpp.o -c /home/runner/work/puerts/puerts/unity/native_src/Src/Log.cpp
2026-02-03T06:04:42.2542202Z [ 23%] Building CXX object CMakeFiles/puerts.dir/Src/BackendEnv.cpp.o
2026-02-03T06:04:42.2550376Z clang++ -DPLATFORM_LINUX -DV8_94_OR_NEWER -DWITH_IL2CPP_OPTIMIZATION -DWITH_V8 -Dpuerts_EXPORTS -I/home/runner/work/puerts/puerts/unity/native_src -I/home/runner/work/puerts/puerts/unity/native_src/../../unreal/Puerts/ThirdParty/Include/websocketpp -I/home/runner/work/puerts/puerts/unity/native_src/../../unreal/Puerts/ThirdParty/Include/asio -I/home/runner/work/puerts/puerts/unity/native_src/Inc -I/home/runner/work/puerts/puerts/unity/native_src/../../unreal/Puerts/Source/JsEnv/Private -I/home/runner/work/puerts/puerts/unity/native_src/../native_src/.backends/v8_9.4.146.24/Inc -I/home/runner/work/puerts/puerts/unity/native_src/papi-quickjs/include -stdlib=libc++ -O3 -DNDEBUG -std=gnu++14 -fPIC -MD -MT CMakeFiles/puerts.dir/Src/BackendEnv.cpp.o -MF CMakeFiles/puerts.dir/Src/BackendEnv.cpp.o.d -o CMakeFiles/puerts.dir/Src/BackendEnv.cpp.o -c /home/runner/work/puerts/puerts/unity/native_src/Src/BackendEnv.cpp
2026-02-03T06:04:43.3023581Z /home/runner/work/puerts/puerts/unity/native_src/Src/BackendEnv.cpp:361:5: warning: ignoring return value of function declared with 'warn_unused_result' attribute [-Wunused-result]
2026-02-03T06:04:43.3032201Z   361 |     Global->Set(Context, v8::String::NewFromUtf8(Isolate, "v8").ToLocalChecked(), GetV8Extras(Isolate, Context));
2026-02-03T06:04:43.3033483Z       |     ^~~~~~~~~~~ ~~~~~~~~~~~~~~~~~~~~~~~~~~~~~~~~~~~~~~~~~~~~~~~~~~~~~~~~~~~~~~~~~~~~~~~~~~~~~~~~~~~~~~~~~~~~~~~
2026-02-03T06:04:43.3328149Z /home/runner/work/puerts/puerts/unity/native_src/Src/BackendEnv.cpp:1027:9: warning: ignoring return value of function declared with 'warn_unused_result' attribute [-Wunused-result]
2026-02-03T06:04:43.3330217Z  1027 |         resolver->Reject(context, try_catch.Exception());
2026-02-03T06:04:43.3330905Z       |         ^~~~~~~~~~~~~~~~ ~~~~~~~~~~~~~~~~~~~~~~~~~~~~~~
2026-02-03T06:04:43.3336717Z /home/runner/work/puerts/puerts/unity/native_src/Src/BackendEnv.cpp:1039:9: warning: ignoring return value of function declared with 'warn_unused_result' attribute [-Wunused-result]
2026-02-03T06:04:43.3338249Z  1039 |         resolver->Reject(context, try_catch.Exception());
2026-02-03T06:04:43.3338873Z       |         ^~~~~~~~~~~~~~~~ ~~~~~~~~~~~~~~~~~~~~~~~~~~~~~~
2026-02-03T06:04:43.3342405Z /home/runner/work/puerts/puerts/unity/native_src/Src/BackendEnv.cpp:1052:9: warning: ignoring return value of function declared with 'warn_unused_result' attribute [-Wunused-result]
2026-02-03T06:04:43.3344056Z  1052 |         resolver->Reject(context, try_catch.Exception());
2026-02-03T06:04:43.3344680Z       |         ^~~~~~~~~~~~~~~~ ~~~~~~~~~~~~~~~~~~~~~~~~~~~~~~
2026-02-03T06:04:43.3349198Z /home/runner/work/puerts/puerts/unity/native_src/Src/BackendEnv.cpp:1064:13: warning: ignoring return value of function declared with 'warn_unused_result' attribute [-Wunused-result]
2026-02-03T06:04:43.3350723Z  1064 |             resolver->Reject(context, try_catch.Exception());
2026-02-03T06:04:43.3351348Z       |             ^~~~~~~~~~~~~~~~ ~~~~~~~~~~~~~~~~~~~~~~~~~~~~~~
2026-02-03T06:04:43.3352730Z /home/runner/work/puerts/puerts/unity/native_src/Src/BackendEnv.cpp:1070:13: warning: ignoring return value of function declared with 'warn_unused_result' attribute [-Wunused-result]
2026-02-03T06:04:43.3354532Z  1070 |             resolver->Reject(context, try_catch.Exception());
2026-02-03T06:04:43.3355102Z       |             ^~~~~~~~~~~~~~~~ ~~~~~~~~~~~~~~~~~~~~~~~~~~~~~~
2026-02-03T06:04:43.3357989Z /home/runner/work/puerts/puerts/unity/native_src/Src/BackendEnv.cpp:1077:9: warning: ignoring return value of function declared with 'warn_unused_result' attribute [-Wunused-result]
2026-02-03T06:04:43.3359693Z  1077 |         resolver->Resolve(context, root_module->GetModuleNamespace());
2026-02-03T06:04:43.3360737Z       |         ^~~~~~~~~~~~~~~~~ ~~~~~~~~~~~~~~~~~~~~~~~~~~~~~~~~~~~~~~~~~~
2026-02-03T06:04:44.0928117Z 7 warnings generated.
2026-02-03T06:04:44.1041591Z [ 30%] Building CXX object CMakeFiles/puerts.dir/Src/JSEngine.cpp.o
2026-02-03T06:04:44.1049619Z clang++ -DPLATFORM_LINUX -DV8_94_OR_NEWER -DWITH_IL2CPP_OPTIMIZATION -DWITH_V8 -Dpuerts_EXPORTS -I/home/runner/work/puerts/puerts/unity/native_src -I/home/runner/work/puerts/puerts/unity/native_src/../../unreal/Puerts/ThirdParty/Include/websocketpp -I/home/runner/work/puerts/puerts/unity/native_src/../../unreal/Puerts/ThirdParty/Include/asio -I/home/runner/work/puerts/puerts/unity/native_src/Inc -I/home/runner/work/puerts/puerts/unity/native_src/../../unreal/Puerts/Source/JsEnv/Private -I/home/runner/work/puerts/puerts/unity/native_src/../native_src/.backends/v8_9.4.146.24/Inc -I/home/runner/work/puerts/puerts/unity/native_src/papi-quickjs/include -stdlib=libc++ -O3 -DNDEBUG -std=gnu++14 -fPIC -MD -MT CMakeFiles/puerts.dir/Src/JSEngine.cpp.o -MF CMakeFiles/puerts.dir/Src/JSEngine.cpp.o.d -o CMakeFiles/puerts.dir/Src/JSEngine.cpp.o -c /home/runner/work/puerts/puerts/unity/native_src/Src/JSEngine.cpp
2026-02-03T06:04:45.2787457Z /home/runner/work/puerts/puerts/unity/native_src/Src/JSEngine.cpp:365:13: warning: ignoring return value of function declared with 'warn_unused_result' attribute [-Wunused-result]
2026-02-03T06:04:45.2788995Z   365 |             idmap->Set(InContext, InObject, v8::Number::New(InIsolate, id));
2026-02-03T06:04:45.2789864Z       |             ^~~~~~~~~~ ~~~~~~~~~~~~~~~~~~~~~~~~~~~~~~~~~~~~~~~~~~~~~~~~~~~
2026-02-03T06:04:45.2791546Z /home/runner/work/puerts/puerts/unity/native_src/Src/JSEngine.cpp:386:9: warning: ignoring return value of function declared with 'warn_unused_result' attribute [-Wunused-result]
2026-02-03T06:04:45.2792967Z   386 |         idmap->Delete(InObject->Context.Get(Isolate), InObject->GObject.Get(Isolate));
2026-02-03T06:04:45.2793810Z       |         ^~~~~~~~~~~~~ ~~~~~~~~~~~~~~~~~~~~~~~~~~~~~~~~~~~~~~~~~~~~~~~~~~~~~~~~~~~~~~
2026-02-03T06:04:45.2808276Z /home/runner/work/puerts/puerts/unity/native_src/Src/JSEngine.cpp:424:9: warning: ignoring return value of function declared with 'warn_unused_result' attribute [-Wunused-result]
2026-02-03T06:04:45.2809841Z   424 |         InFunction->Set(InContext, FV8Utils::V8String(InIsolate, FUNCTION_INDEX_KEY), v8::Integer::New(InIsolate, Function->Index));
2026-02-03T06:04:45.2810553Z       |         ^~~~~~~~~~~~~~~ ~~~~~~~~~~~~~~~~~~~~~~~~~~~~~~~~~~~~~~~~~~~~~~~~~~~~~~~~~~~~~~~~~~~~~~~~~~~~~~~~~~~~~~~~~~~~~~~~~~~~~~~~~~
2026-02-03T06:04:45.2906394Z /home/runner/work/puerts/puerts/unity/native_src/Src/JSEngine.cpp:607:9: warning: ignoring return value of function declared with 'warn_unused_result' attribute [-Wunused-result]
2026-02-03T06:04:45.2908148Z   607 |         Map->Set(Context, FV8Utils::V8String(Isolate, "classid"), v8::Number::New(Isolate, ClassId));
2026-02-03T06:04:45.2909223Z       |         ^~~~~~~~ ~~~~~~~~~~~~~~~~~~~~~~~~~~~~~~~~~~~~~~~~~~~~~~~~~~~~~~~~~~~~~~~~~~~~~~~~~~~~~~~~~~
2026-02-03T06:04:45.2928805Z /home/runner/work/puerts/puerts/unity/native_src/Src/JSEngine.cpp:666:17: warning: ignoring return value of function declared with 'warn_unused_result' attribute [-Wunused-result]
2026-02-03T06:04:45.2930753Z   666 |                 Metadata->Set(Context, NameOfTheSet, ReadonlyStaticMembersSet);
2026-02-03T06:04:45.2931704Z       |                 ^~~~~~~~~~~~~ ~~~~~~~~~~~~~~~~~~~~~~~~~~~~~~~~~~~~~~~~~~~~~~~
2026-02-03T06:04:45.2933784Z /home/runner/work/puerts/puerts/unity/native_src/Src/JSEngine.cpp:672:13: warning: ignoring return value of function declared with 'warn_unused_result' attribute [-Wunused-result]
2026-02-03T06:04:45.2938798Z   672 |             ReadonlyStaticMembersSet->Add(Context, FV8Utils::V8String(Isolate, Name));
2026-02-03T06:04:45.2939639Z       |             ^~~~~~~~~~~~~~~~~~~~~~~~~~~~~ ~~~~~~~~~~~~~~~~~~~~~~~~~~~~~~~~~~~~~~~~~~
2026-02-03T06:04:45.2948130Z /home/runner/work/puerts/puerts/unity/native_src/Src/JSEngine.cpp:699:9: warning: ignoring return value of function declared with 'warn_unused_result' attribute [-Wunused-result]
2026-02-03T06:04:45.2950219Z   699 |         Result->Set(Context, FV8Utils::V8String(Isolate, "__puertsMetadata"), Metadatas[ClassID].Get(Isolate));
2026-02-03T06:04:45.2951011Z       |         ^~~~~~~~~~~ ~~~~~~~~~~~~~~~~~~~~~~~~~~~~~~~~~~~~~~~~~~~~~~~~~~~~~~~~~~~~~~~~~~~~~~~~~~~~~~~~~~~~~~~~~
2026-02-03T06:04:46.5393796Z 7 warnings generated.
2026-02-03T06:04:46.5518878Z [ 38%] Building CXX object CMakeFiles/puerts.dir/Src/JSFunction.cpp.o
2026-02-03T06:04:46.5527146Z clang++ -DPLATFORM_LINUX -DV8_94_OR_NEWER -DWITH_IL2CPP_OPTIMIZATION -DWITH_V8 -Dpuerts_EXPORTS -I/home/runner/work/puerts/puerts/unity/native_src -I/home/runner/work/puerts/puerts/unity/native_src/../../unreal/Puerts/ThirdParty/Include/websocketpp -I/home/runner/work/puerts/puerts/unity/native_src/../../unreal/Puerts/ThirdParty/Include/asio -I/home/runner/work/puerts/puerts/unity/native_src/Inc -I/home/runner/work/puerts/puerts/unity/native_src/../../unreal/Puerts/Source/JsEnv/Private -I/home/runner/work/puerts/puerts/unity/native_src/../native_src/.backends/v8_9.4.146.24/Inc -I/home/runner/work/puerts/puerts/unity/native_src/papi-quickjs/include -stdlib=libc++ -O3 -DNDEBUG -std=gnu++14 -fPIC -MD -MT CMakeFiles/puerts.dir/Src/JSFunction.cpp.o -MF CMakeFiles/puerts.dir/Src/JSFunction.cpp.o.d -o CMakeFiles/puerts.dir/Src/JSFunction.cpp.o -c /home/runner/work/puerts/puerts/unity/native_src/Src/JSFunction.cpp
2026-02-03T06:04:47.6895969Z /home/runner/work/puerts/puerts/unity/native_src/Src/JSFunction.cpp:55:9: warning: ignoring return value of function declared with 'warn_unused_result' attribute [-Wunused-result]
2026-02-03T06:04:47.6898314Z    55 |         Function->Set(Context, FV8Utils::V8String(Isolate, FUNCTION_INDEX_KEY), v8::Undefined(Isolate));
2026-02-03T06:04:47.6899171Z       |         ^~~~~~~~~~~~~ ~~~~~~~~~~~~~~~~~~~~~~~~~~~~~~~~~~~~~~~~~~~~~~~~~~~~~~~~~~~~~~~~~~~~~~~~~~~~~~~~
2026-02-03T06:04:48.0250001Z 1 warning generated.
2026-02-03T06:04:48.0366092Z [ 46%] Building CXX object CMakeFiles/puerts.dir/home/runner/work/puerts/puerts/unreal/Puerts/Source/JsEnv/Private/V8InspectorImpl.cpp.o
2026-02-03T06:04:48.0376875Z clang++ -DPLATFORM_LINUX -DV8_94_OR_NEWER -DWITH_IL2CPP_OPTIMIZATION -DWITH_V8 -Dpuerts_EXPORTS -I/home/runner/work/puerts/puerts/unity/native_src -I/home/runner/work/puerts/puerts/unity/native_src/../../unreal/Puerts/ThirdParty/Include/websocketpp -I/home/runner/work/puerts/puerts/unity/native_src/../../unreal/Puerts/ThirdParty/Include/asio -I/home/runner/work/puerts/puerts/unity/native_src/Inc -I/home/runner/work/puerts/puerts/unity/native_src/../../unreal/Puerts/Source/JsEnv/Private -I/home/runner/work/puerts/puerts/unity/native_src/../native_src/.backends/v8_9.4.146.24/Inc -I/home/runner/work/puerts/puerts/unity/native_src/papi-quickjs/include -stdlib=libc++ -O3 -DNDEBUG -std=gnu++14 -fPIC -MD -MT CMakeFiles/puerts.dir/home/runner/work/puerts/puerts/unreal/Puerts/Source/JsEnv/Private/V8InspectorImpl.cpp.o -MF CMakeFiles/puerts.dir/home/runner/work/puerts/puerts/unreal/Puerts/Source/JsEnv/Private/V8InspectorImpl.cpp.o.d -o CMakeFiles/puerts.dir/home/runner/work/puerts/puerts/unreal/Puerts/Source/JsEnv/Private/V8InspectorImpl.cpp.o -c /home/runner/work/puerts/puerts/unreal/Puerts/Source/JsEnv/Private/V8InspectorImpl.cpp
2026-02-03T06:04:59.9492544Z [ 53%] Building C object CMakeFiles/puerts.dir/Src/pesapi_wrap.c.o
2026-02-03T06:04:59.9498980Z /usr/bin/cc -DPLATFORM_LINUX -DV8_94_OR_NEWER -DWITH_IL2CPP_OPTIMIZATION -DWITH_V8 -Dpuerts_EXPORTS -I/home/runner/work/puerts/puerts/unity/native_src -I/home/runner/work/puerts/puerts/unity/native_src/../../unreal/Puerts/ThirdParty/Include/websocketpp -I/home/runner/work/puerts/puerts/unity/native_src/../../unreal/Puerts/ThirdParty/Include/asio -I/home/runner/work/puerts/puerts/unity/native_src/Inc -I/home/runner/work/puerts/puerts/unity/native_src/../../unreal/Puerts/Source/JsEnv/Private -I/home/runner/work/puerts/puerts/unity/native_src/../native_src/.backends/v8_9.4.146.24/Inc -I/home/runner/work/puerts/puerts/unity/native_src/papi-quickjs/include -O3 -DNDEBUG -fPIC -MD -MT CMakeFiles/puerts.dir/Src/pesapi_wrap.c.o -MF CMakeFiles/puerts.dir/Src/pesapi_wrap.c.o.d -o CMakeFiles/puerts.dir/Src/pesapi_wrap.c.o -c /home/runner/work/puerts/puerts/unity/native_src/Src/pesapi_wrap.c
2026-02-03T06:05:00.0415931Z [ 61%] Building CXX object CMakeFiles/puerts.dir/Src/CppObjectMapper.cpp.o
2026-02-03T06:05:00.0422346Z clang++ -DPLATFORM_LINUX -DV8_94_OR_NEWER -DWITH_IL2CPP_OPTIMIZATION -DWITH_V8 -Dpuerts_EXPORTS -I/home/runner/work/puerts/puerts/unity/native_src -I/home/runner/work/puerts/puerts/unity/native_src/../../unreal/Puerts/ThirdParty/Include/websocketpp -I/home/runner/work/puerts/puerts/unity/native_src/../../unreal/Puerts/ThirdParty/Include/asio -I/home/runner/work/puerts/puerts/unity/native_src/Inc -I/home/runner/work/puerts/puerts/unity/native_src/../../unreal/Puerts/Source/JsEnv/Private -I/home/runner/work/puerts/puerts/unity/native_src/../native_src/.backends/v8_9.4.146.24/Inc -I/home/runner/work/puerts/puerts/unity/native_src/papi-quickjs/include -stdlib=libc++ -O3 -DNDEBUG -std=gnu++14 -fPIC -MD -MT CMakeFiles/puerts.dir/Src/CppObjectMapper.cpp.o -MF CMakeFiles/puerts.dir/Src/CppObjectMapper.cpp.o.d -o CMakeFiles/puerts.dir/Src/CppObjectMapper.cpp.o -c /home/runner/work/puerts/puerts/unity/native_src/Src/CppObjectMapper.cpp
2026-02-03T06:05:01.5802074Z [ 69%] Building CXX object CMakeFiles/puerts.dir/Src/DataTransfer.cpp.o
2026-02-03T06:05:01.5809138Z clang++ -DPLATFORM_LINUX -DV8_94_OR_NEWER -DWITH_IL2CPP_OPTIMIZATION -DWITH_V8 -Dpuerts_EXPORTS -I/home/runner/work/puerts/puerts/unity/native_src -I/home/runner/work/puerts/puerts/unity/native_src/../../unreal/Puerts/ThirdParty/Include/websocketpp -I/home/runner/work/puerts/puerts/unity/native_src/../../unreal/Puerts/ThirdParty/Include/asio -I/home/runner/work/puerts/puerts/unity/native_src/Inc -I/home/runner/work/puerts/puerts/unity/native_src/../../unreal/Puerts/Source/JsEnv/Private -I/home/runner/work/puerts/puerts/unity/native_src/../native_src/.backends/v8_9.4.146.24/Inc -I/home/runner/work/puerts/puerts/unity/native_src/papi-quickjs/include -stdlib=libc++ -O3 -DNDEBUG -std=gnu++14 -fPIC -MD -MT CMakeFiles/puerts.dir/Src/DataTransfer.cpp.o -MF CMakeFiles/puerts.dir/Src/DataTransfer.cpp.o.d -o CMakeFiles/puerts.dir/Src/DataTransfer.cpp.o -c /home/runner/work/puerts/puerts/unity/native_src/Src/DataTransfer.cpp
2026-02-03T06:05:02.5868022Z [ 76%] Building CXX object CMakeFiles/puerts.dir/Src/PesapiAddonLoad.cpp.o
2026-02-03T06:05:02.5876234Z clang++ -DPLATFORM_LINUX -DV8_94_OR_NEWER -DWITH_IL2CPP_OPTIMIZATION -DWITH_V8 -Dpuerts_EXPORTS -I/home/runner/work/puerts/puerts/unity/native_src -I/home/runner/work/puerts/puerts/unity/native_src/../../unreal/Puerts/ThirdParty/Include/websocketpp -I/home/runner/work/puerts/puerts/unity/native_src/../../unreal/Puerts/ThirdParty/Include/asio -I/home/runner/work/puerts/puerts/unity/native_src/Inc -I/home/runner/work/puerts/puerts/unity/native_src/../../unreal/Puerts/Source/JsEnv/Private -I/home/runner/work/puerts/puerts/unity/native_src/../native_src/.backends/v8_9.4.146.24/Inc -I/home/runner/work/puerts/puerts/unity/native_src/papi-quickjs/include -stdlib=libc++ -O3 -DNDEBUG -std=gnu++14 -fPIC -MD -MT CMakeFiles/puerts.dir/Src/PesapiAddonLoad.cpp.o -MF CMakeFiles/puerts.dir/Src/PesapiAddonLoad.cpp.o.d -o CMakeFiles/puerts.dir/Src/PesapiAddonLoad.cpp.o -c /home/runner/work/puerts/puerts/unity/native_src/Src/PesapiAddonLoad.cpp
2026-02-03T06:05:02.6182808Z [ 84%] Building CXX object CMakeFiles/puerts.dir/Src/PesapiV8Impl.cpp.o
2026-02-03T06:05:02.6191323Z clang++ -DPLATFORM_LINUX -DV8_94_OR_NEWER -DWITH_IL2CPP_OPTIMIZATION -DWITH_V8 -Dpuerts_EXPORTS -I/home/runner/work/puerts/puerts/unity/native_src -I/home/runner/work/puerts/puerts/unity/native_src/../../unreal/Puerts/ThirdParty/Include/websocketpp -I/home/runner/work/puerts/puerts/unity/native_src/../../unreal/Puerts/ThirdParty/Include/asio -I/home/runner/work/puerts/puerts/unity/native_src/Inc -I/home/runner/work/puerts/puerts/unity/native_src/../../unreal/Puerts/Source/JsEnv/Private -I/home/runner/work/puerts/puerts/unity/native_src/../native_src/.backends/v8_9.4.146.24/Inc -I/home/runner/work/puerts/puerts/unity/native_src/papi-quickjs/include -stdlib=libc++ -O3 -DNDEBUG -std=gnu++14 -fPIC -MD -MT CMakeFiles/puerts.dir/Src/PesapiV8Impl.cpp.o -MF CMakeFiles/puerts.dir/Src/PesapiV8Impl.cpp.o.d -o CMakeFiles/puerts.dir/Src/PesapiV8Impl.cpp.o -c /home/runner/work/puerts/puerts/unity/native_src/Src/PesapiV8Impl.cpp
2026-02-03T06:05:04.0834025Z [ 92%] Building CXX object CMakeFiles/puerts.dir/Src/JSClassRegister.cpp.o
2026-02-03T06:05:04.0841383Z clang++ -DPLATFORM_LINUX -DV8_94_OR_NEWER -DWITH_IL2CPP_OPTIMIZATION -DWITH_V8 -Dpuerts_EXPORTS -I/home/runner/work/puerts/puerts/unity/native_src -I/home/runner/work/puerts/puerts/unity/native_src/../../unreal/Puerts/ThirdParty/Include/websocketpp -I/home/runner/work/puerts/puerts/unity/native_src/../../unreal/Puerts/ThirdParty/Include/asio -I/home/runner/work/puerts/puerts/unity/native_src/Inc -I/home/runner/work/puerts/puerts/unity/native_src/../../unreal/Puerts/Source/JsEnv/Private -I/home/runner/work/puerts/puerts/unity/native_src/../native_src/.backends/v8_9.4.146.24/Inc -I/home/runner/work/puerts/puerts/unity/native_src/papi-quickjs/include -stdlib=libc++ -O3 -DNDEBUG -std=gnu++14 -fPIC -MD -MT CMakeFiles/puerts.dir/Src/JSClassRegister.cpp.o -MF CMakeFiles/puerts.dir/Src/JSClassRegister.cpp.o.d -o CMakeFiles/puerts.dir/Src/JSClassRegister.cpp.o -c /home/runner/work/puerts/puerts/unity/native_src/Src/JSClassRegister.cpp
2026-02-03T06:05:05.3064795Z [100%] Linking CXX shared library libpuerts.so
2026-02-03T06:05:05.3068204Z /usr/local/bin/cmake -E cmake_link_script CMakeFiles/puerts.dir/link.txt --verbose=1
2026-02-03T06:05:05.9895265Z clang++ -fPIC  -stdlib=libc++ -O3 -DNDEBUG -Wl,--dependency-file=CMakeFiles/puerts.dir/link.d -shared -Wl,-soname,libpuerts.so -o libpuerts.so CMakeFiles/puerts.dir/Src/Puerts.cpp.o CMakeFiles/puerts.dir/Src/Log.cpp.o CMakeFiles/puerts.dir/Src/BackendEnv.cpp.o CMakeFiles/puerts.dir/Src/JSEngine.cpp.o CMakeFiles/puerts.dir/Src/JSFunction.cpp.o CMakeFiles/puerts.dir/home/runner/work/puerts/puerts/unreal/Puerts/Source/JsEnv/Private/V8InspectorImpl.cpp.o CMakeFiles/puerts.dir/Src/pesapi_wrap.c.o CMakeFiles/puerts.dir/Src/CppObjectMapper.cpp.o CMakeFiles/puerts.dir/Src/DataTransfer.cpp.o CMakeFiles/puerts.dir/Src/PesapiAddonLoad.cpp.o CMakeFiles/puerts.dir/Src/PesapiV8Impl.cpp.o CMakeFiles/puerts.dir/Src/JSClassRegister.cpp.o  -lpthread /home/runner/work/puerts/puerts/unity/native_src/../native_src/.backends/v8_9.4.146.24/Lib/Linux/libwee8.a
2026-02-03T06:05:05.9898824Z gmake[2]: Leaving directory '/home/runner/work/puerts/puerts/unity/native_src/build_linux_x64_v8_9.4.146.24'
2026-02-03T06:05:05.9923354Z [100%] Built target puerts
2026-02-03T06:05:05.9927881Z gmake[1]: Leaving directory '/home/runner/work/puerts/puerts/unity/native_src/build_linux_x64_v8_9.4.146.24'
2026-02-03T06:05:05.9930916Z /usr/local/bin/cmake -E cmake_progress_start /home/runner/work/puerts/puerts/unity/native_src/build_linux_x64_v8_9.4.146.24/CMakeFiles 0
2026-02-03T06:05:05.9956254Z 
2026-02-03T06:05:06.0602370Z ##[debug]Finished: run
2026-02-03T06:05:06.0605279Z ##[debug]Evaluating condition for step: 'run'
2026-02-03T06:05:06.0607203Z ##[debug]Evaluating: success()
2026-02-03T06:05:06.0607602Z ##[debug]Evaluating success:
2026-02-03T06:05:06.0608108Z ##[debug]=> true
2026-02-03T06:05:06.0608451Z ##[debug]Result: true
2026-02-03T06:05:06.0609077Z ##[debug]Starting: run
2026-02-03T06:05:06.0644417Z ##[debug]Loading inputs
2026-02-03T06:05:06.0646587Z ##[debug]Evaluating: format('Unity_Plugins_{0}_{1}_linux', inputs.backend, inputs.config)
2026-02-03T06:05:06.0647052Z ##[debug]Evaluating format:
2026-02-03T06:05:06.0647285Z ##[debug]..Evaluating String:
2026-02-03T06:05:06.0647561Z ##[debug]..=> 'Unity_Plugins_{0}_{1}_linux'
2026-02-03T06:05:06.0647965Z ##[debug]..Evaluating Index:
2026-02-03T06:05:06.0648204Z ##[debug]....Evaluating inputs:
2026-02-03T06:05:06.0648445Z ##[debug]....=> Object
2026-02-03T06:05:06.0648676Z ##[debug]....Evaluating String:
2026-02-03T06:05:06.0648887Z ##[debug]....=> 'backend'
2026-02-03T06:05:06.0649152Z ##[debug]..=> 'v8_9.4.146.24'
2026-02-03T06:05:06.0649411Z ##[debug]..Evaluating Index:
2026-02-03T06:05:06.0649628Z ##[debug]....Evaluating inputs:
2026-02-03T06:05:06.0649844Z ##[debug]....=> Object
2026-02-03T06:05:06.0650050Z ##[debug]....Evaluating String:
2026-02-03T06:05:06.0650277Z ##[debug]....=> 'config'
2026-02-03T06:05:06.0650487Z ##[debug]..=> 'Release'
2026-02-03T06:05:06.0650745Z ##[debug]=> 'Unity_Plugins_v8_9.4.146.24_Release_linux'
2026-02-03T06:05:06.0651103Z ##[debug]Result: 'Unity_Plugins_v8_9.4.146.24_Release_linux'
2026-02-03T06:05:06.0655555Z ##[debug]Loading env
2026-02-03T06:05:06.0659887Z ##[group]Run actions/upload-artifact@v4
2026-02-03T06:05:06.0660136Z with:
2026-02-03T06:05:06.0660331Z   path: ./unity/Assets/core/upm/Plugins/**/*
2026-02-03T06:05:06.0660618Z   name: Unity_Plugins_v8_9.4.146.24_Release_linux
2026-02-03T06:05:06.0660884Z   if-no-files-found: warn
2026-02-03T06:05:06.0661275Z   compression-level: 6
2026-02-03T06:05:06.0661468Z   overwrite: false
2026-02-03T06:05:06.0661650Z   include-hidden-files: false
2026-02-03T06:05:06.0661856Z env:
2026-02-03T06:05:06.0662004Z   RUNID: 613573412
2026-02-03T06:05:06.0662170Z ##[endgroup]
2026-02-03T06:05:06.2785547Z ##[debug]followSymbolicLinks 'true'
2026-02-03T06:05:06.2787033Z ##[debug]implicitDescendants 'true'
2026-02-03T06:05:06.2787834Z ##[debug]omitBrokenSymbolicLinks 'true'
2026-02-03T06:05:06.2788597Z ##[debug]excludeHiddenFiles 'true'
2026-02-03T06:05:06.2810281Z ##[debug]followSymbolicLinks 'true'
2026-02-03T06:05:06.2811020Z ##[debug]implicitDescendants 'true'
2026-02-03T06:05:06.2811735Z ##[debug]matchDirectories 'true'
2026-02-03T06:05:06.2812464Z ##[debug]omitBrokenSymbolicLinks 'true'
2026-02-03T06:05:06.2813388Z ##[debug]excludeHiddenFiles 'true'
2026-02-03T06:05:06.2819491Z ##[debug]Search path '/home/runner/work/puerts/puerts/unity/Assets/core/upm/Plugins'
2026-02-03T06:05:06.2985364Z ##[debug]Removing /home/runner/work/puerts/puerts/unity/Assets/core/upm/Plugins/Android from rawSearchResults because it is a directory
2026-02-03T06:05:06.2988338Z ##[debug]Removing /home/runner/work/puerts/puerts/unity/Assets/core/upm/Plugins/Android/libs from rawSearchResults because it is a directory
2026-02-03T06:05:06.2991000Z ##[debug]Removing /home/runner/work/puerts/puerts/unity/Assets/core/upm/Plugins/Android/libs/arm64-v8a from rawSearchResults because it is a directory
2026-02-03T06:05:06.2993691Z ##[debug]File:/home/runner/work/puerts/puerts/unity/Assets/core/upm/Plugins/Android/libs/arm64-v8a/libbrotli.a.meta was found using the provided searchPath
2026-02-03T06:05:06.2995888Z ##[debug]File:/home/runner/work/puerts/puerts/unity/Assets/core/upm/Plugins/Android/libs/arm64-v8a/libcares.a.meta was found using the provided searchPath
2026-02-03T06:05:06.3003033Z ##[debug]File:/home/runner/work/puerts/puerts/unity/Assets/core/upm/Plugins/Android/libs/arm64-v8a/libhistogram.a.meta was found using the provided searchPath
2026-02-03T06:05:06.3015383Z ##[debug]File:/home/runner/work/puerts/puerts/unity/Assets/core/upm/Plugins/Android/libs/arm64-v8a/libllhttp.a.meta was found using the provided searchPath
2026-02-03T06:05:06.3017662Z ##[debug]File:/home/runner/work/puerts/puerts/unity/Assets/core/upm/Plugins/Android/libs/arm64-v8a/libnghttp2.a.meta was found using the provided searchPath
2026-02-03T06:05:06.3019886Z ##[debug]File:/home/runner/work/puerts/puerts/unity/Assets/core/upm/Plugins/Android/libs/arm64-v8a/libnode.a.meta was found using the provided searchPath
2026-02-03T06:05:06.3022139Z ##[debug]File:/home/runner/work/puerts/puerts/unity/Assets/core/upm/Plugins/Android/libs/arm64-v8a/libnode_stub.a.meta was found using the provided searchPath
2026-02-03T06:05:06.3024670Z ##[debug]File:/home/runner/work/puerts/puerts/unity/Assets/core/upm/Plugins/Android/libs/arm64-v8a/libopenssl.a.meta was found using the provided searchPath
2026-02-03T06:05:06.3026913Z ##[debug]File:/home/runner/work/puerts/puerts/unity/Assets/core/upm/Plugins/Android/libs/arm64-v8a/libpuerts.so.meta was found using the provided searchPath
2026-02-03T06:05:06.3029207Z ##[debug]File:/home/runner/work/puerts/puerts/unity/Assets/core/upm/Plugins/Android/libs/arm64-v8a/libpuerts_il2cpp.a.meta was found using the provided searchPath
2026-02-03T06:05:06.3031556Z ##[debug]File:/home/runner/work/puerts/puerts/unity/Assets/core/upm/Plugins/Android/libs/arm64-v8a/libuv.a.meta was found using the provided searchPath
2026-02-03T06:05:06.3033972Z ##[debug]File:/home/runner/work/puerts/puerts/unity/Assets/core/upm/Plugins/Android/libs/arm64-v8a/libuvwasi.a.meta was found using the provided searchPath
2026-02-03T06:05:06.3036282Z ##[debug]File:/home/runner/work/puerts/puerts/unity/Assets/core/upm/Plugins/Android/libs/arm64-v8a/libv8_base_without_compiler.a.meta was found using the provided searchPath
2026-02-03T06:05:06.3038693Z ##[debug]File:/home/runner/work/puerts/puerts/unity/Assets/core/upm/Plugins/Android/libs/arm64-v8a/libv8_compiler.a.meta was found using the provided searchPath
2026-02-03T06:05:06.3041431Z ##[debug]File:/home/runner/work/puerts/puerts/unity/Assets/core/upm/Plugins/Android/libs/arm64-v8a/libv8_initializers.a.meta was found using the provided searchPath
2026-02-03T06:05:06.3044308Z ##[debug]File:/home/runner/work/puerts/puerts/unity/Assets/core/upm/Plugins/Android/libs/arm64-v8a/libv8_libbase.a.meta was found using the provided searchPath
2026-02-03T06:05:06.3046694Z ##[debug]File:/home/runner/work/puerts/puerts/unity/Assets/core/upm/Plugins/Android/libs/arm64-v8a/libv8_libplatform.a.meta was found using the provided searchPath
2026-02-03T06:05:06.3049053Z ##[debug]File:/home/runner/work/puerts/puerts/unity/Assets/core/upm/Plugins/Android/libs/arm64-v8a/libv8_snapshot.a.meta was found using the provided searchPath
2026-02-03T06:05:06.3051333Z ##[debug]File:/home/runner/work/puerts/puerts/unity/Assets/core/upm/Plugins/Android/libs/arm64-v8a/libv8_zlib.a.meta was found using the provided searchPath
2026-02-03T06:05:06.3053795Z ##[debug]File:/home/runner/work/puerts/puerts/unity/Assets/core/upm/Plugins/Android/libs/arm64-v8a/libwee8.a.meta was found using the provided searchPath
2026-02-03T06:05:06.3056025Z ##[debug]File:/home/runner/work/puerts/puerts/unity/Assets/core/upm/Plugins/Android/libs/arm64-v8a/libzlib.a.meta was found using the provided searchPath
2026-02-03T06:05:06.3058150Z ##[debug]File:/home/runner/work/puerts/puerts/unity/Assets/core/upm/Plugins/Android/libs/arm64-v8a.meta was found using the provided searchPath
2026-02-03T06:05:06.3060225Z ##[debug]Removing /home/runner/work/puerts/puerts/unity/Assets/core/upm/Plugins/Android/libs/armeabi-v7a from rawSearchResults because it is a directory
2026-02-03T06:05:06.3062364Z ##[debug]File:/home/runner/work/puerts/puerts/unity/Assets/core/upm/Plugins/Android/libs/armeabi-v7a/libbrotli.a.meta was found using the provided searchPath
2026-02-03T06:05:06.3064791Z ##[debug]File:/home/runner/work/puerts/puerts/unity/Assets/core/upm/Plugins/Android/libs/armeabi-v7a/libcares.a.meta was found using the provided searchPath
2026-02-03T06:05:06.3067061Z ##[debug]File:/home/runner/work/puerts/puerts/unity/Assets/core/upm/Plugins/Android/libs/armeabi-v7a/libhistogram.a.meta was found using the provided searchPath
2026-02-03T06:05:06.3069271Z ##[debug]File:/home/runner/work/puerts/puerts/unity/Assets/core/upm/Plugins/Android/libs/armeabi-v7a/libllhttp.a.meta was found using the provided searchPath
2026-02-03T06:05:06.3071476Z ##[debug]File:/home/runner/work/puerts/puerts/unity/Assets/core/upm/Plugins/Android/libs/armeabi-v7a/libnghttp2.a.meta was found using the provided searchPath
2026-02-03T06:05:06.3073843Z ##[debug]File:/home/runner/work/puerts/puerts/unity/Assets/core/upm/Plugins/Android/libs/armeabi-v7a/libnode.a.meta was found using the provided searchPath
2026-02-03T06:05:06.3076181Z ##[debug]File:/home/runner/work/puerts/puerts/unity/Assets/core/upm/Plugins/Android/libs/armeabi-v7a/libnode_stub.a.meta was found using the provided searchPath
2026-02-03T06:05:06.3078534Z ##[debug]File:/home/runner/work/puerts/puerts/unity/Assets/core/upm/Plugins/Android/libs/armeabi-v7a/libopenssl.a.meta was found using the provided searchPath
2026-02-03T06:05:06.3081152Z ##[debug]File:/home/runner/work/puerts/puerts/unity/Assets/core/upm/Plugins/Android/libs/armeabi-v7a/libpuerts.so.meta was found using the provided searchPath
2026-02-03T06:05:06.3083761Z ##[debug]File:/home/runner/work/puerts/puerts/unity/Assets/core/upm/Plugins/Android/libs/armeabi-v7a/libpuerts_il2cpp.a.meta was found using the provided searchPath
2026-02-03T06:05:06.3086038Z ##[debug]File:/home/runner/work/puerts/puerts/unity/Assets/core/upm/Plugins/Android/libs/armeabi-v7a/libuv.a.meta was found using the provided searchPath
2026-02-03T06:05:06.3088256Z ##[debug]File:/home/runner/work/puerts/puerts/unity/Assets/core/upm/Plugins/Android/libs/armeabi-v7a/libuvwasi.a.meta was found using the provided searchPath
2026-02-03T06:05:06.3090595Z ##[debug]File:/home/runner/work/puerts/puerts/unity/Assets/core/upm/Plugins/Android/libs/armeabi-v7a/libv8_base_without_compiler.a.meta was found using the provided searchPath
2026-02-03T06:05:06.3093378Z ##[debug]File:/home/runner/work/puerts/puerts/unity/Assets/core/upm/Plugins/Android/libs/armeabi-v7a/libv8_compiler.a.meta was found using the provided searchPath
2026-02-03T06:05:06.3095874Z ##[debug]File:/home/runner/work/puerts/puerts/unity/Assets/core/upm/Plugins/Android/libs/armeabi-v7a/libv8_initializers.a.meta was found using the provided searchPath
2026-02-03T06:05:06.3098161Z ##[debug]File:/home/runner/work/puerts/puerts/unity/Assets/core/upm/Plugins/Android/libs/armeabi-v7a/libv8_libbase.a.meta was found using the provided searchPath
2026-02-03T06:05:06.3100459Z ##[debug]File:/home/runner/work/puerts/puerts/unity/Assets/core/upm/Plugins/Android/libs/armeabi-v7a/libv8_libplatform.a.meta was found using the provided searchPath
2026-02-03T06:05:06.3102748Z ##[debug]File:/home/runner/work/puerts/puerts/unity/Assets/core/upm/Plugins/Android/libs/armeabi-v7a/libv8_snapshot.a.meta was found using the provided searchPath
2026-02-03T06:05:06.3105229Z ##[debug]File:/home/runner/work/puerts/puerts/unity/Assets/core/upm/Plugins/Android/libs/armeabi-v7a/libv8_zlib.a.meta was found using the provided searchPath
2026-02-03T06:05:06.3107520Z ##[debug]File:/home/runner/work/puerts/puerts/unity/Assets/core/upm/Plugins/Android/libs/armeabi-v7a/libwee8.a.meta was found using the provided searchPath
2026-02-03T06:05:06.3109790Z ##[debug]File:/home/runner/work/puerts/puerts/unity/Assets/core/upm/Plugins/Android/libs/armeabi-v7a/libzlib.a.meta was found using the provided searchPath
2026-02-03T06:05:06.3111998Z ##[debug]File:/home/runner/work/puerts/puerts/unity/Assets/core/upm/Plugins/Android/libs/armeabi-v7a.meta was found using the provided searchPath
2026-02-03T06:05:06.3114330Z ##[debug]Removing /home/runner/work/puerts/puerts/unity/Assets/core/upm/Plugins/Android/libs/x86_64 from rawSearchResults because it is a directory
2026-02-03T06:05:06.3116478Z ##[debug]File:/home/runner/work/puerts/puerts/unity/Assets/core/upm/Plugins/Android/libs/x86_64/libpuerts.so.meta was found using the provided searchPath
2026-02-03T06:05:06.3118684Z ##[debug]File:/home/runner/work/puerts/puerts/unity/Assets/core/upm/Plugins/Android/libs/x86_64/libpuerts_il2cpp.a.meta was found using the provided searchPath
2026-02-03T06:05:06.3120826Z ##[debug]File:/home/runner/work/puerts/puerts/unity/Assets/core/upm/Plugins/Android/libs/x86_64/libwee8.a.meta was found using the provided searchPath
2026-02-03T06:05:06.3122842Z ##[debug]File:/home/runner/work/puerts/puerts/unity/Assets/core/upm/Plugins/Android/libs/x86_64.meta was found using the provided searchPath
2026-02-03T06:05:06.3124980Z ##[debug]File:/home/runner/work/puerts/puerts/unity/Assets/core/upm/Plugins/Android/libs.meta was found using the provided searchPath
2026-02-03T06:05:06.3126788Z ##[debug]File:/home/runner/work/puerts/puerts/unity/Assets/core/upm/Plugins/Android.meta was found using the provided searchPath
2026-02-03T06:05:06.3128689Z ##[debug]Removing /home/runner/work/puerts/puerts/unity/Assets/core/upm/Plugins/OpenHarmony from rawSearchResults because it is a directory
2026-02-03T06:05:06.3130771Z ##[debug]Removing /home/runner/work/puerts/puerts/unity/Assets/core/upm/Plugins/OpenHarmony/libs from rawSearchResults because it is a directory
2026-02-03T06:05:06.3132904Z ##[debug]Removing /home/runner/work/puerts/puerts/unity/Assets/core/upm/Plugins/OpenHarmony/libs/arm64-v8a from rawSearchResults because it is a directory
2026-02-03T06:05:06.3135387Z ##[debug]File:/home/runner/work/puerts/puerts/unity/Assets/core/upm/Plugins/OpenHarmony/libs/arm64-v8a/libpuerts.so.meta was found using the provided searchPath
2026-02-03T06:05:06.3137691Z ##[debug]File:/home/runner/work/puerts/puerts/unity/Assets/core/upm/Plugins/OpenHarmony/libs/arm64-v8a.meta was found using the provided searchPath
2026-02-03T06:05:06.3139941Z ##[debug]Removing /home/runner/work/puerts/puerts/unity/Assets/core/upm/Plugins/OpenHarmony/libs/armeabi-v7a from rawSearchResults because it is a directory
2026-02-03T06:05:06.3142664Z ##[debug]File:/home/runner/work/puerts/puerts/unity/Assets/core/upm/Plugins/OpenHarmony/libs/armeabi-v7a/libpuerts.so.meta was found using the provided searchPath
2026-02-03T06:05:06.3145345Z ##[debug]File:/home/runner/work/puerts/puerts/unity/Assets/core/upm/Plugins/OpenHarmony/libs/armeabi-v7a.meta was found using the provided searchPath
2026-02-03T06:05:06.3147775Z ##[debug]File:/home/runner/work/puerts/puerts/unity/Assets/core/upm/Plugins/OpenHarmony/libs.meta was found using the provided searchPath
2026-02-03T06:05:06.3149694Z ##[debug]File:/home/runner/work/puerts/puerts/unity/Assets/core/upm/Plugins/OpenHarmony.meta was found using the provided searchPath
2026-02-03T06:05:06.3151574Z ##[debug]Removing /home/runner/work/puerts/puerts/unity/Assets/core/upm/Plugins/iOS from rawSearchResults because it is a directory
2026-02-03T06:05:06.3153688Z ##[debug]File:/home/runner/work/puerts/puerts/unity/Assets/core/upm/Plugins/iOS/libbrotli.a.meta was found using the provided searchPath
2026-02-03T06:05:06.3155663Z ##[debug]File:/home/runner/work/puerts/puerts/unity/Assets/core/upm/Plugins/iOS/libcares.a.meta was found using the provided searchPath
2026-02-03T06:05:06.3157684Z ##[debug]File:/home/runner/work/puerts/puerts/unity/Assets/core/upm/Plugins/iOS/libhistogram.a.meta was found using the provided searchPath
2026-02-03T06:05:06.3159639Z ##[debug]File:/home/runner/work/puerts/puerts/unity/Assets/core/upm/Plugins/iOS/libllhttp.a.meta was found using the provided searchPath
2026-02-03T06:05:06.3161557Z ##[debug]File:/home/runner/work/puerts/puerts/unity/Assets/core/upm/Plugins/iOS/libnghttp2.a.meta was found using the provided searchPath
2026-02-03T06:05:06.3163604Z ##[debug]File:/home/runner/work/puerts/puerts/unity/Assets/core/upm/Plugins/iOS/libnode.a.meta was found using the provided searchPath
2026-02-03T06:05:06.3165549Z ##[debug]File:/home/runner/work/puerts/puerts/unity/Assets/core/upm/Plugins/iOS/libnode_stub.a.meta was found using the provided searchPath
2026-02-03T06:05:06.3167446Z ##[debug]File:/home/runner/work/puerts/puerts/unity/Assets/core/upm/Plugins/iOS/libopenssl.a.meta was found using the provided searchPath
2026-02-03T06:05:06.3169352Z ##[debug]File:/home/runner/work/puerts/puerts/unity/Assets/core/upm/Plugins/iOS/libpuerts.a.meta was found using the provided searchPath
2026-02-03T06:05:06.3171213Z ##[debug]File:/home/runner/work/puerts/puerts/unity/Assets/core/upm/Plugins/iOS/libuv.a.meta was found using the provided searchPath
2026-02-03T06:05:06.3173047Z ##[debug]File:/home/runner/work/puerts/puerts/unity/Assets/core/upm/Plugins/iOS/libuvwasi.a.meta was found using the provided searchPath
2026-02-03T06:05:06.3175295Z ##[debug]File:/home/runner/work/puerts/puerts/unity/Assets/core/upm/Plugins/iOS/libv8_base_without_compiler.a.meta was found using the provided searchPath
2026-02-03T06:05:06.3177317Z ##[debug]File:/home/runner/work/puerts/puerts/unity/Assets/core/upm/Plugins/iOS/libv8_compiler.a.meta was found using the provided searchPath
2026-02-03T06:05:06.3179283Z ##[debug]File:/home/runner/work/puerts/puerts/unity/Assets/core/upm/Plugins/iOS/libv8_initializers.a.meta was found using the provided searchPath
2026-02-03T06:05:06.3181277Z ##[debug]File:/home/runner/work/puerts/puerts/unity/Assets/core/upm/Plugins/iOS/libv8_libbase.a.meta was found using the provided searchPath
2026-02-03T06:05:06.3183510Z ##[debug]File:/home/runner/work/puerts/puerts/unity/Assets/core/upm/Plugins/iOS/libv8_libplatform.a.meta was found using the provided searchPath
2026-02-03T06:05:06.3185534Z ##[debug]File:/home/runner/work/puerts/puerts/unity/Assets/core/upm/Plugins/iOS/libv8_snapshot.a.meta was found using the provided searchPath
2026-02-03T06:05:06.3187492Z ##[debug]File:/home/runner/work/puerts/puerts/unity/Assets/core/upm/Plugins/iOS/libv8_zlib.a.meta was found using the provided searchPath
2026-02-03T06:05:06.3189466Z ##[debug]File:/home/runner/work/puerts/puerts/unity/Assets/core/upm/Plugins/iOS/libzlib.a.meta was found using the provided searchPath
2026-02-03T06:05:06.3191328Z ##[debug]File:/home/runner/work/puerts/puerts/unity/Assets/core/upm/Plugins/iOS.meta was found using the provided searchPath
2026-02-03T06:05:06.3193670Z ##[debug]Removing /home/runner/work/puerts/puerts/unity/Assets/core/upm/Plugins/macOS from rawSearchResults because it is a directory
2026-02-03T06:05:06.3195777Z ##[debug]File:/home/runner/work/puerts/puerts/unity/Assets/core/upm/Plugins/macOS/arm64.meta was found using the provided searchPath
2026-02-03T06:05:06.3197824Z ##[debug]File:/home/runner/work/puerts/puerts/unity/Assets/core/upm/Plugins/macOS/libnode.93.dylib.meta was found using the provided searchPath
2026-02-03T06:05:06.3199880Z ##[debug]File:/home/runner/work/puerts/puerts/unity/Assets/core/upm/Plugins/macOS/puerts.bundle.meta was found using the provided searchPath
2026-02-03T06:05:06.3201908Z ##[debug]File:/home/runner/work/puerts/puerts/unity/Assets/core/upm/Plugins/macOS/x86_64.meta was found using the provided searchPath
2026-02-03T06:05:06.3204044Z ##[debug]File:/home/runner/work/puerts/puerts/unity/Assets/core/upm/Plugins/macOS.meta was found using the provided searchPath
2026-02-03T06:05:06.3205843Z ##[debug]File:/home/runner/work/puerts/puerts/unity/Assets/core/upm/Plugins/x86.meta was found using the provided searchPath
2026-02-03T06:05:06.3207701Z ##[debug]Removing /home/runner/work/puerts/puerts/unity/Assets/core/upm/Plugins/x86_64 from rawSearchResults because it is a directory
2026-02-03T06:05:06.3209648Z ##[debug]File:/home/runner/work/puerts/puerts/unity/Assets/core/upm/Plugins/x86_64/libnode.dll.meta was found using the provided searchPath
2026-02-03T06:05:06.3211633Z ##[debug]File:/home/runner/work/puerts/puerts/unity/Assets/core/upm/Plugins/x86_64/libnode.so.93.meta was found using the provided searchPath
2026-02-03T06:05:06.3213806Z ##[debug]File:/home/runner/work/puerts/puerts/unity/Assets/core/upm/Plugins/x86_64/libpuerts.so was found using the provided searchPath
2026-02-03T06:05:06.3215752Z ##[debug]File:/home/runner/work/puerts/puerts/unity/Assets/core/upm/Plugins/x86_64/libpuerts.so.meta was found using the provided searchPath
2026-02-03T06:05:06.3217703Z ##[debug]File:/home/runner/work/puerts/puerts/unity/Assets/core/upm/Plugins/x86_64/puerts.dll.meta was found using the provided searchPath
2026-02-03T06:05:06.3219547Z ##[debug]File:/home/runner/work/puerts/puerts/unity/Assets/core/upm/Plugins/x86_64.meta was found using the provided searchPath
2026-02-03T06:05:06.3220657Z With the provided path, there will be 88 files uploaded
2026-02-03T06:05:06.3221784Z ##[debug]Root artifact directory is /home/runner/work/puerts/puerts/unity/Assets/core/upm/Plugins
2026-02-03T06:05:06.3222616Z Artifact name is valid!
2026-02-03T06:05:06.3223001Z Root directory input is valid!
2026-02-03T06:05:06.3224076Z ##[debug]Workflow Run Backend ID: b564ed61-365b-476f-8dc1-7a060b6d2a93
2026-02-03T06:05:06.3225081Z ##[debug]Workflow Job Run Backend ID: fe057a46-574c-5f65-b5c4-a83cbefd2938
2026-02-03T06:05:06.3226797Z ##[debug][Request] CreateArtifact https://results-receiver.actions.githubusercontent.com/twirp/github.actions.results.api.v1.ArtifactService/CreateArtifact
2026-02-03T06:05:06.6175565Z ##[debug][Response] - 200
2026-02-03T06:05:06.6178496Z ##[debug]Headers: {
2026-02-03T06:05:06.6178818Z ##[debug]  "content-length": "585",
2026-02-03T06:05:06.6179154Z ##[debug]  "content-type": "application/json",
2026-02-03T06:05:06.6179515Z ##[debug]  "date": "Tue, 03 Feb 2026 06:05:06 GMT",
2026-02-03T06:05:06.6180040Z ##[debug]  "x-github-backend": "Kubernetes",
2026-02-03T06:05:06.6180637Z ##[debug]  "x-github-request-id": "2FC0:113162:2AC37B:324CE6:69819012"
2026-02-03T06:05:06.6181042Z ##[debug]}
2026-02-03T06:05:06.6181624Z ::add-mask::***
2026-02-03T06:05:06.6183620Z ::add-mask::***
2026-02-03T06:05:06.6184442Z ##[debug]Body: {
2026-02-03T06:05:06.6184676Z ##[debug]  "ok": true,
2026-02-03T06:05:06.6187687Z ##[debug]  "signed_upload_url": "https://productionresultssa12.blob.core.windows.net/actions-results/b564ed61-365b-476f-8dc1-7a060b6d2a93/workflow-job-run-fe057a46-574c-5f65-b5c4-a83cbefd2938/artifacts/f55da264bcaf878d6599a19e16280141b07f5e60cfcc64ec21e284d3d4db9d9c.zip?se=2026-02-03T07%3A05%3A06Z&sig=***&ske=2026-02-03T09%3A58%3A22Z&skoid=ca7593d4-ee42-46cd-af88-8b886a2f84eb&sks=b&skt=2026-02-03T05%3A58%3A22Z&sktid=398a6654-997b-47e9-b12b-9515b896b4de&skv=2025-11-05&sp=cw&spr=https&sr=b&st=2026-02-03T06%3A05%3A01Z&sv=2025-11-05"
2026-02-03T06:05:06.6190880Z ##[debug]}
2026-02-03T06:05:06.6191485Z ##[debug]Creating Artifact archive with compressionLevel: 6
2026-02-03T06:05:06.6213609Z ##[debug]Zip write high watermark value 8388608
2026-02-03T06:05:06.6214536Z ##[debug]Zip read high watermark value 8388608
2026-02-03T06:05:06.6262161Z ##[debug]Uploading artifact zip to blob storage with maxConcurrency: 5, bufferSize: 8388608
2026-02-03T06:05:06.6271055Z Beginning upload of artifact content to blob storage
2026-02-03T06:05:07.3605005Z ##[debug]Zip stream for upload has ended.
2026-02-03T06:05:07.3606888Z ##[debug]Zip stream for upload has finished.
2026-02-03T06:05:08.2626652Z Uploaded bytes 7779789
2026-02-03T06:05:08.3384951Z Finished uploading artifact content to blob storage!
2026-02-03T06:05:08.3387910Z SHA256 digest of uploaded artifact zip is 9895c9cc92e968e48167c885faa459b22e61a240793c97911bf8ea0d69a87984
2026-02-03T06:05:08.3389202Z Finalizing artifact upload
2026-02-03T06:05:08.3394503Z ##[debug][Request] FinalizeArtifact https://results-receiver.actions.githubusercontent.com/twirp/github.actions.results.api.v1.ArtifactService/FinalizeArtifact
2026-02-03T06:05:08.4814033Z ##[debug][Response] - 200
2026-02-03T06:05:08.4814780Z ##[debug]Headers: {
2026-02-03T06:05:08.4815034Z ##[debug]  "content-length": "39",
2026-02-03T06:05:08.4815374Z ##[debug]  "content-type": "application/json",
2026-02-03T06:05:08.4815921Z ##[debug]  "date": "Tue, 03 Feb 2026 06:05:08 GMT",
2026-02-03T06:05:08.4816503Z ##[debug]  "x-github-backend": "Kubernetes",
2026-02-03T06:05:08.4817192Z ##[debug]  "x-github-request-id": "2FC0:113162:2AC97F:32539B:69819012"
2026-02-03T06:05:08.4817675Z ##[debug]}
2026-02-03T06:05:08.4818068Z ##[debug]Body: {
2026-02-03T06:05:08.4818306Z ##[debug]  "ok": true,
2026-02-03T06:05:08.4818559Z ##[debug]  "artifact_id": "5353013971"
2026-02-03T06:05:08.4818842Z ##[debug]}
2026-02-03T06:05:08.4819309Z Artifact Unity_Plugins_v8_9.4.146.24_Release_linux.zip successfully finalized. Artifact ID 5353013971
2026-02-03T06:05:08.4820319Z Artifact Unity_Plugins_v8_9.4.146.24_Release_linux has been successfully uploaded! Final size is 7779789 bytes. Artifact ID is 5353013971
2026-02-03T06:05:08.4823898Z Artifact download URL: https://github.com/CatAndHorse/puerts/actions/runs/21617511975/artifacts/5353013971
2026-02-03T06:05:08.4932793Z ##[debug]Node Action run completed with exit code 0
2026-02-03T06:05:08.4937596Z ##[debug]Set output artifact-id = 5353013971
2026-02-03T06:05:08.4938799Z ##[debug]Set output artifact-digest = 9895c9cc92e968e48167c885faa459b22e61a240793c97911bf8ea0d69a87984
2026-02-03T06:05:08.4939783Z ##[debug]Set output artifact-url = https://github.com/CatAndHorse/puerts/actions/runs/21617511975/artifacts/5353013971
2026-02-03T06:05:08.4940730Z ##[debug]Finished: run
2026-02-03T06:05:08.4944506Z ##[debug]Evaluating condition for step: 'run'
2026-02-03T06:05:08.4946448Z ##[debug]Evaluating: success()
2026-02-03T06:05:08.4947014Z ##[debug]Evaluating success:
2026-02-03T06:05:08.4947607Z ##[debug]=> true
2026-02-03T06:05:08.4947933Z ##[debug]Result: true
2026-02-03T06:05:08.4948564Z ##[debug]Starting: run
2026-02-03T06:05:08.4956232Z ##[debug]Loading inputs
2026-02-03T06:05:08.4957256Z ##[debug]Loading env
2026-02-03T06:05:08.4960862Z ##[group]Run rm -rf ./unity/Assets/core/upm/Plugins/**/*
2026-02-03T06:05:08.4961229Z [36;1mrm -rf ./unity/Assets/core/upm/Plugins/**/*[0m
2026-02-03T06:05:08.4992660Z shell: /usr/bin/bash --noprofile --norc -e -o pipefail {0}
2026-02-03T06:05:08.4992978Z env:
2026-02-03T06:05:08.4993305Z   RUNID: 613573412
2026-02-03T06:05:08.4993496Z ##[endgroup]
2026-02-03T06:05:08.5023638Z ##[debug]/usr/bin/bash --noprofile --norc -e -o pipefail /home/runner/work/_temp/247bce96-aa7a-491d-a6a8-9c3aa8daa62e.sh
2026-02-03T06:05:08.5125120Z ##[debug]Finished: run
2026-02-03T06:05:08.5136763Z ##[debug]Finishing: BuildLinux
2026-02-03T06:05:08.5144224Z ##[debug]Evaluating condition for step: 'BuildLinux_V8_10_6'
2026-02-03T06:05:08.5145671Z ##[debug]Evaluating: success()
2026-02-03T06:05:08.5146014Z ##[debug]Evaluating success:
2026-02-03T06:05:08.5146384Z ##[debug]=> true
2026-02-03T06:05:08.5146688Z ##[debug]Result: true
2026-02-03T06:05:08.5147179Z ##[debug]Starting: BuildLinux_V8_10_6
2026-02-03T06:05:08.5179552Z Prepare all required actions
2026-02-03T06:05:08.5179864Z Getting action download info
2026-02-03T06:05:08.6882079Z ##[debug]Action 'actions/upload-artifact@v4' already downloaded at '/home/runner/work/_actions/actions/upload-artifact/v4'.
2026-02-03T06:05:08.6884175Z ##[debug]action.yml for action: '/home/runner/work/_actions/actions/upload-artifact/v4/action.yml'.
2026-02-03T06:05:08.6946588Z ##[debug]Loading inputs
2026-02-03T06:05:08.6947947Z ##[debug]Evaluating: secrets.GITHUB_TOKEN
2026-02-03T06:05:08.6948262Z ##[debug]Evaluating Index:
2026-02-03T06:05:08.6948496Z ##[debug]..Evaluating secrets:
2026-02-03T06:05:08.6948793Z ##[debug]..=> Object
2026-02-03T06:05:08.6949020Z ##[debug]..Evaluating String:
2026-02-03T06:05:08.6949257Z ##[debug]..=> 'GITHUB_TOKEN'
2026-02-03T06:05:08.6949728Z ##[debug]=> '***'
2026-02-03T06:05:08.6950103Z ##[debug]Result: '***'
2026-02-03T06:05:08.6956749Z ##[debug]Evaluating: (github.event.inputs.websocket || '1')
2026-02-03T06:05:08.6957190Z ##[debug]Evaluating Or:
2026-02-03T06:05:08.6959027Z ##[debug]..Evaluating Index:
2026-02-03T06:05:08.6959291Z ##[debug]....Evaluating Index:
2026-02-03T06:05:08.6959523Z ##[debug]......Evaluating Index:
2026-02-03T06:05:08.6959756Z ##[debug]........Evaluating github:
2026-02-03T06:05:08.6960047Z ##[debug]........=> Object
2026-02-03T06:05:08.6960305Z ##[debug]........Evaluating String:
2026-02-03T06:05:08.6960571Z ##[debug]........=> 'event'
2026-02-03T06:05:08.6960812Z ##[debug]......=> Object
2026-02-03T06:05:08.6961054Z ##[debug]......Evaluating String:
2026-02-03T06:05:08.6961298Z ##[debug]......=> 'inputs'
2026-02-03T06:05:08.6961535Z ##[debug]....=> Object
2026-02-03T06:05:08.6961740Z ##[debug]....Evaluating String:
2026-02-03T06:05:08.6961971Z ##[debug]....=> 'websocket'
2026-02-03T06:05:08.6962193Z ##[debug]..=> '2'
2026-02-03T06:05:08.6962404Z ##[debug]=> '2'
2026-02-03T06:05:08.6964795Z ##[debug]Expanded: ('2' || '1')
2026-02-03T06:05:08.6965048Z ##[debug]Result: '2'
2026-02-03T06:05:08.6966917Z ##[debug]Loading env
2026-02-03T06:05:08.6971031Z ##[group]Run ./.github/workflows/composites/unity-build-plugins/linux/
2026-02-03T06:05:08.6971382Z with:
2026-02-03T06:05:08.6971718Z   github_token: ***
2026-02-03T06:05:08.6971915Z   backend: v8_10.6.194
2026-02-03T06:05:08.6972101Z   websocket: 2
2026-02-03T06:05:08.6972273Z   config: Release
2026-02-03T06:05:08.6972456Z   build_proj_dir: native_src
2026-02-03T06:05:08.6972659Z env:
2026-02-03T06:05:08.6972813Z   RUNID: 613573412
2026-02-03T06:05:08.6972990Z ##[endgroup]
2026-02-03T06:05:08.6976818Z ##[debug]Evaluating condition for step: 'run'
2026-02-03T06:05:08.6977818Z ##[debug]Evaluating: success()
2026-02-03T06:05:08.6978154Z ##[debug]Evaluating success:
2026-02-03T06:05:08.6978517Z ##[debug]=> true
2026-02-03T06:05:08.6978813Z ##[debug]Result: true
2026-02-03T06:05:08.6979223Z ##[debug]Starting: run
2026-02-03T06:05:08.6986078Z ##[debug]Loading inputs
2026-02-03T06:05:08.6987003Z ##[debug]Loading env
2026-02-03T06:05:08.6990286Z ##[group]Run sudo apt-get install clang
2026-02-03T06:05:08.6990572Z [36;1msudo apt-get install clang[0m
2026-02-03T06:05:08.6990842Z [36;1msudo apt-get install libc++-dev[0m
2026-02-03T06:05:08.6991124Z [36;1msudo apt-get install libc++abi-dev[0m
2026-02-03T06:05:08.7023521Z shell: /usr/bin/bash --noprofile --norc -e -o pipefail {0}
2026-02-03T06:05:08.7023858Z env:
2026-02-03T06:05:08.7024104Z   RUNID: 613573412
2026-02-03T06:05:08.7024345Z ##[endgroup]
2026-02-03T06:05:08.7055882Z ##[debug]/usr/bin/bash --noprofile --norc -e -o pipefail /home/runner/work/_temp/b482894a-9b15-436b-92b2-b9c580caadcf.sh
2026-02-03T06:05:08.7320203Z Reading package lists...
2026-02-03T06:05:08.9255675Z Building dependency tree...
2026-02-03T06:05:08.9263391Z Reading state information...
2026-02-03T06:05:09.1272463Z clang is already the newest version (1:18.0-59~exp2).
2026-02-03T06:05:09.1273339Z 0 upgraded, 0 newly installed, 0 to remove and 65 not upgraded.
2026-02-03T06:05:09.1513728Z Reading package lists...
2026-02-03T06:05:09.3652976Z Building dependency tree...
2026-02-03T06:05:09.3661065Z Reading state information...
2026-02-03T06:05:09.5596575Z libc++-dev is already the newest version (1:18.0-59~exp2).
2026-02-03T06:05:09.5597286Z 0 upgraded, 0 newly installed, 0 to remove and 65 not upgraded.
2026-02-03T06:05:09.5834140Z Reading package lists...
2026-02-03T06:05:09.8074558Z Building dependency tree...
2026-02-03T06:05:09.8082555Z Reading state information...
2026-02-03T06:05:10.0134537Z libc++abi-dev is already the newest version (1:18.0-59~exp2).
2026-02-03T06:05:10.0135122Z 0 upgraded, 0 newly installed, 0 to remove and 65 not upgraded.
2026-02-03T06:05:10.0158193Z ##[debug]Finished: run
2026-02-03T06:05:10.0161154Z ##[debug]Evaluating condition for step: 'run'
2026-02-03T06:05:10.0164030Z ##[debug]Evaluating: success()
2026-02-03T06:05:10.0164425Z ##[debug]Evaluating success:
2026-02-03T06:05:10.0164822Z ##[debug]=> true
2026-02-03T06:05:10.0165166Z ##[debug]Result: true
2026-02-03T06:05:10.0165652Z ##[debug]Starting: run
2026-02-03T06:05:10.0172975Z ##[debug]Loading inputs
2026-02-03T06:05:10.0174873Z ##[debug]Evaluating: format('cd unity
2026-02-03T06:05:10.0175125Z ##[debug]npm i
2026-02-03T06:05:10.0175297Z ##[debug]cd {0}
2026-02-03T06:05:10.0175660Z ##[debug]node ../cli make --platform linux --arch x64 --backend {1} --config {2} --websocket {3}
2026-02-03T06:05:10.0176220Z ##[debug]', inputs.build_proj_dir, inputs.backend, inputs.config, inputs.websocket)
2026-02-03T06:05:10.0176610Z ##[debug]Evaluating format:
2026-02-03T06:05:10.0176838Z ##[debug]..Evaluating String:
2026-02-03T06:05:10.0177105Z ##[debug]..=> 'cd unity
2026-02-03T06:05:10.0177290Z ##[debug]npm i
2026-02-03T06:05:10.0177454Z ##[debug]cd {0}
2026-02-03T06:05:10.0177796Z ##[debug]node ../cli make --platform linux --arch x64 --backend {1} --config {2} --websocket {3}
2026-02-03T06:05:10.0178189Z ##[debug]'
2026-02-03T06:05:10.0178509Z ##[debug]..Evaluating Index:
2026-02-03T06:05:10.0178726Z ##[debug]....Evaluating inputs:
2026-02-03T06:05:10.0178958Z ##[debug]....=> Object
2026-02-03T06:05:10.0179175Z ##[debug]....Evaluating String:
2026-02-03T06:05:10.0179402Z ##[debug]....=> 'build_proj_dir'
2026-02-03T06:05:10.0179649Z ##[debug]..=> 'native_src'
2026-02-03T06:05:10.0179875Z ##[debug]..Evaluating Index:
2026-02-03T06:05:10.0180088Z ##[debug]....Evaluating inputs:
2026-02-03T06:05:10.0180299Z ##[debug]....=> Object
2026-02-03T06:05:10.0180489Z ##[debug]....Evaluating String:
2026-02-03T06:05:10.0180701Z ##[debug]....=> 'backend'
2026-02-03T06:05:10.0180920Z ##[debug]..=> 'v8_10.6.194'
2026-02-03T06:05:10.0181153Z ##[debug]..Evaluating Index:
2026-02-03T06:05:10.0181363Z ##[debug]....Evaluating inputs:
2026-02-03T06:05:10.0181580Z ##[debug]....=> Object
2026-02-03T06:05:10.0181777Z ##[debug]....Evaluating String:
2026-02-03T06:05:10.0181988Z ##[debug]....=> 'config'
2026-02-03T06:05:10.0182216Z ##[debug]..=> 'Release'
2026-02-03T06:05:10.0182423Z ##[debug]..Evaluating Index:
2026-02-03T06:05:10.0182633Z ##[debug]....Evaluating inputs:
2026-02-03T06:05:10.0182846Z ##[debug]....=> Object
2026-02-03T06:05:10.0183030Z ##[debug]....Evaluating String:
2026-02-03T06:05:10.0183457Z ##[debug]....=> 'websocket'
2026-02-03T06:05:10.0183671Z ##[debug]..=> '2'
2026-02-03T06:05:10.0183882Z ##[debug]=> 'cd unity
2026-02-03T06:05:10.0184060Z ##[debug]npm i
2026-02-03T06:05:10.0184225Z ##[debug]cd native_src
2026-02-03T06:05:10.0184614Z ##[debug]node ../cli make --platform linux --arch x64 --backend v8_10.6.194 --config Release --websocket 2
2026-02-03T06:05:10.0185042Z ##[debug]'
2026-02-03T06:05:10.0185419Z ##[debug]Result: 'cd unity
2026-02-03T06:05:10.0185610Z ##[debug]npm i
2026-02-03T06:05:10.0185908Z ##[debug]cd native_src
2026-02-03T06:05:10.0186286Z ##[debug]node ../cli make --platform linux --arch x64 --backend v8_10.6.194 --config Release --websocket 2
2026-02-03T06:05:10.0186695Z ##[debug]'
2026-02-03T06:05:10.0187020Z ##[debug]Loading env
2026-02-03T06:05:10.0190532Z ##[group]Run cd unity
2026-02-03T06:05:10.0190742Z [36;1mcd unity[0m
2026-02-03T06:05:10.0190908Z [36;1mnpm i[0m
2026-02-03T06:05:10.0191084Z [36;1mcd native_src[0m
2026-02-03T06:05:10.0191488Z [36;1mnode ../cli make --platform linux --arch x64 --backend v8_10.6.194 --config Release --websocket 2[0m
2026-02-03T06:05:10.0222103Z shell: /usr/bin/bash --noprofile --norc -e -o pipefail {0}
2026-02-03T06:05:10.0222411Z env:
2026-02-03T06:05:10.0222566Z   RUNID: 613573412
2026-02-03T06:05:10.0222744Z ##[endgroup]
2026-02-03T06:05:10.0252793Z ##[debug]/usr/bin/bash --noprofile --norc -e -o pipefail /home/runner/work/_temp/e4386aeb-2f49-4181-886b-3557a346a6d8.sh
2026-02-03T06:05:10.5571091Z 
2026-02-03T06:05:10.5572009Z up to date, audited 89 packages in 475ms
2026-02-03T06:05:10.5572436Z 
2026-02-03T06:05:10.5572598Z 22 packages are looking for funding
2026-02-03T06:05:10.5573050Z   run `npm fund` for details
2026-02-03T06:05:10.5651939Z 
2026-02-03T06:05:10.5652389Z 6 vulnerabilities (1 low, 4 high, 1 critical)
2026-02-03T06:05:10.5652812Z 
2026-02-03T06:05:10.5652997Z To address all issues, run:
2026-02-03T06:05:10.5653618Z   npm audit fix
2026-02-03T06:05:10.8718186Z 
2026-02-03T06:05:10.8718648Z Run `npm audit` for details.
2026-02-03T06:05:10.8719202Z cmake --version
2026-02-03T06:05:10.9127745Z [Puer] downloading v8_10.6.194 from https://github.com/puerts/backend-v8/releases/download/V8_10.6.194__241009/v8_bin_10.6.194.tgz
2026-02-03T06:05:22.8580350Z 
2026-02-03T06:05:31.9056052Z Downloaded and extracted to /home/runner/work/puerts/puerts/unity/native_src/.backends
2026-02-03T06:05:31.9091474Z cmake -DBACKEND_DEFINITIONS="V8_94_OR_NEWER" -DBACKEND_LIB_NAMES="/Lib/Linux/libwee8.a" -DBACKEND_INC_NAMES="/Inc" -DWITH_WEBSOCKET=2 -DWITH_SYMBOLS=OFF -DJS_ENGINE=v8_10.6.194 -DCMAKE_VERBOSE_MAKEFILE:BOOL=ON -DCMAKE_BUILD_TYPE=Release ..
2026-02-03T06:05:31.9855621Z -- The C compiler identification is GNU 13.3.0
2026-02-03T06:05:32.0359427Z -- The CXX compiler identification is GNU 13.3.0
2026-02-03T06:05:32.0438675Z -- Detecting C compiler ABI info
2026-02-03T06:05:32.0943671Z -- Detecting C compiler ABI info - done
2026-02-03T06:05:32.1118104Z -- Check for working C compiler: /usr/bin/cc - skipped
2026-02-03T06:05:32.1120582Z -- Detecting C compile features
2026-02-03T06:05:32.1125423Z -- Detecting C compile features - done
2026-02-03T06:05:32.1231616Z -- Detecting CXX compiler ABI info
2026-02-03T06:05:32.1829776Z -- Detecting CXX compiler ABI info - done
2026-02-03T06:05:32.2005065Z -- Check for working CXX compiler: /usr/bin/c++ - skipped
2026-02-03T06:05:32.2008644Z -- Detecting CXX compile features
2026-02-03T06:05:32.2015168Z -- Detecting CXX compile features - done
2026-02-03T06:06:30.1205550Z -- The ASM compiler identification is GNU
2026-02-03T06:06:30.1226055Z -- Found assembler: /usr/bin/cc
2026-02-03T06:06:30.1876103Z -- Looking for arpa/inet.h
2026-02-03T06:06:30.2435722Z -- Looking for arpa/inet.h - found
2026-02-03T06:06:30.2436553Z -- Looking for fcntl.h
2026-02-03T06:06:30.2955187Z -- Looking for fcntl.h - found
2026-02-03T06:06:30.2956778Z -- Looking for limits.h
2026-02-03T06:06:30.3483411Z -- Looking for limits.h - found
2026-02-03T06:06:30.3483933Z -- Looking for netdb.h
2026-02-03T06:06:30.4040408Z -- Looking for netdb.h - found
2026-02-03T06:06:30.4040936Z -- Looking for netinet/in.h
2026-02-03T06:06:30.4587774Z -- Looking for netinet/in.h - found
2026-02-03T06:06:30.4588314Z -- Looking for stddef.h
2026-02-03T06:06:30.5093050Z -- Looking for stddef.h - found
2026-02-03T06:06:30.5093778Z -- Looking for time.h
2026-02-03T06:06:30.5616968Z -- Looking for time.h - found
2026-02-03T06:06:30.5617484Z -- Looking for sys/ioctl.h
2026-02-03T06:06:30.6132950Z -- Looking for sys/ioctl.h - found
2026-02-03T06:06:30.6133774Z -- Looking for sys/socket.h
2026-02-03T06:06:30.6674095Z -- Looking for sys/socket.h - found
2026-02-03T06:06:30.6674663Z -- Looking for sys/time.h
2026-02-03T06:06:30.7195408Z -- Looking for sys/time.h - found
2026-02-03T06:06:30.7195919Z -- Looking for errno.h
2026-02-03T06:06:30.7706184Z -- Looking for errno.h - found
2026-02-03T06:06:30.7707353Z -- Looking for dlfcn.h
2026-02-03T06:06:30.8227750Z -- Looking for dlfcn.h - found
2026-02-03T06:06:30.8228263Z -- Looking for inttypes.h
2026-02-03T06:06:30.8879797Z -- Looking for inttypes.h - found
2026-02-03T06:06:30.8880346Z -- Looking for memory.h
2026-02-03T06:06:30.9415029Z -- Looking for memory.h - found
2026-02-03T06:06:30.9415542Z -- Looking for stdint.h
2026-02-03T06:06:30.9942281Z -- Looking for stdint.h - found
2026-02-03T06:06:30.9942792Z -- Looking for stdlib.h
2026-02-03T06:06:31.0485417Z -- Looking for stdlib.h - found
2026-02-03T06:06:31.0485922Z -- Looking for string.h
2026-02-03T06:06:31.1039113Z -- Looking for string.h - found
2026-02-03T06:06:31.1039689Z -- Looking for strings.h
2026-02-03T06:06:31.1562205Z -- Looking for strings.h - found
2026-02-03T06:06:31.1562740Z -- Looking for sys/stat.h
2026-02-03T06:06:31.2087449Z -- Looking for sys/stat.h - found
2026-02-03T06:06:31.2087981Z -- Looking for sys/types.h
2026-02-03T06:06:31.2634998Z -- Looking for sys/types.h - found
2026-02-03T06:06:31.2635635Z -- Looking for unistd.h
2026-02-03T06:06:31.3207886Z -- Looking for unistd.h - found
2026-02-03T06:06:31.3317515Z -- Looking for gethostbyname
2026-02-03T06:06:31.3893371Z -- Looking for gethostbyname - found
2026-02-03T06:06:31.3894107Z -- Looking for getaddrinfo
2026-02-03T06:06:31.4403521Z -- Looking for getaddrinfo - found
2026-02-03T06:06:31.4404291Z -- Looking for gettimeofday
2026-02-03T06:06:31.4926941Z -- Looking for gettimeofday - found
2026-02-03T06:06:31.4927495Z -- Looking for gmtime_r
2026-02-03T06:06:31.5435258Z -- Looking for gmtime_r - found
2026-02-03T06:06:31.5435836Z -- Looking for inet_ntoa
2026-02-03T06:06:31.5958092Z -- Looking for inet_ntoa - found
2026-02-03T06:06:31.5958751Z -- Looking for memset
2026-02-03T06:06:31.6473518Z -- Looking for memset - found
2026-02-03T06:06:31.6474017Z -- Looking for socket
2026-02-03T06:06:31.6984238Z -- Looking for socket - found
2026-02-03T06:06:31.6984710Z -- Looking for strftime
2026-02-03T06:06:31.7506495Z -- Looking for strftime - found
2026-02-03T06:06:31.7507025Z -- Looking for __atomic_fetch_add
2026-02-03T06:06:31.8019655Z -- Looking for __atomic_fetch_add - not found
2026-02-03T06:06:31.8657229Z -- Check size of __uint128_t
2026-02-03T06:06:31.9213579Z -- Check size of __uint128_t - done
2026-02-03T06:06:31.9216662Z -- Check size of long long
2026-02-03T06:06:31.9766091Z -- Check size of long long - done
2026-02-03T06:06:31.9768961Z -- Check size of long
2026-02-03T06:06:32.0314037Z -- Check size of long - done
2026-02-03T06:06:32.0317332Z -- Check size of time_t
2026-02-03T06:06:32.0867674Z -- Check size of time_t - done
2026-02-03T06:06:32.0870536Z -- Performing Test THREAD_LS_ON
2026-02-03T06:06:32.1425383Z -- Performing Test THREAD_LS_ON - Success
2026-02-03T06:06:32.1651212Z -- Performing Test CMAKE_HAVE_LIBC_PTHREAD
2026-02-03T06:06:32.2245719Z -- Performing Test CMAKE_HAVE_LIBC_PTHREAD - Success
2026-02-03T06:06:32.2254735Z -- Found Threads: TRUE
2026-02-03T06:06:32.2264399Z -- Looking for WOLFSSL_EXPERIMENTAL
2026-02-03T06:06:32.2265160Z -- Looking for WOLFSSL_EXPERIMENTAL - not found
2026-02-03T06:06:32.2304562Z -- Generating user options header...
2026-02-03T06:06:32.2313078Z -- Static Libs: wolfcrypt/src/hmac.c;wolfcrypt/src/hash.c;wolfcrypt/src/cpuid.c;wolfcrypt/src/kdf.c;wolfcrypt/src/random.c;wolfcrypt/src/sha256.c;wolfcrypt/src/rsa.c;wolfcrypt/src/sp_int.c;wolfcrypt/src/aes.c;wolfcrypt/src/sha.c;wolfcrypt/src/sha512.c;wolfcrypt/src/sha3.c;wolfcrypt/src/logging.c;wolfcrypt/src/wc_port.c;wolfcrypt/src/error.c;wolfcrypt/src/wc_encrypt.c;wolfcrypt/src/signature.c;wolfcrypt/src/wolfmath.c;wolfcrypt/src/memory.c;wolfcrypt/src/dh.c;wolfcrypt/src/asn.c;wolfcrypt/src/coding.c;wolfcrypt/src/poly1305.c;wolfcrypt/src/md5.c;wolfcrypt/src/pwdbased.c;wolfcrypt/src/pkcs12.c;wolfcrypt/src/chacha.c;wolfcrypt/src/chacha20_poly1305.c;wolfcrypt/src/integer.c;wolfcrypt/src/ecc.c;src/internal.c;src/wolfio.c;src/keys.c;src/ssl.c;src/ocsp.c;src/tls.c;src/tls13.c
2026-02-03T06:06:32.2320456Z -- WOLFSSL_INCLUDE_DIRS is blank. No additional directories will be added.
2026-02-03T06:06:32.2633805Z -- Configuring done (60.3s)
2026-02-03T06:06:32.3113525Z -- Generating done (0.0s)
2026-02-03T06:06:32.3118994Z -- Build files have been written to: /home/runner/work/puerts/puerts/unity/native_src/build_linux_x64_v8_10.6.194
2026-02-03T06:06:32.3229543Z cmake --build /home/runner/work/puerts/puerts/unity/native_src/build_linux_x64_v8_10.6.194 --config Release
2026-02-03T06:06:32.3585742Z Change Dir: '/home/runner/work/puerts/puerts/unity/native_src/build_linux_x64_v8_10.6.194'
2026-02-03T06:06:32.3586402Z 
2026-02-03T06:06:32.3586835Z Run Build Command(s): /usr/local/bin/cmake -E env VERBOSE=1 /usr/bin/gmake -f Makefile
2026-02-03T06:06:32.3591586Z /usr/local/bin/cmake -S/home/runner/work/puerts/puerts/unity/native_src -B/home/runner/work/puerts/puerts/unity/native_src/build_linux_x64_v8_10.6.194 --check-build-system CMakeFiles/Makefile.cmake 0
2026-02-03T06:06:32.3616181Z /usr/local/bin/cmake -E cmake_progress_start /home/runner/work/puerts/puerts/unity/native_src/build_linux_x64_v8_10.6.194/CMakeFiles /home/runner/work/puerts/puerts/unity/native_src/build_linux_x64_v8_10.6.194//CMakeFiles/progress.marks
2026-02-03T06:06:32.3630864Z /usr/bin/gmake  -f CMakeFiles/Makefile2 all
2026-02-03T06:06:32.3642129Z gmake[1]: Entering directory '/home/runner/work/puerts/puerts/unity/native_src/build_linux_x64_v8_10.6.194'
2026-02-03T06:06:32.3643058Z /usr/bin/gmake  -f _deps/wolfssl-build/CMakeFiles/wolfssl.dir/build.make _deps/wolfssl-build/CMakeFiles/wolfssl.dir/depend
2026-02-03T06:06:32.3658642Z gmake[2]: Entering directory '/home/runner/work/puerts/puerts/unity/native_src/build_linux_x64_v8_10.6.194'
2026-02-03T06:06:32.3661148Z cd /home/runner/work/puerts/puerts/unity/native_src/build_linux_x64_v8_10.6.194 && /usr/local/bin/cmake -E cmake_depends "Unix Makefiles" /home/runner/work/puerts/puerts/unity/native_src /home/runner/work/puerts/puerts/unity/native_src/build_linux_x64_v8_10.6.194/_deps/wolfssl-src /home/runner/work/puerts/puerts/unity/native_src/build_linux_x64_v8_10.6.194 /home/runner/work/puerts/puerts/unity/native_src/build_linux_x64_v8_10.6.194/_deps/wolfssl-build /home/runner/work/puerts/puerts/unity/native_src/build_linux_x64_v8_10.6.194/_deps/wolfssl-build/CMakeFiles/wolfssl.dir/DependInfo.cmake "--color="
2026-02-03T06:06:32.3685671Z gmake[2]: Leaving directory '/home/runner/work/puerts/puerts/unity/native_src/build_linux_x64_v8_10.6.194'
2026-02-03T06:06:32.3687226Z /usr/bin/gmake  -f _deps/wolfssl-build/CMakeFiles/wolfssl.dir/build.make _deps/wolfssl-build/CMakeFiles/wolfssl.dir/build
2026-02-03T06:06:32.3707028Z gmake[2]: Entering directory '/home/runner/work/puerts/puerts/unity/native_src/build_linux_x64_v8_10.6.194'
2026-02-03T06:06:32.3724663Z [  1%] Building C object _deps/wolfssl-build/CMakeFiles/wolfssl.dir/wolfcrypt/src/hmac.c.o
2026-02-03T06:06:32.3737781Z cd /home/runner/work/puerts/puerts/unity/native_src/build_linux_x64_v8_10.6.194/_deps/wolfssl-build && /usr/bin/cc -DBUILDING_WOLFSSL -DECC_SHAMIR -DECC_TIMING_RESISTANT -DGCM_TABLE_4BIT -DHAVE_AESGCM -DHAVE_CHACHA -DHAVE_CONFIG_H -DHAVE_DH_DEFAULT_PARAMS -DHAVE_ECC -DHAVE_ENCRYPT_THEN_MAC -DHAVE_EXTENDED_MASTER -DHAVE_EX_DATA -DHAVE_FFDHE_2048 -DHAVE_HASHDRBG -DHAVE_HKDF -DHAVE_ONE_TIME_AUTH -DHAVE_POLY1305 -DHAVE_PTHREAD -DHAVE_SNI -DHAVE_SUPPORTED_CURVES -DHAVE_THREAD_LS -DHAVE_TLS_EXTENSIONS -DHAVE___UINT128_T -DNO_DES3 -DNO_DES3_TLS_SUITES -DNO_DSA -DNO_MD4 -DNO_PSK -DNO_RC4 -DOPENSSL_ALL -DOPENSSL_EXTRA -DTFM_ECC256 -DTFM_TIMING_RESISTANT -DWC_NO_ASYNC_THREADING -DWC_RSA_BLINDING -DWC_RSA_PSS -DWOLFSSL_BASE64_ENCODE -DWOLFSSL_IGNORE_FILE_WARN -DWOLFSSL_NO_SHAKE128 -DWOLFSSL_NO_SHAKE256 -DWOLFSSL_OPENSSH -DWOLFSSL_OPENSSLALL -DWOLFSSL_OPENSSLEXTRA -DWOLFSSL_PSS_LONG_SALT -DWOLFSSL_SHA224 -DWOLFSSL_SHA3 -DWOLFSSL_SHA384 -DWOLFSSL_SHA512 -DWOLFSSL_SYS_CA_CERTS -DWOLFSSL_TLS13 -DWOLFSSL_USE_ALIGN -DWOLFSSL_X86_64_BUILD -D_POSIX_THREADS -I/home/runner/work/puerts/puerts/unity/native_src -I/home/runner/work/puerts/puerts/unity/native_src/../../unreal/Puerts/ThirdParty/Include/websocketpp -I/home/runner/work/puerts/puerts/unity/native_src/../../unreal/Puerts/ThirdParty/Include/asio -I/home/runner/work/puerts/puerts/unity/native_src/Inc -I/home/runner/work/puerts/puerts/unity/native_src/../../unreal/Puerts/Source/JsEnv/Private -I/home/runner/work/puerts/puerts/unity/native_src/../native_src/.backends/v8_10.6.194/Inc -I/home/runner/work/puerts/puerts/unity/native_src/build_linux_x64_v8_10.6.194/_deps/wolfssl-src -I/home/runner/work/puerts/puerts/unity/native_src/build_linux_x64_v8_10.6.194/_deps/wolfssl-build -Wall -Wextra -Wno-unused -Werror  -O3 -DNDEBUG -fPIC -MD -MT _deps/wolfssl-build/CMakeFiles/wolfssl.dir/wolfcrypt/src/hmac.c.o -MF CMakeFiles/wolfssl.dir/wolfcrypt/src/hmac.c.o.d -o CMakeFiles/wolfssl.dir/wolfcrypt/src/hmac.c.o -c /home/runner/work/puerts/puerts/unity/native_src/build_linux_x64_v8_10.6.194/_deps/wolfssl-src/wolfcrypt/src/hmac.c
2026-02-03T06:06:32.5474457Z [  3%] Building C object _deps/wolfssl-build/CMakeFiles/wolfssl.dir/wolfcrypt/src/hash.c.o
2026-02-03T06:06:32.5485032Z cd /home/runner/work/puerts/puerts/unity/native_src/build_linux_x64_v8_10.6.194/_deps/wolfssl-build && /usr/bin/cc -DBUILDING_WOLFSSL -DECC_SHAMIR -DECC_TIMING_RESISTANT -DGCM_TABLE_4BIT -DHAVE_AESGCM -DHAVE_CHACHA -DHAVE_CONFIG_H -DHAVE_DH_DEFAULT_PARAMS -DHAVE_ECC -DHAVE_ENCRYPT_THEN_MAC -DHAVE_EXTENDED_MASTER -DHAVE_EX_DATA -DHAVE_FFDHE_2048 -DHAVE_HASHDRBG -DHAVE_HKDF -DHAVE_ONE_TIME_AUTH -DHAVE_POLY1305 -DHAVE_PTHREAD -DHAVE_SNI -DHAVE_SUPPORTED_CURVES -DHAVE_THREAD_LS -DHAVE_TLS_EXTENSIONS -DHAVE___UINT128_T -DNO_DES3 -DNO_DES3_TLS_SUITES -DNO_DSA -DNO_MD4 -DNO_PSK -DNO_RC4 -DOPENSSL_ALL -DOPENSSL_EXTRA -DTFM_ECC256 -DTFM_TIMING_RESISTANT -DWC_NO_ASYNC_THREADING -DWC_RSA_BLINDING -DWC_RSA_PSS -DWOLFSSL_BASE64_ENCODE -DWOLFSSL_IGNORE_FILE_WARN -DWOLFSSL_NO_SHAKE128 -DWOLFSSL_NO_SHAKE256 -DWOLFSSL_OPENSSH -DWOLFSSL_OPENSSLALL -DWOLFSSL_OPENSSLEXTRA -DWOLFSSL_PSS_LONG_SALT -DWOLFSSL_SHA224 -DWOLFSSL_SHA3 -DWOLFSSL_SHA384 -DWOLFSSL_SHA512 -DWOLFSSL_SYS_CA_CERTS -DWOLFSSL_TLS13 -DWOLFSSL_USE_ALIGN -DWOLFSSL_X86_64_BUILD -D_POSIX_THREADS -I/home/runner/work/puerts/puerts/unity/native_src -I/home/runner/work/puerts/puerts/unity/native_src/../../unreal/Puerts/ThirdParty/Include/websocketpp -I/home/runner/work/puerts/puerts/unity/native_src/../../unreal/Puerts/ThirdParty/Include/asio -I/home/runner/work/puerts/puerts/unity/native_src/Inc -I/home/runner/work/puerts/puerts/unity/native_src/../../unreal/Puerts/Source/JsEnv/Private -I/home/runner/work/puerts/puerts/unity/native_src/../native_src/.backends/v8_10.6.194/Inc -I/home/runner/work/puerts/puerts/unity/native_src/build_linux_x64_v8_10.6.194/_deps/wolfssl-src -I/home/runner/work/puerts/puerts/unity/native_src/build_linux_x64_v8_10.6.194/_deps/wolfssl-build -Wall -Wextra -Wno-unused -Werror  -O3 -DNDEBUG -fPIC -MD -MT _deps/wolfssl-build/CMakeFiles/wolfssl.dir/wolfcrypt/src/hash.c.o -MF CMakeFiles/wolfssl.dir/wolfcrypt/src/hash.c.o.d -o CMakeFiles/wolfssl.dir/wolfcrypt/src/hash.c.o -c /home/runner/work/puerts/puerts/unity/native_src/build_linux_x64_v8_10.6.194/_deps/wolfssl-src/wolfcrypt/src/hash.c
2026-02-03T06:06:32.6695605Z [  5%] Building C object _deps/wolfssl-build/CMakeFiles/wolfssl.dir/wolfcrypt/src/cpuid.c.o
2026-02-03T06:06:32.6706809Z cd /home/runner/work/puerts/puerts/unity/native_src/build_linux_x64_v8_10.6.194/_deps/wolfssl-build && /usr/bin/cc -DBUILDING_WOLFSSL -DECC_SHAMIR -DECC_TIMING_RESISTANT -DGCM_TABLE_4BIT -DHAVE_AESGCM -DHAVE_CHACHA -DHAVE_CONFIG_H -DHAVE_DH_DEFAULT_PARAMS -DHAVE_ECC -DHAVE_ENCRYPT_THEN_MAC -DHAVE_EXTENDED_MASTER -DHAVE_EX_DATA -DHAVE_FFDHE_2048 -DHAVE_HASHDRBG -DHAVE_HKDF -DHAVE_ONE_TIME_AUTH -DHAVE_POLY1305 -DHAVE_PTHREAD -DHAVE_SNI -DHAVE_SUPPORTED_CURVES -DHAVE_THREAD_LS -DHAVE_TLS_EXTENSIONS -DHAVE___UINT128_T -DNO_DES3 -DNO_DES3_TLS_SUITES -DNO_DSA -DNO_MD4 -DNO_PSK -DNO_RC4 -DOPENSSL_ALL -DOPENSSL_EXTRA -DTFM_ECC256 -DTFM_TIMING_RESISTANT -DWC_NO_ASYNC_THREADING -DWC_RSA_BLINDING -DWC_RSA_PSS -DWOLFSSL_BASE64_ENCODE -DWOLFSSL_IGNORE_FILE_WARN -DWOLFSSL_NO_SHAKE128 -DWOLFSSL_NO_SHAKE256 -DWOLFSSL_OPENSSH -DWOLFSSL_OPENSSLALL -DWOLFSSL_OPENSSLEXTRA -DWOLFSSL_PSS_LONG_SALT -DWOLFSSL_SHA224 -DWOLFSSL_SHA3 -DWOLFSSL_SHA384 -DWOLFSSL_SHA512 -DWOLFSSL_SYS_CA_CERTS -DWOLFSSL_TLS13 -DWOLFSSL_USE_ALIGN -DWOLFSSL_X86_64_BUILD -D_POSIX_THREADS -I/home/runner/work/puerts/puerts/unity/native_src -I/home/runner/work/puerts/puerts/unity/native_src/../../unreal/Puerts/ThirdParty/Include/websocketpp -I/home/runner/work/puerts/puerts/unity/native_src/../../unreal/Puerts/ThirdParty/Include/asio -I/home/runner/work/puerts/puerts/unity/native_src/Inc -I/home/runner/work/puerts/puerts/unity/native_src/../../unreal/Puerts/Source/JsEnv/Private -I/home/runner/work/puerts/puerts/unity/native_src/../native_src/.backends/v8_10.6.194/Inc -I/home/runner/work/puerts/puerts/unity/native_src/build_linux_x64_v8_10.6.194/_deps/wolfssl-src -I/home/runner/work/puerts/puerts/unity/native_src/build_linux_x64_v8_10.6.194/_deps/wolfssl-build -Wall -Wextra -Wno-unused -Werror  -O3 -DNDEBUG -fPIC -MD -MT _deps/wolfssl-build/CMakeFiles/wolfssl.dir/wolfcrypt/src/cpuid.c.o -MF CMakeFiles/wolfssl.dir/wolfcrypt/src/cpuid.c.o.d -o CMakeFiles/wolfssl.dir/wolfcrypt/src/cpuid.c.o -c /home/runner/work/puerts/puerts/unity/native_src/build_linux_x64_v8_10.6.194/_deps/wolfssl-src/wolfcrypt/src/cpuid.c
2026-02-03T06:06:32.7227114Z [  7%] Building C object _deps/wolfssl-build/CMakeFiles/wolfssl.dir/wolfcrypt/src/kdf.c.o
2026-02-03T06:06:32.7240713Z cd /home/runner/work/puerts/puerts/unity/native_src/build_linux_x64_v8_10.6.194/_deps/wolfssl-build && /usr/bin/cc -DBUILDING_WOLFSSL -DECC_SHAMIR -DECC_TIMING_RESISTANT -DGCM_TABLE_4BIT -DHAVE_AESGCM -DHAVE_CHACHA -DHAVE_CONFIG_H -DHAVE_DH_DEFAULT_PARAMS -DHAVE_ECC -DHAVE_ENCRYPT_THEN_MAC -DHAVE_EXTENDED_MASTER -DHAVE_EX_DATA -DHAVE_FFDHE_2048 -DHAVE_HASHDRBG -DHAVE_HKDF -DHAVE_ONE_TIME_AUTH -DHAVE_POLY1305 -DHAVE_PTHREAD -DHAVE_SNI -DHAVE_SUPPORTED_CURVES -DHAVE_THREAD_LS -DHAVE_TLS_EXTENSIONS -DHAVE___UINT128_T -DNO_DES3 -DNO_DES3_TLS_SUITES -DNO_DSA -DNO_MD4 -DNO_PSK -DNO_RC4 -DOPENSSL_ALL -DOPENSSL_EXTRA -DTFM_ECC256 -DTFM_TIMING_RESISTANT -DWC_NO_ASYNC_THREADING -DWC_RSA_BLINDING -DWC_RSA_PSS -DWOLFSSL_BASE64_ENCODE -DWOLFSSL_IGNORE_FILE_WARN -DWOLFSSL_NO_SHAKE128 -DWOLFSSL_NO_SHAKE256 -DWOLFSSL_OPENSSH -DWOLFSSL_OPENSSLALL -DWOLFSSL_OPENSSLEXTRA -DWOLFSSL_PSS_LONG_SALT -DWOLFSSL_SHA224 -DWOLFSSL_SHA3 -DWOLFSSL_SHA384 -DWOLFSSL_SHA512 -DWOLFSSL_SYS_CA_CERTS -DWOLFSSL_TLS13 -DWOLFSSL_USE_ALIGN -DWOLFSSL_X86_64_BUILD -D_POSIX_THREADS -I/home/runner/work/puerts/puerts/unity/native_src -I/home/runner/work/puerts/puerts/unity/native_src/../../unreal/Puerts/ThirdParty/Include/websocketpp -I/home/runner/work/puerts/puerts/unity/native_src/../../unreal/Puerts/ThirdParty/Include/asio -I/home/runner/work/puerts/puerts/unity/native_src/Inc -I/home/runner/work/puerts/puerts/unity/native_src/../../unreal/Puerts/Source/JsEnv/Private -I/home/runner/work/puerts/puerts/unity/native_src/../native_src/.backends/v8_10.6.194/Inc -I/home/runner/work/puerts/puerts/unity/native_src/build_linux_x64_v8_10.6.194/_deps/wolfssl-src -I/home/runner/work/puerts/puerts/unity/native_src/build_linux_x64_v8_10.6.194/_deps/wolfssl-build -Wall -Wextra -Wno-unused -Werror  -O3 -DNDEBUG -fPIC -MD -MT _deps/wolfssl-build/CMakeFiles/wolfssl.dir/wolfcrypt/src/kdf.c.o -MF CMakeFiles/wolfssl.dir/wolfcrypt/src/kdf.c.o.d -o CMakeFiles/wolfssl.dir/wolfcrypt/src/kdf.c.o -c /home/runner/work/puerts/puerts/unity/native_src/build_linux_x64_v8_10.6.194/_deps/wolfssl-src/wolfcrypt/src/kdf.c
2026-02-03T06:06:32.8573424Z [  9%] Building C object _deps/wolfssl-build/CMakeFiles/wolfssl.dir/wolfcrypt/src/random.c.o
2026-02-03T06:06:32.8586305Z cd /home/runner/work/puerts/puerts/unity/native_src/build_linux_x64_v8_10.6.194/_deps/wolfssl-build && /usr/bin/cc -DBUILDING_WOLFSSL -DECC_SHAMIR -DECC_TIMING_RESISTANT -DGCM_TABLE_4BIT -DHAVE_AESGCM -DHAVE_CHACHA -DHAVE_CONFIG_H -DHAVE_DH_DEFAULT_PARAMS -DHAVE_ECC -DHAVE_ENCRYPT_THEN_MAC -DHAVE_EXTENDED_MASTER -DHAVE_EX_DATA -DHAVE_FFDHE_2048 -DHAVE_HASHDRBG -DHAVE_HKDF -DHAVE_ONE_TIME_AUTH -DHAVE_POLY1305 -DHAVE_PTHREAD -DHAVE_SNI -DHAVE_SUPPORTED_CURVES -DHAVE_THREAD_LS -DHAVE_TLS_EXTENSIONS -DHAVE___UINT128_T -DNO_DES3 -DNO_DES3_TLS_SUITES -DNO_DSA -DNO_MD4 -DNO_PSK -DNO_RC4 -DOPENSSL_ALL -DOPENSSL_EXTRA -DTFM_ECC256 -DTFM_TIMING_RESISTANT -DWC_NO_ASYNC_THREADING -DWC_RSA_BLINDING -DWC_RSA_PSS -DWOLFSSL_BASE64_ENCODE -DWOLFSSL_IGNORE_FILE_WARN -DWOLFSSL_NO_SHAKE128 -DWOLFSSL_NO_SHAKE256 -DWOLFSSL_OPENSSH -DWOLFSSL_OPENSSLALL -DWOLFSSL_OPENSSLEXTRA -DWOLFSSL_PSS_LONG_SALT -DWOLFSSL_SHA224 -DWOLFSSL_SHA3 -DWOLFSSL_SHA384 -DWOLFSSL_SHA512 -DWOLFSSL_SYS_CA_CERTS -DWOLFSSL_TLS13 -DWOLFSSL_USE_ALIGN -DWOLFSSL_X86_64_BUILD -D_POSIX_THREADS -I/home/runner/work/puerts/puerts/unity/native_src -I/home/runner/work/puerts/puerts/unity/native_src/../../unreal/Puerts/ThirdParty/Include/websocketpp -I/home/runner/work/puerts/puerts/unity/native_src/../../unreal/Puerts/ThirdParty/Include/asio -I/home/runner/work/puerts/puerts/unity/native_src/Inc -I/home/runner/work/puerts/puerts/unity/native_src/../../unreal/Puerts/Source/JsEnv/Private -I/home/runner/work/puerts/puerts/unity/native_src/../native_src/.backends/v8_10.6.194/Inc -I/home/runner/work/puerts/puerts/unity/native_src/build_linux_x64_v8_10.6.194/_deps/wolfssl-src -I/home/runner/work/puerts/puerts/unity/native_src/build_linux_x64_v8_10.6.194/_deps/wolfssl-build -Wall -Wextra -Wno-unused -Werror  -O3 -DNDEBUG -fPIC -MD -MT _deps/wolfssl-build/CMakeFiles/wolfssl.dir/wolfcrypt/src/random.c.o -MF CMakeFiles/wolfssl.dir/wolfcrypt/src/random.c.o.d -o CMakeFiles/wolfssl.dir/wolfcrypt/src/random.c.o -c /home/runner/work/puerts/puerts/unity/native_src/build_linux_x64_v8_10.6.194/_deps/wolfssl-src/wolfcrypt/src/random.c
2026-02-03T06:06:33.1525408Z [ 11%] Building C object _deps/wolfssl-build/CMakeFiles/wolfssl.dir/wolfcrypt/src/sha256.c.o
2026-02-03T06:06:33.1539013Z cd /home/runner/work/puerts/puerts/unity/native_src/build_linux_x64_v8_10.6.194/_deps/wolfssl-build && /usr/bin/cc -DBUILDING_WOLFSSL -DECC_SHAMIR -DECC_TIMING_RESISTANT -DGCM_TABLE_4BIT -DHAVE_AESGCM -DHAVE_CHACHA -DHAVE_CONFIG_H -DHAVE_DH_DEFAULT_PARAMS -DHAVE_ECC -DHAVE_ENCRYPT_THEN_MAC -DHAVE_EXTENDED_MASTER -DHAVE_EX_DATA -DHAVE_FFDHE_2048 -DHAVE_HASHDRBG -DHAVE_HKDF -DHAVE_ONE_TIME_AUTH -DHAVE_POLY1305 -DHAVE_PTHREAD -DHAVE_SNI -DHAVE_SUPPORTED_CURVES -DHAVE_THREAD_LS -DHAVE_TLS_EXTENSIONS -DHAVE___UINT128_T -DNO_DES3 -DNO_DES3_TLS_SUITES -DNO_DSA -DNO_MD4 -DNO_PSK -DNO_RC4 -DOPENSSL_ALL -DOPENSSL_EXTRA -DTFM_ECC256 -DTFM_TIMING_RESISTANT -DWC_NO_ASYNC_THREADING -DWC_RSA_BLINDING -DWC_RSA_PSS -DWOLFSSL_BASE64_ENCODE -DWOLFSSL_IGNORE_FILE_WARN -DWOLFSSL_NO_SHAKE128 -DWOLFSSL_NO_SHAKE256 -DWOLFSSL_OPENSSH -DWOLFSSL_OPENSSLALL -DWOLFSSL_OPENSSLEXTRA -DWOLFSSL_PSS_LONG_SALT -DWOLFSSL_SHA224 -DWOLFSSL_SHA3 -DWOLFSSL_SHA384 -DWOLFSSL_SHA512 -DWOLFSSL_SYS_CA_CERTS -DWOLFSSL_TLS13 -DWOLFSSL_USE_ALIGN -DWOLFSSL_X86_64_BUILD -D_POSIX_THREADS -I/home/runner/work/puerts/puerts/unity/native_src -I/home/runner/work/puerts/puerts/unity/native_src/../../unreal/Puerts/ThirdParty/Include/websocketpp -I/home/runner/work/puerts/puerts/unity/native_src/../../unreal/Puerts/ThirdParty/Include/asio -I/home/runner/work/puerts/puerts/unity/native_src/Inc -I/home/runner/work/puerts/puerts/unity/native_src/../../unreal/Puerts/Source/JsEnv/Private -I/home/runner/work/puerts/puerts/unity/native_src/../native_src/.backends/v8_10.6.194/Inc -I/home/runner/work/puerts/puerts/unity/native_src/build_linux_x64_v8_10.6.194/_deps/wolfssl-src -I/home/runner/work/puerts/puerts/unity/native_src/build_linux_x64_v8_10.6.194/_deps/wolfssl-build -Wall -Wextra -Wno-unused -Werror  -O3 -DNDEBUG -fPIC -MD -MT _deps/wolfssl-build/CMakeFiles/wolfssl.dir/wolfcrypt/src/sha256.c.o -MF CMakeFiles/wolfssl.dir/wolfcrypt/src/sha256.c.o.d -o CMakeFiles/wolfssl.dir/wolfcrypt/src/sha256.c.o -c /home/runner/work/puerts/puerts/unity/native_src/build_linux_x64_v8_10.6.194/_deps/wolfssl-src/wolfcrypt/src/sha256.c
2026-02-03T06:06:33.3611654Z [ 13%] Building C object _deps/wolfssl-build/CMakeFiles/wolfssl.dir/wolfcrypt/src/rsa.c.o
2026-02-03T06:06:33.3621560Z cd /home/runner/work/puerts/puerts/unity/native_src/build_linux_x64_v8_10.6.194/_deps/wolfssl-build && /usr/bin/cc -DBUILDING_WOLFSSL -DECC_SHAMIR -DECC_TIMING_RESISTANT -DGCM_TABLE_4BIT -DHAVE_AESGCM -DHAVE_CHACHA -DHAVE_CONFIG_H -DHAVE_DH_DEFAULT_PARAMS -DHAVE_ECC -DHAVE_ENCRYPT_THEN_MAC -DHAVE_EXTENDED_MASTER -DHAVE_EX_DATA -DHAVE_FFDHE_2048 -DHAVE_HASHDRBG -DHAVE_HKDF -DHAVE_ONE_TIME_AUTH -DHAVE_POLY1305 -DHAVE_PTHREAD -DHAVE_SNI -DHAVE_SUPPORTED_CURVES -DHAVE_THREAD_LS -DHAVE_TLS_EXTENSIONS -DHAVE___UINT128_T -DNO_DES3 -DNO_DES3_TLS_SUITES -DNO_DSA -DNO_MD4 -DNO_PSK -DNO_RC4 -DOPENSSL_ALL -DOPENSSL_EXTRA -DTFM_ECC256 -DTFM_TIMING_RESISTANT -DWC_NO_ASYNC_THREADING -DWC_RSA_BLINDING -DWC_RSA_PSS -DWOLFSSL_BASE64_ENCODE -DWOLFSSL_IGNORE_FILE_WARN -DWOLFSSL_NO_SHAKE128 -DWOLFSSL_NO_SHAKE256 -DWOLFSSL_OPENSSH -DWOLFSSL_OPENSSLALL -DWOLFSSL_OPENSSLEXTRA -DWOLFSSL_PSS_LONG_SALT -DWOLFSSL_SHA224 -DWOLFSSL_SHA3 -DWOLFSSL_SHA384 -DWOLFSSL_SHA512 -DWOLFSSL_SYS_CA_CERTS -DWOLFSSL_TLS13 -DWOLFSSL_USE_ALIGN -DWOLFSSL_X86_64_BUILD -D_POSIX_THREADS -I/home/runner/work/puerts/puerts/unity/native_src -I/home/runner/work/puerts/puerts/unity/native_src/../../unreal/Puerts/ThirdParty/Include/websocketpp -I/home/runner/work/puerts/puerts/unity/native_src/../../unreal/Puerts/ThirdParty/Include/asio -I/home/runner/work/puerts/puerts/unity/native_src/Inc -I/home/runner/work/puerts/puerts/unity/native_src/../../unreal/Puerts/Source/JsEnv/Private -I/home/runner/work/puerts/puerts/unity/native_src/../native_src/.backends/v8_10.6.194/Inc -I/home/runner/work/puerts/puerts/unity/native_src/build_linux_x64_v8_10.6.194/_deps/wolfssl-src -I/home/runner/work/puerts/puerts/unity/native_src/build_linux_x64_v8_10.6.194/_deps/wolfssl-build -Wall -Wextra -Wno-unused -Werror  -O3 -DNDEBUG -fPIC -MD -MT _deps/wolfssl-build/CMakeFiles/wolfssl.dir/wolfcrypt/src/rsa.c.o -MF CMakeFiles/wolfssl.dir/wolfcrypt/src/rsa.c.o.d -o CMakeFiles/wolfssl.dir/wolfcrypt/src/rsa.c.o -c /home/runner/work/puerts/puerts/unity/native_src/build_linux_x64_v8_10.6.194/_deps/wolfssl-src/wolfcrypt/src/rsa.c
2026-02-03T06:06:34.0735317Z [ 15%] Building C object _deps/wolfssl-build/CMakeFiles/wolfssl.dir/wolfcrypt/src/sp_int.c.o
2026-02-03T06:06:34.0747748Z cd /home/runner/work/puerts/puerts/unity/native_src/build_linux_x64_v8_10.6.194/_deps/wolfssl-build && /usr/bin/cc -DBUILDING_WOLFSSL -DECC_SHAMIR -DECC_TIMING_RESISTANT -DGCM_TABLE_4BIT -DHAVE_AESGCM -DHAVE_CHACHA -DHAVE_CONFIG_H -DHAVE_DH_DEFAULT_PARAMS -DHAVE_ECC -DHAVE_ENCRYPT_THEN_MAC -DHAVE_EXTENDED_MASTER -DHAVE_EX_DATA -DHAVE_FFDHE_2048 -DHAVE_HASHDRBG -DHAVE_HKDF -DHAVE_ONE_TIME_AUTH -DHAVE_POLY1305 -DHAVE_PTHREAD -DHAVE_SNI -DHAVE_SUPPORTED_CURVES -DHAVE_THREAD_LS -DHAVE_TLS_EXTENSIONS -DHAVE___UINT128_T -DNO_DES3 -DNO_DES3_TLS_SUITES -DNO_DSA -DNO_MD4 -DNO_PSK -DNO_RC4 -DOPENSSL_ALL -DOPENSSL_EXTRA -DTFM_ECC256 -DTFM_TIMING_RESISTANT -DWC_NO_ASYNC_THREADING -DWC_RSA_BLINDING -DWC_RSA_PSS -DWOLFSSL_BASE64_ENCODE -DWOLFSSL_IGNORE_FILE_WARN -DWOLFSSL_NO_SHAKE128 -DWOLFSSL_NO_SHAKE256 -DWOLFSSL_OPENSSH -DWOLFSSL_OPENSSLALL -DWOLFSSL_OPENSSLEXTRA -DWOLFSSL_PSS_LONG_SALT -DWOLFSSL_SHA224 -DWOLFSSL_SHA3 -DWOLFSSL_SHA384 -DWOLFSSL_SHA512 -DWOLFSSL_SYS_CA_CERTS -DWOLFSSL_TLS13 -DWOLFSSL_USE_ALIGN -DWOLFSSL_X86_64_BUILD -D_POSIX_THREADS -I/home/runner/work/puerts/puerts/unity/native_src -I/home/runner/work/puerts/puerts/unity/native_src/../../unreal/Puerts/ThirdParty/Include/websocketpp -I/home/runner/work/puerts/puerts/unity/native_src/../../unreal/Puerts/ThirdParty/Include/asio -I/home/runner/work/puerts/puerts/unity/native_src/Inc -I/home/runner/work/puerts/puerts/unity/native_src/../../unreal/Puerts/Source/JsEnv/Private -I/home/runner/work/puerts/puerts/unity/native_src/../native_src/.backends/v8_10.6.194/Inc -I/home/runner/work/puerts/puerts/unity/native_src/build_linux_x64_v8_10.6.194/_deps/wolfssl-src -I/home/runner/work/puerts/puerts/unity/native_src/build_linux_x64_v8_10.6.194/_deps/wolfssl-build -Wall -Wextra -Wno-unused -Werror  -O3 -DNDEBUG -fPIC -MD -MT _deps/wolfssl-build/CMakeFiles/wolfssl.dir/wolfcrypt/src/sp_int.c.o -MF CMakeFiles/wolfssl.dir/wolfcrypt/src/sp_int.c.o.d -o CMakeFiles/wolfssl.dir/wolfcrypt/src/sp_int.c.o -c /home/runner/work/puerts/puerts/unity/native_src/build_linux_x64_v8_10.6.194/_deps/wolfssl-src/wolfcrypt/src/sp_int.c
2026-02-03T06:06:35.3474905Z [ 17%] Building C object _deps/wolfssl-build/CMakeFiles/wolfssl.dir/wolfcrypt/src/aes.c.o
2026-02-03T06:06:35.3486029Z cd /home/runner/work/puerts/puerts/unity/native_src/build_linux_x64_v8_10.6.194/_deps/wolfssl-build && /usr/bin/cc -DBUILDING_WOLFSSL -DECC_SHAMIR -DECC_TIMING_RESISTANT -DGCM_TABLE_4BIT -DHAVE_AESGCM -DHAVE_CHACHA -DHAVE_CONFIG_H -DHAVE_DH_DEFAULT_PARAMS -DHAVE_ECC -DHAVE_ENCRYPT_THEN_MAC -DHAVE_EXTENDED_MASTER -DHAVE_EX_DATA -DHAVE_FFDHE_2048 -DHAVE_HASHDRBG -DHAVE_HKDF -DHAVE_ONE_TIME_AUTH -DHAVE_POLY1305 -DHAVE_PTHREAD -DHAVE_SNI -DHAVE_SUPPORTED_CURVES -DHAVE_THREAD_LS -DHAVE_TLS_EXTENSIONS -DHAVE___UINT128_T -DNO_DES3 -DNO_DES3_TLS_SUITES -DNO_DSA -DNO_MD4 -DNO_PSK -DNO_RC4 -DOPENSSL_ALL -DOPENSSL_EXTRA -DTFM_ECC256 -DTFM_TIMING_RESISTANT -DWC_NO_ASYNC_THREADING -DWC_RSA_BLINDING -DWC_RSA_PSS -DWOLFSSL_BASE64_ENCODE -DWOLFSSL_IGNORE_FILE_WARN -DWOLFSSL_NO_SHAKE128 -DWOLFSSL_NO_SHAKE256 -DWOLFSSL_OPENSSH -DWOLFSSL_OPENSSLALL -DWOLFSSL_OPENSSLEXTRA -DWOLFSSL_PSS_LONG_SALT -DWOLFSSL_SHA224 -DWOLFSSL_SHA3 -DWOLFSSL_SHA384 -DWOLFSSL_SHA512 -DWOLFSSL_SYS_CA_CERTS -DWOLFSSL_TLS13 -DWOLFSSL_USE_ALIGN -DWOLFSSL_X86_64_BUILD -D_POSIX_THREADS -I/home/runner/work/puerts/puerts/unity/native_src -I/home/runner/work/puerts/puerts/unity/native_src/../../unreal/Puerts/ThirdParty/Include/websocketpp -I/home/runner/work/puerts/puerts/unity/native_src/../../unreal/Puerts/ThirdParty/Include/asio -I/home/runner/work/puerts/puerts/unity/native_src/Inc -I/home/runner/work/puerts/puerts/unity/native_src/../../unreal/Puerts/Source/JsEnv/Private -I/home/runner/work/puerts/puerts/unity/native_src/../native_src/.backends/v8_10.6.194/Inc -I/home/runner/work/puerts/puerts/unity/native_src/build_linux_x64_v8_10.6.194/_deps/wolfssl-src -I/home/runner/work/puerts/puerts/unity/native_src/build_linux_x64_v8_10.6.194/_deps/wolfssl-build -Wall -Wextra -Wno-unused -Werror  -O3 -DNDEBUG -fPIC -MD -MT _deps/wolfssl-build/CMakeFiles/wolfssl.dir/wolfcrypt/src/aes.c.o -MF CMakeFiles/wolfssl.dir/wolfcrypt/src/aes.c.o.d -o CMakeFiles/wolfssl.dir/wolfcrypt/src/aes.c.o -c /home/runner/work/puerts/puerts/unity/native_src/build_linux_x64_v8_10.6.194/_deps/wolfssl-src/wolfcrypt/src/aes.c
2026-02-03T06:06:36.0234564Z [ 19%] Building C object _deps/wolfssl-build/CMakeFiles/wolfssl.dir/wolfcrypt/src/sha.c.o
2026-02-03T06:06:36.0247689Z cd /home/runner/work/puerts/puerts/unity/native_src/build_linux_x64_v8_10.6.194/_deps/wolfssl-build && /usr/bin/cc -DBUILDING_WOLFSSL -DECC_SHAMIR -DECC_TIMING_RESISTANT -DGCM_TABLE_4BIT -DHAVE_AESGCM -DHAVE_CHACHA -DHAVE_CONFIG_H -DHAVE_DH_DEFAULT_PARAMS -DHAVE_ECC -DHAVE_ENCRYPT_THEN_MAC -DHAVE_EXTENDED_MASTER -DHAVE_EX_DATA -DHAVE_FFDHE_2048 -DHAVE_HASHDRBG -DHAVE_HKDF -DHAVE_ONE_TIME_AUTH -DHAVE_POLY1305 -DHAVE_PTHREAD -DHAVE_SNI -DHAVE_SUPPORTED_CURVES -DHAVE_THREAD_LS -DHAVE_TLS_EXTENSIONS -DHAVE___UINT128_T -DNO_DES3 -DNO_DES3_TLS_SUITES -DNO_DSA -DNO_MD4 -DNO_PSK -DNO_RC4 -DOPENSSL_ALL -DOPENSSL_EXTRA -DTFM_ECC256 -DTFM_TIMING_RESISTANT -DWC_NO_ASYNC_THREADING -DWC_RSA_BLINDING -DWC_RSA_PSS -DWOLFSSL_BASE64_ENCODE -DWOLFSSL_IGNORE_FILE_WARN -DWOLFSSL_NO_SHAKE128 -DWOLFSSL_NO_SHAKE256 -DWOLFSSL_OPENSSH -DWOLFSSL_OPENSSLALL -DWOLFSSL_OPENSSLEXTRA -DWOLFSSL_PSS_LONG_SALT -DWOLFSSL_SHA224 -DWOLFSSL_SHA3 -DWOLFSSL_SHA384 -DWOLFSSL_SHA512 -DWOLFSSL_SYS_CA_CERTS -DWOLFSSL_TLS13 -DWOLFSSL_USE_ALIGN -DWOLFSSL_X86_64_BUILD -D_POSIX_THREADS -I/home/runner/work/puerts/puerts/unity/native_src -I/home/runner/work/puerts/puerts/unity/native_src/../../unreal/Puerts/ThirdParty/Include/websocketpp -I/home/runner/work/puerts/puerts/unity/native_src/../../unreal/Puerts/ThirdParty/Include/asio -I/home/runner/work/puerts/puerts/unity/native_src/Inc -I/home/runner/work/puerts/puerts/unity/native_src/../../unreal/Puerts/Source/JsEnv/Private -I/home/runner/work/puerts/puerts/unity/native_src/../native_src/.backends/v8_10.6.194/Inc -I/home/runner/work/puerts/puerts/unity/native_src/build_linux_x64_v8_10.6.194/_deps/wolfssl-src -I/home/runner/work/puerts/puerts/unity/native_src/build_linux_x64_v8_10.6.194/_deps/wolfssl-build -Wall -Wextra -Wno-unused -Werror  -O3 -DNDEBUG -fPIC -MD -MT _deps/wolfssl-build/CMakeFiles/wolfssl.dir/wolfcrypt/src/sha.c.o -MF CMakeFiles/wolfssl.dir/wolfcrypt/src/sha.c.o.d -o CMakeFiles/wolfssl.dir/wolfcrypt/src/sha.c.o -c /home/runner/work/puerts/puerts/unity/native_src/build_linux_x64_v8_10.6.194/_deps/wolfssl-src/wolfcrypt/src/sha.c
2026-02-03T06:06:36.2258381Z [ 21%] Building C object _deps/wolfssl-build/CMakeFiles/wolfssl.dir/wolfcrypt/src/sha512.c.o
2026-02-03T06:06:36.2270713Z cd /home/runner/work/puerts/puerts/unity/native_src/build_linux_x64_v8_10.6.194/_deps/wolfssl-build && /usr/bin/cc -DBUILDING_WOLFSSL -DECC_SHAMIR -DECC_TIMING_RESISTANT -DGCM_TABLE_4BIT -DHAVE_AESGCM -DHAVE_CHACHA -DHAVE_CONFIG_H -DHAVE_DH_DEFAULT_PARAMS -DHAVE_ECC -DHAVE_ENCRYPT_THEN_MAC -DHAVE_EXTENDED_MASTER -DHAVE_EX_DATA -DHAVE_FFDHE_2048 -DHAVE_HASHDRBG -DHAVE_HKDF -DHAVE_ONE_TIME_AUTH -DHAVE_POLY1305 -DHAVE_PTHREAD -DHAVE_SNI -DHAVE_SUPPORTED_CURVES -DHAVE_THREAD_LS -DHAVE_TLS_EXTENSIONS -DHAVE___UINT128_T -DNO_DES3 -DNO_DES3_TLS_SUITES -DNO_DSA -DNO_MD4 -DNO_PSK -DNO_RC4 -DOPENSSL_ALL -DOPENSSL_EXTRA -DTFM_ECC256 -DTFM_TIMING_RESISTANT -DWC_NO_ASYNC_THREADING -DWC_RSA_BLINDING -DWC_RSA_PSS -DWOLFSSL_BASE64_ENCODE -DWOLFSSL_IGNORE_FILE_WARN -DWOLFSSL_NO_SHAKE128 -DWOLFSSL_NO_SHAKE256 -DWOLFSSL_OPENSSH -DWOLFSSL_OPENSSLALL -DWOLFSSL_OPENSSLEXTRA -DWOLFSSL_PSS_LONG_SALT -DWOLFSSL_SHA224 -DWOLFSSL_SHA3 -DWOLFSSL_SHA384 -DWOLFSSL_SHA512 -DWOLFSSL_SYS_CA_CERTS -DWOLFSSL_TLS13 -DWOLFSSL_USE_ALIGN -DWOLFSSL_X86_64_BUILD -D_POSIX_THREADS -I/home/runner/work/puerts/puerts/unity/native_src -I/home/runner/work/puerts/puerts/unity/native_src/../../unreal/Puerts/ThirdParty/Include/websocketpp -I/home/runner/work/puerts/puerts/unity/native_src/../../unreal/Puerts/ThirdParty/Include/asio -I/home/runner/work/puerts/puerts/unity/native_src/Inc -I/home/runner/work/puerts/puerts/unity/native_src/../../unreal/Puerts/Source/JsEnv/Private -I/home/runner/work/puerts/puerts/unity/native_src/../native_src/.backends/v8_10.6.194/Inc -I/home/runner/work/puerts/puerts/unity/native_src/build_linux_x64_v8_10.6.194/_deps/wolfssl-src -I/home/runner/work/puerts/puerts/unity/native_src/build_linux_x64_v8_10.6.194/_deps/wolfssl-build -Wall -Wextra -Wno-unused -Werror  -O3 -DNDEBUG -fPIC -MD -MT _deps/wolfssl-build/CMakeFiles/wolfssl.dir/wolfcrypt/src/sha512.c.o -MF CMakeFiles/wolfssl.dir/wolfcrypt/src/sha512.c.o.d -o CMakeFiles/wolfssl.dir/wolfcrypt/src/sha512.c.o -c /home/runner/work/puerts/puerts/unity/native_src/build_linux_x64_v8_10.6.194/_deps/wolfssl-src/wolfcrypt/src/sha512.c
2026-02-03T06:06:36.5508151Z [ 23%] Building C object _deps/wolfssl-build/CMakeFiles/wolfssl.dir/wolfcrypt/src/sha3.c.o
2026-02-03T06:06:36.5521116Z cd /home/runner/work/puerts/puerts/unity/native_src/build_linux_x64_v8_10.6.194/_deps/wolfssl-build && /usr/bin/cc -DBUILDING_WOLFSSL -DECC_SHAMIR -DECC_TIMING_RESISTANT -DGCM_TABLE_4BIT -DHAVE_AESGCM -DHAVE_CHACHA -DHAVE_CONFIG_H -DHAVE_DH_DEFAULT_PARAMS -DHAVE_ECC -DHAVE_ENCRYPT_THEN_MAC -DHAVE_EXTENDED_MASTER -DHAVE_EX_DATA -DHAVE_FFDHE_2048 -DHAVE_HASHDRBG -DHAVE_HKDF -DHAVE_ONE_TIME_AUTH -DHAVE_POLY1305 -DHAVE_PTHREAD -DHAVE_SNI -DHAVE_SUPPORTED_CURVES -DHAVE_THREAD_LS -DHAVE_TLS_EXTENSIONS -DHAVE___UINT128_T -DNO_DES3 -DNO_DES3_TLS_SUITES -DNO_DSA -DNO_MD4 -DNO_PSK -DNO_RC4 -DOPENSSL_ALL -DOPENSSL_EXTRA -DTFM_ECC256 -DTFM_TIMING_RESISTANT -DWC_NO_ASYNC_THREADING -DWC_RSA_BLINDING -DWC_RSA_PSS -DWOLFSSL_BASE64_ENCODE -DWOLFSSL_IGNORE_FILE_WARN -DWOLFSSL_NO_SHAKE128 -DWOLFSSL_NO_SHAKE256 -DWOLFSSL_OPENSSH -DWOLFSSL_OPENSSLALL -DWOLFSSL_OPENSSLEXTRA -DWOLFSSL_PSS_LONG_SALT -DWOLFSSL_SHA224 -DWOLFSSL_SHA3 -DWOLFSSL_SHA384 -DWOLFSSL_SHA512 -DWOLFSSL_SYS_CA_CERTS -DWOLFSSL_TLS13 -DWOLFSSL_USE_ALIGN -DWOLFSSL_X86_64_BUILD -D_POSIX_THREADS -I/home/runner/work/puerts/puerts/unity/native_src -I/home/runner/work/puerts/puerts/unity/native_src/../../unreal/Puerts/ThirdParty/Include/websocketpp -I/home/runner/work/puerts/puerts/unity/native_src/../../unreal/Puerts/ThirdParty/Include/asio -I/home/runner/work/puerts/puerts/unity/native_src/Inc -I/home/runner/work/puerts/puerts/unity/native_src/../../unreal/Puerts/Source/JsEnv/Private -I/home/runner/work/puerts/puerts/unity/native_src/../native_src/.backends/v8_10.6.194/Inc -I/home/runner/work/puerts/puerts/unity/native_src/build_linux_x64_v8_10.6.194/_deps/wolfssl-src -I/home/runner/work/puerts/puerts/unity/native_src/build_linux_x64_v8_10.6.194/_deps/wolfssl-build -Wall -Wextra -Wno-unused -Werror  -O3 -DNDEBUG -fPIC -MD -MT _deps/wolfssl-build/CMakeFiles/wolfssl.dir/wolfcrypt/src/sha3.c.o -MF CMakeFiles/wolfssl.dir/wolfcrypt/src/sha3.c.o.d -o CMakeFiles/wolfssl.dir/wolfcrypt/src/sha3.c.o -c /home/runner/work/puerts/puerts/unity/native_src/build_linux_x64_v8_10.6.194/_deps/wolfssl-src/wolfcrypt/src/sha3.c
2026-02-03T06:06:36.7356603Z [ 25%] Building C object _deps/wolfssl-build/CMakeFiles/wolfssl.dir/wolfcrypt/src/logging.c.o
2026-02-03T06:06:36.7366622Z cd /home/runner/work/puerts/puerts/unity/native_src/build_linux_x64_v8_10.6.194/_deps/wolfssl-build && /usr/bin/cc -DBUILDING_WOLFSSL -DECC_SHAMIR -DECC_TIMING_RESISTANT -DGCM_TABLE_4BIT -DHAVE_AESGCM -DHAVE_CHACHA -DHAVE_CONFIG_H -DHAVE_DH_DEFAULT_PARAMS -DHAVE_ECC -DHAVE_ENCRYPT_THEN_MAC -DHAVE_EXTENDED_MASTER -DHAVE_EX_DATA -DHAVE_FFDHE_2048 -DHAVE_HASHDRBG -DHAVE_HKDF -DHAVE_ONE_TIME_AUTH -DHAVE_POLY1305 -DHAVE_PTHREAD -DHAVE_SNI -DHAVE_SUPPORTED_CURVES -DHAVE_THREAD_LS -DHAVE_TLS_EXTENSIONS -DHAVE___UINT128_T -DNO_DES3 -DNO_DES3_TLS_SUITES -DNO_DSA -DNO_MD4 -DNO_PSK -DNO_RC4 -DOPENSSL_ALL -DOPENSSL_EXTRA -DTFM_ECC256 -DTFM_TIMING_RESISTANT -DWC_NO_ASYNC_THREADING -DWC_RSA_BLINDING -DWC_RSA_PSS -DWOLFSSL_BASE64_ENCODE -DWOLFSSL_IGNORE_FILE_WARN -DWOLFSSL_NO_SHAKE128 -DWOLFSSL_NO_SHAKE256 -DWOLFSSL_OPENSSH -DWOLFSSL_OPENSSLALL -DWOLFSSL_OPENSSLEXTRA -DWOLFSSL_PSS_LONG_SALT -DWOLFSSL_SHA224 -DWOLFSSL_SHA3 -DWOLFSSL_SHA384 -DWOLFSSL_SHA512 -DWOLFSSL_SYS_CA_CERTS -DWOLFSSL_TLS13 -DWOLFSSL_USE_ALIGN -DWOLFSSL_X86_64_BUILD -D_POSIX_THREADS -I/home/runner/work/puerts/puerts/unity/native_src -I/home/runner/work/puerts/puerts/unity/native_src/../../unreal/Puerts/ThirdParty/Include/websocketpp -I/home/runner/work/puerts/puerts/unity/native_src/../../unreal/Puerts/ThirdParty/Include/asio -I/home/runner/work/puerts/puerts/unity/native_src/Inc -I/home/runner/work/puerts/puerts/unity/native_src/../../unreal/Puerts/Source/JsEnv/Private -I/home/runner/work/puerts/puerts/unity/native_src/../native_src/.backends/v8_10.6.194/Inc -I/home/runner/work/puerts/puerts/unity/native_src/build_linux_x64_v8_10.6.194/_deps/wolfssl-src -I/home/runner/work/puerts/puerts/unity/native_src/build_linux_x64_v8_10.6.194/_deps/wolfssl-build -Wall -Wextra -Wno-unused -Werror  -O3 -DNDEBUG -fPIC -MD -MT _deps/wolfssl-build/CMakeFiles/wolfssl.dir/wolfcrypt/src/logging.c.o -MF CMakeFiles/wolfssl.dir/wolfcrypt/src/logging.c.o.d -o CMakeFiles/wolfssl.dir/wolfcrypt/src/logging.c.o -c /home/runner/work/puerts/puerts/unity/native_src/build_linux_x64_v8_10.6.194/_deps/wolfssl-src/wolfcrypt/src/logging.c
2026-02-03T06:06:36.8456725Z [ 26%] Building C object _deps/wolfssl-build/CMakeFiles/wolfssl.dir/wolfcrypt/src/wc_port.c.o
2026-02-03T06:06:36.8470027Z cd /home/runner/work/puerts/puerts/unity/native_src/build_linux_x64_v8_10.6.194/_deps/wolfssl-build && /usr/bin/cc -DBUILDING_WOLFSSL -DECC_SHAMIR -DECC_TIMING_RESISTANT -DGCM_TABLE_4BIT -DHAVE_AESGCM -DHAVE_CHACHA -DHAVE_CONFIG_H -DHAVE_DH_DEFAULT_PARAMS -DHAVE_ECC -DHAVE_ENCRYPT_THEN_MAC -DHAVE_EXTENDED_MASTER -DHAVE_EX_DATA -DHAVE_FFDHE_2048 -DHAVE_HASHDRBG -DHAVE_HKDF -DHAVE_ONE_TIME_AUTH -DHAVE_POLY1305 -DHAVE_PTHREAD -DHAVE_SNI -DHAVE_SUPPORTED_CURVES -DHAVE_THREAD_LS -DHAVE_TLS_EXTENSIONS -DHAVE___UINT128_T -DNO_DES3 -DNO_DES3_TLS_SUITES -DNO_DSA -DNO_MD4 -DNO_PSK -DNO_RC4 -DOPENSSL_ALL -DOPENSSL_EXTRA -DTFM_ECC256 -DTFM_TIMING_RESISTANT -DWC_NO_ASYNC_THREADING -DWC_RSA_BLINDING -DWC_RSA_PSS -DWOLFSSL_BASE64_ENCODE -DWOLFSSL_IGNORE_FILE_WARN -DWOLFSSL_NO_SHAKE128 -DWOLFSSL_NO_SHAKE256 -DWOLFSSL_OPENSSH -DWOLFSSL_OPENSSLALL -DWOLFSSL_OPENSSLEXTRA -DWOLFSSL_PSS_LONG_SALT -DWOLFSSL_SHA224 -DWOLFSSL_SHA3 -DWOLFSSL_SHA384 -DWOLFSSL_SHA512 -DWOLFSSL_SYS_CA_CERTS -DWOLFSSL_TLS13 -DWOLFSSL_USE_ALIGN -DWOLFSSL_X86_64_BUILD -D_POSIX_THREADS -I/home/runner/work/puerts/puerts/unity/native_src -I/home/runner/work/puerts/puerts/unity/native_src/../../unreal/Puerts/ThirdParty/Include/websocketpp -I/home/runner/work/puerts/puerts/unity/native_src/../../unreal/Puerts/ThirdParty/Include/asio -I/home/runner/work/puerts/puerts/unity/native_src/Inc -I/home/runner/work/puerts/puerts/unity/native_src/../../unreal/Puerts/Source/JsEnv/Private -I/home/runner/work/puerts/puerts/unity/native_src/../native_src/.backends/v8_10.6.194/Inc -I/home/runner/work/puerts/puerts/unity/native_src/build_linux_x64_v8_10.6.194/_deps/wolfssl-src -I/home/runner/work/puerts/puerts/unity/native_src/build_linux_x64_v8_10.6.194/_deps/wolfssl-build -Wall -Wextra -Wno-unused -Werror  -O3 -DNDEBUG -fPIC -MD -MT _deps/wolfssl-build/CMakeFiles/wolfssl.dir/wolfcrypt/src/wc_port.c.o -MF CMakeFiles/wolfssl.dir/wolfcrypt/src/wc_port.c.o.d -o CMakeFiles/wolfssl.dir/wolfcrypt/src/wc_port.c.o -c /home/runner/work/puerts/puerts/unity/native_src/build_linux_x64_v8_10.6.194/_deps/wolfssl-src/wolfcrypt/src/wc_port.c
2026-02-03T06:06:37.0081668Z [ 28%] Building C object _deps/wolfssl-build/CMakeFiles/wolfssl.dir/wolfcrypt/src/error.c.o
2026-02-03T06:06:37.0093042Z cd /home/runner/work/puerts/puerts/unity/native_src/build_linux_x64_v8_10.6.194/_deps/wolfssl-build && /usr/bin/cc -DBUILDING_WOLFSSL -DECC_SHAMIR -DECC_TIMING_RESISTANT -DGCM_TABLE_4BIT -DHAVE_AESGCM -DHAVE_CHACHA -DHAVE_CONFIG_H -DHAVE_DH_DEFAULT_PARAMS -DHAVE_ECC -DHAVE_ENCRYPT_THEN_MAC -DHAVE_EXTENDED_MASTER -DHAVE_EX_DATA -DHAVE_FFDHE_2048 -DHAVE_HASHDRBG -DHAVE_HKDF -DHAVE_ONE_TIME_AUTH -DHAVE_POLY1305 -DHAVE_PTHREAD -DHAVE_SNI -DHAVE_SUPPORTED_CURVES -DHAVE_THREAD_LS -DHAVE_TLS_EXTENSIONS -DHAVE___UINT128_T -DNO_DES3 -DNO_DES3_TLS_SUITES -DNO_DSA -DNO_MD4 -DNO_PSK -DNO_RC4 -DOPENSSL_ALL -DOPENSSL_EXTRA -DTFM_ECC256 -DTFM_TIMING_RESISTANT -DWC_NO_ASYNC_THREADING -DWC_RSA_BLINDING -DWC_RSA_PSS -DWOLFSSL_BASE64_ENCODE -DWOLFSSL_IGNORE_FILE_WARN -DWOLFSSL_NO_SHAKE128 -DWOLFSSL_NO_SHAKE256 -DWOLFSSL_OPENSSH -DWOLFSSL_OPENSSLALL -DWOLFSSL_OPENSSLEXTRA -DWOLFSSL_PSS_LONG_SALT -DWOLFSSL_SHA224 -DWOLFSSL_SHA3 -DWOLFSSL_SHA384 -DWOLFSSL_SHA512 -DWOLFSSL_SYS_CA_CERTS -DWOLFSSL_TLS13 -DWOLFSSL_USE_ALIGN -DWOLFSSL_X86_64_BUILD -D_POSIX_THREADS -I/home/runner/work/puerts/puerts/unity/native_src -I/home/runner/work/puerts/puerts/unity/native_src/../../unreal/Puerts/ThirdParty/Include/websocketpp -I/home/runner/work/puerts/puerts/unity/native_src/../../unreal/Puerts/ThirdParty/Include/asio -I/home/runner/work/puerts/puerts/unity/native_src/Inc -I/home/runner/work/puerts/puerts/unity/native_src/../../unreal/Puerts/Source/JsEnv/Private -I/home/runner/work/puerts/puerts/unity/native_src/../native_src/.backends/v8_10.6.194/Inc -I/home/runner/work/puerts/puerts/unity/native_src/build_linux_x64_v8_10.6.194/_deps/wolfssl-src -I/home/runner/work/puerts/puerts/unity/native_src/build_linux_x64_v8_10.6.194/_deps/wolfssl-build -Wall -Wextra -Wno-unused -Werror  -O3 -DNDEBUG -fPIC -MD -MT _deps/wolfssl-build/CMakeFiles/wolfssl.dir/wolfcrypt/src/error.c.o -MF CMakeFiles/wolfssl.dir/wolfcrypt/src/error.c.o.d -o CMakeFiles/wolfssl.dir/wolfcrypt/src/error.c.o -c /home/runner/work/puerts/puerts/unity/native_src/build_linux_x64_v8_10.6.194/_deps/wolfssl-src/wolfcrypt/src/error.c
2026-02-03T06:06:37.0626210Z [ 30%] Building C object _deps/wolfssl-build/CMakeFiles/wolfssl.dir/wolfcrypt/src/wc_encrypt.c.o
2026-02-03T06:06:37.0644204Z cd /home/runner/work/puerts/puerts/unity/native_src/build_linux_x64_v8_10.6.194/_deps/wolfssl-build && /usr/bin/cc -DBUILDING_WOLFSSL -DECC_SHAMIR -DECC_TIMING_RESISTANT -DGCM_TABLE_4BIT -DHAVE_AESGCM -DHAVE_CHACHA -DHAVE_CONFIG_H -DHAVE_DH_DEFAULT_PARAMS -DHAVE_ECC -DHAVE_ENCRYPT_THEN_MAC -DHAVE_EXTENDED_MASTER -DHAVE_EX_DATA -DHAVE_FFDHE_2048 -DHAVE_HASHDRBG -DHAVE_HKDF -DHAVE_ONE_TIME_AUTH -DHAVE_POLY1305 -DHAVE_PTHREAD -DHAVE_SNI -DHAVE_SUPPORTED_CURVES -DHAVE_THREAD_LS -DHAVE_TLS_EXTENSIONS -DHAVE___UINT128_T -DNO_DES3 -DNO_DES3_TLS_SUITES -DNO_DSA -DNO_MD4 -DNO_PSK -DNO_RC4 -DOPENSSL_ALL -DOPENSSL_EXTRA -DTFM_ECC256 -DTFM_TIMING_RESISTANT -DWC_NO_ASYNC_THREADING -DWC_RSA_BLINDING -DWC_RSA_PSS -DWOLFSSL_BASE64_ENCODE -DWOLFSSL_IGNORE_FILE_WARN -DWOLFSSL_NO_SHAKE128 -DWOLFSSL_NO_SHAKE256 -DWOLFSSL_OPENSSH -DWOLFSSL_OPENSSLALL -DWOLFSSL_OPENSSLEXTRA -DWOLFSSL_PSS_LONG_SALT -DWOLFSSL_SHA224 -DWOLFSSL_SHA3 -DWOLFSSL_SHA384 -DWOLFSSL_SHA512 -DWOLFSSL_SYS_CA_CERTS -DWOLFSSL_TLS13 -DWOLFSSL_USE_ALIGN -DWOLFSSL_X86_64_BUILD -D_POSIX_THREADS -I/home/runner/work/puerts/puerts/unity/native_src -I/home/runner/work/puerts/puerts/unity/native_src/../../unreal/Puerts/ThirdParty/Include/websocketpp -I/home/runner/work/puerts/puerts/unity/native_src/../../unreal/Puerts/ThirdParty/Include/asio -I/home/runner/work/puerts/puerts/unity/native_src/Inc -I/home/runner/work/puerts/puerts/unity/native_src/../../unreal/Puerts/Source/JsEnv/Private -I/home/runner/work/puerts/puerts/unity/native_src/../native_src/.backends/v8_10.6.194/Inc -I/home/runner/work/puerts/puerts/unity/native_src/build_linux_x64_v8_10.6.194/_deps/wolfssl-src -I/home/runner/work/puerts/puerts/unity/native_src/build_linux_x64_v8_10.6.194/_deps/wolfssl-build -Wall -Wextra -Wno-unused -Werror  -O3 -DNDEBUG -fPIC -MD -MT _deps/wolfssl-build/CMakeFiles/wolfssl.dir/wolfcrypt/src/wc_encrypt.c.o -MF CMakeFiles/wolfssl.dir/wolfcrypt/src/wc_encrypt.c.o.d -o CMakeFiles/wolfssl.dir/wolfcrypt/src/wc_encrypt.c.o -c /home/runner/work/puerts/puerts/unity/native_src/build_linux_x64_v8_10.6.194/_deps/wolfssl-src/wolfcrypt/src/wc_encrypt.c
2026-02-03T06:06:37.1636358Z [ 32%] Building C object _deps/wolfssl-build/CMakeFiles/wolfssl.dir/wolfcrypt/src/signature.c.o
2026-02-03T06:06:37.1647681Z cd /home/runner/work/puerts/puerts/unity/native_src/build_linux_x64_v8_10.6.194/_deps/wolfssl-build && /usr/bin/cc -DBUILDING_WOLFSSL -DECC_SHAMIR -DECC_TIMING_RESISTANT -DGCM_TABLE_4BIT -DHAVE_AESGCM -DHAVE_CHACHA -DHAVE_CONFIG_H -DHAVE_DH_DEFAULT_PARAMS -DHAVE_ECC -DHAVE_ENCRYPT_THEN_MAC -DHAVE_EXTENDED_MASTER -DHAVE_EX_DATA -DHAVE_FFDHE_2048 -DHAVE_HASHDRBG -DHAVE_HKDF -DHAVE_ONE_TIME_AUTH -DHAVE_POLY1305 -DHAVE_PTHREAD -DHAVE_SNI -DHAVE_SUPPORTED_CURVES -DHAVE_THREAD_LS -DHAVE_TLS_EXTENSIONS -DHAVE___UINT128_T -DNO_DES3 -DNO_DES3_TLS_SUITES -DNO_DSA -DNO_MD4 -DNO_PSK -DNO_RC4 -DOPENSSL_ALL -DOPENSSL_EXTRA -DTFM_ECC256 -DTFM_TIMING_RESISTANT -DWC_NO_ASYNC_THREADING -DWC_RSA_BLINDING -DWC_RSA_PSS -DWOLFSSL_BASE64_ENCODE -DWOLFSSL_IGNORE_FILE_WARN -DWOLFSSL_NO_SHAKE128 -DWOLFSSL_NO_SHAKE256 -DWOLFSSL_OPENSSH -DWOLFSSL_OPENSSLALL -DWOLFSSL_OPENSSLEXTRA -DWOLFSSL_PSS_LONG_SALT -DWOLFSSL_SHA224 -DWOLFSSL_SHA3 -DWOLFSSL_SHA384 -DWOLFSSL_SHA512 -DWOLFSSL_SYS_CA_CERTS -DWOLFSSL_TLS13 -DWOLFSSL_USE_ALIGN -DWOLFSSL_X86_64_BUILD -D_POSIX_THREADS -I/home/runner/work/puerts/puerts/unity/native_src -I/home/runner/work/puerts/puerts/unity/native_src/../../unreal/Puerts/ThirdParty/Include/websocketpp -I/home/runner/work/puerts/puerts/unity/native_src/../../unreal/Puerts/ThirdParty/Include/asio -I/home/runner/work/puerts/puerts/unity/native_src/Inc -I/home/runner/work/puerts/puerts/unity/native_src/../../unreal/Puerts/Source/JsEnv/Private -I/home/runner/work/puerts/puerts/unity/native_src/../native_src/.backends/v8_10.6.194/Inc -I/home/runner/work/puerts/puerts/unity/native_src/build_linux_x64_v8_10.6.194/_deps/wolfssl-src -I/home/runner/work/puerts/puerts/unity/native_src/build_linux_x64_v8_10.6.194/_deps/wolfssl-build -Wall -Wextra -Wno-unused -Werror  -O3 -DNDEBUG -fPIC -MD -MT _deps/wolfssl-build/CMakeFiles/wolfssl.dir/wolfcrypt/src/signature.c.o -MF CMakeFiles/wolfssl.dir/wolfcrypt/src/signature.c.o.d -o CMakeFiles/wolfssl.dir/wolfcrypt/src/signature.c.o -c /home/runner/work/puerts/puerts/unity/native_src/build_linux_x64_v8_10.6.194/_deps/wolfssl-src/wolfcrypt/src/signature.c
2026-02-03T06:06:37.2513003Z [ 34%] Building C object _deps/wolfssl-build/CMakeFiles/wolfssl.dir/wolfcrypt/src/wolfmath.c.o
2026-02-03T06:06:37.2529482Z cd /home/runner/work/puerts/puerts/unity/native_src/build_linux_x64_v8_10.6.194/_deps/wolfssl-build && /usr/bin/cc -DBUILDING_WOLFSSL -DECC_SHAMIR -DECC_TIMING_RESISTANT -DGCM_TABLE_4BIT -DHAVE_AESGCM -DHAVE_CHACHA -DHAVE_CONFIG_H -DHAVE_DH_DEFAULT_PARAMS -DHAVE_ECC -DHAVE_ENCRYPT_THEN_MAC -DHAVE_EXTENDED_MASTER -DHAVE_EX_DATA -DHAVE_FFDHE_2048 -DHAVE_HASHDRBG -DHAVE_HKDF -DHAVE_ONE_TIME_AUTH -DHAVE_POLY1305 -DHAVE_PTHREAD -DHAVE_SNI -DHAVE_SUPPORTED_CURVES -DHAVE_THREAD_LS -DHAVE_TLS_EXTENSIONS -DHAVE___UINT128_T -DNO_DES3 -DNO_DES3_TLS_SUITES -DNO_DSA -DNO_MD4 -DNO_PSK -DNO_RC4 -DOPENSSL_ALL -DOPENSSL_EXTRA -DTFM_ECC256 -DTFM_TIMING_RESISTANT -DWC_NO_ASYNC_THREADING -DWC_RSA_BLINDING -DWC_RSA_PSS -DWOLFSSL_BASE64_ENCODE -DWOLFSSL_IGNORE_FILE_WARN -DWOLFSSL_NO_SHAKE128 -DWOLFSSL_NO_SHAKE256 -DWOLFSSL_OPENSSH -DWOLFSSL_OPENSSLALL -DWOLFSSL_OPENSSLEXTRA -DWOLFSSL_PSS_LONG_SALT -DWOLFSSL_SHA224 -DWOLFSSL_SHA3 -DWOLFSSL_SHA384 -DWOLFSSL_SHA512 -DWOLFSSL_SYS_CA_CERTS -DWOLFSSL_TLS13 -DWOLFSSL_USE_ALIGN -DWOLFSSL_X86_64_BUILD -D_POSIX_THREADS -I/home/runner/work/puerts/puerts/unity/native_src -I/home/runner/work/puerts/puerts/unity/native_src/../../unreal/Puerts/ThirdParty/Include/websocketpp -I/home/runner/work/puerts/puerts/unity/native_src/../../unreal/Puerts/ThirdParty/Include/asio -I/home/runner/work/puerts/puerts/unity/native_src/Inc -I/home/runner/work/puerts/puerts/unity/native_src/../../unreal/Puerts/Source/JsEnv/Private -I/home/runner/work/puerts/puerts/unity/native_src/../native_src/.backends/v8_10.6.194/Inc -I/home/runner/work/puerts/puerts/unity/native_src/build_linux_x64_v8_10.6.194/_deps/wolfssl-src -I/home/runner/work/puerts/puerts/unity/native_src/build_linux_x64_v8_10.6.194/_deps/wolfssl-build -Wall -Wextra -Wno-unused -Werror  -O3 -DNDEBUG -fPIC -MD -MT _deps/wolfssl-build/CMakeFiles/wolfssl.dir/wolfcrypt/src/wolfmath.c.o -MF CMakeFiles/wolfssl.dir/wolfcrypt/src/wolfmath.c.o.d -o CMakeFiles/wolfssl.dir/wolfcrypt/src/wolfmath.c.o -c /home/runner/work/puerts/puerts/unity/native_src/build_linux_x64_v8_10.6.194/_deps/wolfssl-src/wolfcrypt/src/wolfmath.c
2026-02-03T06:06:37.3234561Z [ 36%] Building C object _deps/wolfssl-build/CMakeFiles/wolfssl.dir/wolfcrypt/src/memory.c.o
2026-02-03T06:06:37.3248553Z cd /home/runner/work/puerts/puerts/unity/native_src/build_linux_x64_v8_10.6.194/_deps/wolfssl-build && /usr/bin/cc -DBUILDING_WOLFSSL -DECC_SHAMIR -DECC_TIMING_RESISTANT -DGCM_TABLE_4BIT -DHAVE_AESGCM -DHAVE_CHACHA -DHAVE_CONFIG_H -DHAVE_DH_DEFAULT_PARAMS -DHAVE_ECC -DHAVE_ENCRYPT_THEN_MAC -DHAVE_EXTENDED_MASTER -DHAVE_EX_DATA -DHAVE_FFDHE_2048 -DHAVE_HASHDRBG -DHAVE_HKDF -DHAVE_ONE_TIME_AUTH -DHAVE_POLY1305 -DHAVE_PTHREAD -DHAVE_SNI -DHAVE_SUPPORTED_CURVES -DHAVE_THREAD_LS -DHAVE_TLS_EXTENSIONS -DHAVE___UINT128_T -DNO_DES3 -DNO_DES3_TLS_SUITES -DNO_DSA -DNO_MD4 -DNO_PSK -DNO_RC4 -DOPENSSL_ALL -DOPENSSL_EXTRA -DTFM_ECC256 -DTFM_TIMING_RESISTANT -DWC_NO_ASYNC_THREADING -DWC_RSA_BLINDING -DWC_RSA_PSS -DWOLFSSL_BASE64_ENCODE -DWOLFSSL_IGNORE_FILE_WARN -DWOLFSSL_NO_SHAKE128 -DWOLFSSL_NO_SHAKE256 -DWOLFSSL_OPENSSH -DWOLFSSL_OPENSSLALL -DWOLFSSL_OPENSSLEXTRA -DWOLFSSL_PSS_LONG_SALT -DWOLFSSL_SHA224 -DWOLFSSL_SHA3 -DWOLFSSL_SHA384 -DWOLFSSL_SHA512 -DWOLFSSL_SYS_CA_CERTS -DWOLFSSL_TLS13 -DWOLFSSL_USE_ALIGN -DWOLFSSL_X86_64_BUILD -D_POSIX_THREADS -I/home/runner/work/puerts/puerts/unity/native_src -I/home/runner/work/puerts/puerts/unity/native_src/../../unreal/Puerts/ThirdParty/Include/websocketpp -I/home/runner/work/puerts/puerts/unity/native_src/../../unreal/Puerts/ThirdParty/Include/asio -I/home/runner/work/puerts/puerts/unity/native_src/Inc -I/home/runner/work/puerts/puerts/unity/native_src/../../unreal/Puerts/Source/JsEnv/Private -I/home/runner/work/puerts/puerts/unity/native_src/../native_src/.backends/v8_10.6.194/Inc -I/home/runner/work/puerts/puerts/unity/native_src/build_linux_x64_v8_10.6.194/_deps/wolfssl-src -I/home/runner/work/puerts/puerts/unity/native_src/build_linux_x64_v8_10.6.194/_deps/wolfssl-build -Wall -Wextra -Wno-unused -Werror  -O3 -DNDEBUG -fPIC -MD -MT _deps/wolfssl-build/CMakeFiles/wolfssl.dir/wolfcrypt/src/memory.c.o -MF CMakeFiles/wolfssl.dir/wolfcrypt/src/memory.c.o.d -o CMakeFiles/wolfssl.dir/wolfcrypt/src/memory.c.o -c /home/runner/work/puerts/puerts/unity/native_src/build_linux_x64_v8_10.6.194/_deps/wolfssl-src/wolfcrypt/src/memory.c
2026-02-03T06:06:37.3698878Z [ 38%] Building C object _deps/wolfssl-build/CMakeFiles/wolfssl.dir/wolfcrypt/src/dh.c.o
2026-02-03T06:06:37.3712386Z cd /home/runner/work/puerts/puerts/unity/native_src/build_linux_x64_v8_10.6.194/_deps/wolfssl-build && /usr/bin/cc -DBUILDING_WOLFSSL -DECC_SHAMIR -DECC_TIMING_RESISTANT -DGCM_TABLE_4BIT -DHAVE_AESGCM -DHAVE_CHACHA -DHAVE_CONFIG_H -DHAVE_DH_DEFAULT_PARAMS -DHAVE_ECC -DHAVE_ENCRYPT_THEN_MAC -DHAVE_EXTENDED_MASTER -DHAVE_EX_DATA -DHAVE_FFDHE_2048 -DHAVE_HASHDRBG -DHAVE_HKDF -DHAVE_ONE_TIME_AUTH -DHAVE_POLY1305 -DHAVE_PTHREAD -DHAVE_SNI -DHAVE_SUPPORTED_CURVES -DHAVE_THREAD_LS -DHAVE_TLS_EXTENSIONS -DHAVE___UINT128_T -DNO_DES3 -DNO_DES3_TLS_SUITES -DNO_DSA -DNO_MD4 -DNO_PSK -DNO_RC4 -DOPENSSL_ALL -DOPENSSL_EXTRA -DTFM_ECC256 -DTFM_TIMING_RESISTANT -DWC_NO_ASYNC_THREADING -DWC_RSA_BLINDING -DWC_RSA_PSS -DWOLFSSL_BASE64_ENCODE -DWOLFSSL_IGNORE_FILE_WARN -DWOLFSSL_NO_SHAKE128 -DWOLFSSL_NO_SHAKE256 -DWOLFSSL_OPENSSH -DWOLFSSL_OPENSSLALL -DWOLFSSL_OPENSSLEXTRA -DWOLFSSL_PSS_LONG_SALT -DWOLFSSL_SHA224 -DWOLFSSL_SHA3 -DWOLFSSL_SHA384 -DWOLFSSL_SHA512 -DWOLFSSL_SYS_CA_CERTS -DWOLFSSL_TLS13 -DWOLFSSL_USE_ALIGN -DWOLFSSL_X86_64_BUILD -D_POSIX_THREADS -I/home/runner/work/puerts/puerts/unity/native_src -I/home/runner/work/puerts/puerts/unity/native_src/../../unreal/Puerts/ThirdParty/Include/websocketpp -I/home/runner/work/puerts/puerts/unity/native_src/../../unreal/Puerts/ThirdParty/Include/asio -I/home/runner/work/puerts/puerts/unity/native_src/Inc -I/home/runner/work/puerts/puerts/unity/native_src/../../unreal/Puerts/Source/JsEnv/Private -I/home/runner/work/puerts/puerts/unity/native_src/../native_src/.backends/v8_10.6.194/Inc -I/home/runner/work/puerts/puerts/unity/native_src/build_linux_x64_v8_10.6.194/_deps/wolfssl-src -I/home/runner/work/puerts/puerts/unity/native_src/build_linux_x64_v8_10.6.194/_deps/wolfssl-build -Wall -Wextra -Wno-unused -Werror  -O3 -DNDEBUG -fPIC -MD -MT _deps/wolfssl-build/CMakeFiles/wolfssl.dir/wolfcrypt/src/dh.c.o -MF CMakeFiles/wolfssl.dir/wolfcrypt/src/dh.c.o.d -o CMakeFiles/wolfssl.dir/wolfcrypt/src/dh.c.o -c /home/runner/work/puerts/puerts/unity/native_src/build_linux_x64_v8_10.6.194/_deps/wolfssl-src/wolfcrypt/src/dh.c
2026-02-03T06:06:37.5695218Z [ 40%] Building C object _deps/wolfssl-build/CMakeFiles/wolfssl.dir/wolfcrypt/src/asn.c.o
2026-02-03T06:06:37.5706255Z cd /home/runner/work/puerts/puerts/unity/native_src/build_linux_x64_v8_10.6.194/_deps/wolfssl-build && /usr/bin/cc -DBUILDING_WOLFSSL -DECC_SHAMIR -DECC_TIMING_RESISTANT -DGCM_TABLE_4BIT -DHAVE_AESGCM -DHAVE_CHACHA -DHAVE_CONFIG_H -DHAVE_DH_DEFAULT_PARAMS -DHAVE_ECC -DHAVE_ENCRYPT_THEN_MAC -DHAVE_EXTENDED_MASTER -DHAVE_EX_DATA -DHAVE_FFDHE_2048 -DHAVE_HASHDRBG -DHAVE_HKDF -DHAVE_ONE_TIME_AUTH -DHAVE_POLY1305 -DHAVE_PTHREAD -DHAVE_SNI -DHAVE_SUPPORTED_CURVES -DHAVE_THREAD_LS -DHAVE_TLS_EXTENSIONS -DHAVE___UINT128_T -DNO_DES3 -DNO_DES3_TLS_SUITES -DNO_DSA -DNO_MD4 -DNO_PSK -DNO_RC4 -DOPENSSL_ALL -DOPENSSL_EXTRA -DTFM_ECC256 -DTFM_TIMING_RESISTANT -DWC_NO_ASYNC_THREADING -DWC_RSA_BLINDING -DWC_RSA_PSS -DWOLFSSL_BASE64_ENCODE -DWOLFSSL_IGNORE_FILE_WARN -DWOLFSSL_NO_SHAKE128 -DWOLFSSL_NO_SHAKE256 -DWOLFSSL_OPENSSH -DWOLFSSL_OPENSSLALL -DWOLFSSL_OPENSSLEXTRA -DWOLFSSL_PSS_LONG_SALT -DWOLFSSL_SHA224 -DWOLFSSL_SHA3 -DWOLFSSL_SHA384 -DWOLFSSL_SHA512 -DWOLFSSL_SYS_CA_CERTS -DWOLFSSL_TLS13 -DWOLFSSL_USE_ALIGN -DWOLFSSL_X86_64_BUILD -D_POSIX_THREADS -I/home/runner/work/puerts/puerts/unity/native_src -I/home/runner/work/puerts/puerts/unity/native_src/../../unreal/Puerts/ThirdParty/Include/websocketpp -I/home/runner/work/puerts/puerts/unity/native_src/../../unreal/Puerts/ThirdParty/Include/asio -I/home/runner/work/puerts/puerts/unity/native_src/Inc -I/home/runner/work/puerts/puerts/unity/native_src/../../unreal/Puerts/Source/JsEnv/Private -I/home/runner/work/puerts/puerts/unity/native_src/../native_src/.backends/v8_10.6.194/Inc -I/home/runner/work/puerts/puerts/unity/native_src/build_linux_x64_v8_10.6.194/_deps/wolfssl-src -I/home/runner/work/puerts/puerts/unity/native_src/build_linux_x64_v8_10.6.194/_deps/wolfssl-build -Wall -Wextra -Wno-unused -Werror  -O3 -DNDEBUG -fPIC -MD -MT _deps/wolfssl-build/CMakeFiles/wolfssl.dir/wolfcrypt/src/asn.c.o -MF CMakeFiles/wolfssl.dir/wolfcrypt/src/asn.c.o.d -o CMakeFiles/wolfssl.dir/wolfcrypt/src/asn.c.o -c /home/runner/work/puerts/puerts/unity/native_src/build_linux_x64_v8_10.6.194/_deps/wolfssl-src/wolfcrypt/src/asn.c
2026-02-03T06:06:39.2538060Z [ 42%] Building C object _deps/wolfssl-build/CMakeFiles/wolfssl.dir/wolfcrypt/src/coding.c.o
2026-02-03T06:06:39.2554720Z cd /home/runner/work/puerts/puerts/unity/native_src/build_linux_x64_v8_10.6.194/_deps/wolfssl-build && /usr/bin/cc -DBUILDING_WOLFSSL -DECC_SHAMIR -DECC_TIMING_RESISTANT -DGCM_TABLE_4BIT -DHAVE_AESGCM -DHAVE_CHACHA -DHAVE_CONFIG_H -DHAVE_DH_DEFAULT_PARAMS -DHAVE_ECC -DHAVE_ENCRYPT_THEN_MAC -DHAVE_EXTENDED_MASTER -DHAVE_EX_DATA -DHAVE_FFDHE_2048 -DHAVE_HASHDRBG -DHAVE_HKDF -DHAVE_ONE_TIME_AUTH -DHAVE_POLY1305 -DHAVE_PTHREAD -DHAVE_SNI -DHAVE_SUPPORTED_CURVES -DHAVE_THREAD_LS -DHAVE_TLS_EXTENSIONS -DHAVE___UINT128_T -DNO_DES3 -DNO_DES3_TLS_SUITES -DNO_DSA -DNO_MD4 -DNO_PSK -DNO_RC4 -DOPENSSL_ALL -DOPENSSL_EXTRA -DTFM_ECC256 -DTFM_TIMING_RESISTANT -DWC_NO_ASYNC_THREADING -DWC_RSA_BLINDING -DWC_RSA_PSS -DWOLFSSL_BASE64_ENCODE -DWOLFSSL_IGNORE_FILE_WARN -DWOLFSSL_NO_SHAKE128 -DWOLFSSL_NO_SHAKE256 -DWOLFSSL_OPENSSH -DWOLFSSL_OPENSSLALL -DWOLFSSL_OPENSSLEXTRA -DWOLFSSL_PSS_LONG_SALT -DWOLFSSL_SHA224 -DWOLFSSL_SHA3 -DWOLFSSL_SHA384 -DWOLFSSL_SHA512 -DWOLFSSL_SYS_CA_CERTS -DWOLFSSL_TLS13 -DWOLFSSL_USE_ALIGN -DWOLFSSL_X86_64_BUILD -D_POSIX_THREADS -I/home/runner/work/puerts/puerts/unity/native_src -I/home/runner/work/puerts/puerts/unity/native_src/../../unreal/Puerts/ThirdParty/Include/websocketpp -I/home/runner/work/puerts/puerts/unity/native_src/../../unreal/Puerts/ThirdParty/Include/asio -I/home/runner/work/puerts/puerts/unity/native_src/Inc -I/home/runner/work/puerts/puerts/unity/native_src/../../unreal/Puerts/Source/JsEnv/Private -I/home/runner/work/puerts/puerts/unity/native_src/../native_src/.backends/v8_10.6.194/Inc -I/home/runner/work/puerts/puerts/unity/native_src/build_linux_x64_v8_10.6.194/_deps/wolfssl-src -I/home/runner/work/puerts/puerts/unity/native_src/build_linux_x64_v8_10.6.194/_deps/wolfssl-build -Wall -Wextra -Wno-unused -Werror  -O3 -DNDEBUG -fPIC -MD -MT _deps/wolfssl-build/CMakeFiles/wolfssl.dir/wolfcrypt/src/coding.c.o -MF CMakeFiles/wolfssl.dir/wolfcrypt/src/coding.c.o.d -o CMakeFiles/wolfssl.dir/wolfcrypt/src/coding.c.o -c /home/runner/work/puerts/puerts/unity/native_src/build_linux_x64_v8_10.6.194/_deps/wolfssl-src/wolfcrypt/src/coding.c
2026-02-03T06:06:39.4741870Z [ 44%] Building C object _deps/wolfssl-build/CMakeFiles/wolfssl.dir/wolfcrypt/src/poly1305.c.o
2026-02-03T06:06:39.4755721Z cd /home/runner/work/puerts/puerts/unity/native_src/build_linux_x64_v8_10.6.194/_deps/wolfssl-build && /usr/bin/cc -DBUILDING_WOLFSSL -DECC_SHAMIR -DECC_TIMING_RESISTANT -DGCM_TABLE_4BIT -DHAVE_AESGCM -DHAVE_CHACHA -DHAVE_CONFIG_H -DHAVE_DH_DEFAULT_PARAMS -DHAVE_ECC -DHAVE_ENCRYPT_THEN_MAC -DHAVE_EXTENDED_MASTER -DHAVE_EX_DATA -DHAVE_FFDHE_2048 -DHAVE_HASHDRBG -DHAVE_HKDF -DHAVE_ONE_TIME_AUTH -DHAVE_POLY1305 -DHAVE_PTHREAD -DHAVE_SNI -DHAVE_SUPPORTED_CURVES -DHAVE_THREAD_LS -DHAVE_TLS_EXTENSIONS -DHAVE___UINT128_T -DNO_DES3 -DNO_DES3_TLS_SUITES -DNO_DSA -DNO_MD4 -DNO_PSK -DNO_RC4 -DOPENSSL_ALL -DOPENSSL_EXTRA -DTFM_ECC256 -DTFM_TIMING_RESISTANT -DWC_NO_ASYNC_THREADING -DWC_RSA_BLINDING -DWC_RSA_PSS -DWOLFSSL_BASE64_ENCODE -DWOLFSSL_IGNORE_FILE_WARN -DWOLFSSL_NO_SHAKE128 -DWOLFSSL_NO_SHAKE256 -DWOLFSSL_OPENSSH -DWOLFSSL_OPENSSLALL -DWOLFSSL_OPENSSLEXTRA -DWOLFSSL_PSS_LONG_SALT -DWOLFSSL_SHA224 -DWOLFSSL_SHA3 -DWOLFSSL_SHA384 -DWOLFSSL_SHA512 -DWOLFSSL_SYS_CA_CERTS -DWOLFSSL_TLS13 -DWOLFSSL_USE_ALIGN -DWOLFSSL_X86_64_BUILD -D_POSIX_THREADS -I/home/runner/work/puerts/puerts/unity/native_src -I/home/runner/work/puerts/puerts/unity/native_src/../../unreal/Puerts/ThirdParty/Include/websocketpp -I/home/runner/work/puerts/puerts/unity/native_src/../../unreal/Puerts/ThirdParty/Include/asio -I/home/runner/work/puerts/puerts/unity/native_src/Inc -I/home/runner/work/puerts/puerts/unity/native_src/../../unreal/Puerts/Source/JsEnv/Private -I/home/runner/work/puerts/puerts/unity/native_src/../native_src/.backends/v8_10.6.194/Inc -I/home/runner/work/puerts/puerts/unity/native_src/build_linux_x64_v8_10.6.194/_deps/wolfssl-src -I/home/runner/work/puerts/puerts/unity/native_src/build_linux_x64_v8_10.6.194/_deps/wolfssl-build -Wall -Wextra -Wno-unused -Werror  -O3 -DNDEBUG -fPIC -MD -MT _deps/wolfssl-build/CMakeFiles/wolfssl.dir/wolfcrypt/src/poly1305.c.o -MF CMakeFiles/wolfssl.dir/wolfcrypt/src/poly1305.c.o.d -o CMakeFiles/wolfssl.dir/wolfcrypt/src/poly1305.c.o -c /home/runner/work/puerts/puerts/unity/native_src/build_linux_x64_v8_10.6.194/_deps/wolfssl-src/wolfcrypt/src/poly1305.c
2026-02-03T06:06:39.6056918Z [ 46%] Building C object _deps/wolfssl-build/CMakeFiles/wolfssl.dir/wolfcrypt/src/md5.c.o
2026-02-03T06:06:39.6070583Z cd /home/runner/work/puerts/puerts/unity/native_src/build_linux_x64_v8_10.6.194/_deps/wolfssl-build && /usr/bin/cc -DBUILDING_WOLFSSL -DECC_SHAMIR -DECC_TIMING_RESISTANT -DGCM_TABLE_4BIT -DHAVE_AESGCM -DHAVE_CHACHA -DHAVE_CONFIG_H -DHAVE_DH_DEFAULT_PARAMS -DHAVE_ECC -DHAVE_ENCRYPT_THEN_MAC -DHAVE_EXTENDED_MASTER -DHAVE_EX_DATA -DHAVE_FFDHE_2048 -DHAVE_HASHDRBG -DHAVE_HKDF -DHAVE_ONE_TIME_AUTH -DHAVE_POLY1305 -DHAVE_PTHREAD -DHAVE_SNI -DHAVE_SUPPORTED_CURVES -DHAVE_THREAD_LS -DHAVE_TLS_EXTENSIONS -DHAVE___UINT128_T -DNO_DES3 -DNO_DES3_TLS_SUITES -DNO_DSA -DNO_MD4 -DNO_PSK -DNO_RC4 -DOPENSSL_ALL -DOPENSSL_EXTRA -DTFM_ECC256 -DTFM_TIMING_RESISTANT -DWC_NO_ASYNC_THREADING -DWC_RSA_BLINDING -DWC_RSA_PSS -DWOLFSSL_BASE64_ENCODE -DWOLFSSL_IGNORE_FILE_WARN -DWOLFSSL_NO_SHAKE128 -DWOLFSSL_NO_SHAKE256 -DWOLFSSL_OPENSSH -DWOLFSSL_OPENSSLALL -DWOLFSSL_OPENSSLEXTRA -DWOLFSSL_PSS_LONG_SALT -DWOLFSSL_SHA224 -DWOLFSSL_SHA3 -DWOLFSSL_SHA384 -DWOLFSSL_SHA512 -DWOLFSSL_SYS_CA_CERTS -DWOLFSSL_TLS13 -DWOLFSSL_USE_ALIGN -DWOLFSSL_X86_64_BUILD -D_POSIX_THREADS -I/home/runner/work/puerts/puerts/unity/native_src -I/home/runner/work/puerts/puerts/unity/native_src/../../unreal/Puerts/ThirdParty/Include/websocketpp -I/home/runner/work/puerts/puerts/unity/native_src/../../unreal/Puerts/ThirdParty/Include/asio -I/home/runner/work/puerts/puerts/unity/native_src/Inc -I/home/runner/work/puerts/puerts/unity/native_src/../../unreal/Puerts/Source/JsEnv/Private -I/home/runner/work/puerts/puerts/unity/native_src/../native_src/.backends/v8_10.6.194/Inc -I/home/runner/work/puerts/puerts/unity/native_src/build_linux_x64_v8_10.6.194/_deps/wolfssl-src -I/home/runner/work/puerts/puerts/unity/native_src/build_linux_x64_v8_10.6.194/_deps/wolfssl-build -Wall -Wextra -Wno-unused -Werror  -O3 -DNDEBUG -fPIC -MD -MT _deps/wolfssl-build/CMakeFiles/wolfssl.dir/wolfcrypt/src/md5.c.o -MF CMakeFiles/wolfssl.dir/wolfcrypt/src/md5.c.o.d -o CMakeFiles/wolfssl.dir/wolfcrypt/src/md5.c.o -c /home/runner/work/puerts/puerts/unity/native_src/build_linux_x64_v8_10.6.194/_deps/wolfssl-src/wolfcrypt/src/md5.c
2026-02-03T06:06:39.7160487Z [ 48%] Building C object _deps/wolfssl-build/CMakeFiles/wolfssl.dir/wolfcrypt/src/pwdbased.c.o
2026-02-03T06:06:39.7175561Z cd /home/runner/work/puerts/puerts/unity/native_src/build_linux_x64_v8_10.6.194/_deps/wolfssl-build && /usr/bin/cc -DBUILDING_WOLFSSL -DECC_SHAMIR -DECC_TIMING_RESISTANT -DGCM_TABLE_4BIT -DHAVE_AESGCM -DHAVE_CHACHA -DHAVE_CONFIG_H -DHAVE_DH_DEFAULT_PARAMS -DHAVE_ECC -DHAVE_ENCRYPT_THEN_MAC -DHAVE_EXTENDED_MASTER -DHAVE_EX_DATA -DHAVE_FFDHE_2048 -DHAVE_HASHDRBG -DHAVE_HKDF -DHAVE_ONE_TIME_AUTH -DHAVE_POLY1305 -DHAVE_PTHREAD -DHAVE_SNI -DHAVE_SUPPORTED_CURVES -DHAVE_THREAD_LS -DHAVE_TLS_EXTENSIONS -DHAVE___UINT128_T -DNO_DES3 -DNO_DES3_TLS_SUITES -DNO_DSA -DNO_MD4 -DNO_PSK -DNO_RC4 -DOPENSSL_ALL -DOPENSSL_EXTRA -DTFM_ECC256 -DTFM_TIMING_RESISTANT -DWC_NO_ASYNC_THREADING -DWC_RSA_BLINDING -DWC_RSA_PSS -DWOLFSSL_BASE64_ENCODE -DWOLFSSL_IGNORE_FILE_WARN -DWOLFSSL_NO_SHAKE128 -DWOLFSSL_NO_SHAKE256 -DWOLFSSL_OPENSSH -DWOLFSSL_OPENSSLALL -DWOLFSSL_OPENSSLEXTRA -DWOLFSSL_PSS_LONG_SALT -DWOLFSSL_SHA224 -DWOLFSSL_SHA3 -DWOLFSSL_SHA384 -DWOLFSSL_SHA512 -DWOLFSSL_SYS_CA_CERTS -DWOLFSSL_TLS13 -DWOLFSSL_USE_ALIGN -DWOLFSSL_X86_64_BUILD -D_POSIX_THREADS -I/home/runner/work/puerts/puerts/unity/native_src -I/home/runner/work/puerts/puerts/unity/native_src/../../unreal/Puerts/ThirdParty/Include/websocketpp -I/home/runner/work/puerts/puerts/unity/native_src/../../unreal/Puerts/ThirdParty/Include/asio -I/home/runner/work/puerts/puerts/unity/native_src/Inc -I/home/runner/work/puerts/puerts/unity/native_src/../../unreal/Puerts/Source/JsEnv/Private -I/home/runner/work/puerts/puerts/unity/native_src/../native_src/.backends/v8_10.6.194/Inc -I/home/runner/work/puerts/puerts/unity/native_src/build_linux_x64_v8_10.6.194/_deps/wolfssl-src -I/home/runner/work/puerts/puerts/unity/native_src/build_linux_x64_v8_10.6.194/_deps/wolfssl-build -Wall -Wextra -Wno-unused -Werror  -O3 -DNDEBUG -fPIC -MD -MT _deps/wolfssl-build/CMakeFiles/wolfssl.dir/wolfcrypt/src/pwdbased.c.o -MF CMakeFiles/wolfssl.dir/wolfcrypt/src/pwdbased.c.o.d -o CMakeFiles/wolfssl.dir/wolfcrypt/src/pwdbased.c.o -c /home/runner/work/puerts/puerts/unity/native_src/build_linux_x64_v8_10.6.194/_deps/wolfssl-src/wolfcrypt/src/pwdbased.c
2026-02-03T06:06:39.8645456Z [ 50%] Building C object _deps/wolfssl-build/CMakeFiles/wolfssl.dir/wolfcrypt/src/pkcs12.c.o
2026-02-03T06:06:39.8658335Z cd /home/runner/work/puerts/puerts/unity/native_src/build_linux_x64_v8_10.6.194/_deps/wolfssl-build && /usr/bin/cc -DBUILDING_WOLFSSL -DECC_SHAMIR -DECC_TIMING_RESISTANT -DGCM_TABLE_4BIT -DHAVE_AESGCM -DHAVE_CHACHA -DHAVE_CONFIG_H -DHAVE_DH_DEFAULT_PARAMS -DHAVE_ECC -DHAVE_ENCRYPT_THEN_MAC -DHAVE_EXTENDED_MASTER -DHAVE_EX_DATA -DHAVE_FFDHE_2048 -DHAVE_HASHDRBG -DHAVE_HKDF -DHAVE_ONE_TIME_AUTH -DHAVE_POLY1305 -DHAVE_PTHREAD -DHAVE_SNI -DHAVE_SUPPORTED_CURVES -DHAVE_THREAD_LS -DHAVE_TLS_EXTENSIONS -DHAVE___UINT128_T -DNO_DES3 -DNO_DES3_TLS_SUITES -DNO_DSA -DNO_MD4 -DNO_PSK -DNO_RC4 -DOPENSSL_ALL -DOPENSSL_EXTRA -DTFM_ECC256 -DTFM_TIMING_RESISTANT -DWC_NO_ASYNC_THREADING -DWC_RSA_BLINDING -DWC_RSA_PSS -DWOLFSSL_BASE64_ENCODE -DWOLFSSL_IGNORE_FILE_WARN -DWOLFSSL_NO_SHAKE128 -DWOLFSSL_NO_SHAKE256 -DWOLFSSL_OPENSSH -DWOLFSSL_OPENSSLALL -DWOLFSSL_OPENSSLEXTRA -DWOLFSSL_PSS_LONG_SALT -DWOLFSSL_SHA224 -DWOLFSSL_SHA3 -DWOLFSSL_SHA384 -DWOLFSSL_SHA512 -DWOLFSSL_SYS_CA_CERTS -DWOLFSSL_TLS13 -DWOLFSSL_USE_ALIGN -DWOLFSSL_X86_64_BUILD -D_POSIX_THREADS -I/home/runner/work/puerts/puerts/unity/native_src -I/home/runner/work/puerts/puerts/unity/native_src/../../unreal/Puerts/ThirdParty/Include/websocketpp -I/home/runner/work/puerts/puerts/unity/native_src/../../unreal/Puerts/ThirdParty/Include/asio -I/home/runner/work/puerts/puerts/unity/native_src/Inc -I/home/runner/work/puerts/puerts/unity/native_src/../../unreal/Puerts/Source/JsEnv/Private -I/home/runner/work/puerts/puerts/unity/native_src/../native_src/.backends/v8_10.6.194/Inc -I/home/runner/work/puerts/puerts/unity/native_src/build_linux_x64_v8_10.6.194/_deps/wolfssl-src -I/home/runner/work/puerts/puerts/unity/native_src/build_linux_x64_v8_10.6.194/_deps/wolfssl-build -Wall -Wextra -Wno-unused -Werror  -O3 -DNDEBUG -fPIC -MD -MT _deps/wolfssl-build/CMakeFiles/wolfssl.dir/wolfcrypt/src/pkcs12.c.o -MF CMakeFiles/wolfssl.dir/wolfcrypt/src/pkcs12.c.o.d -o CMakeFiles/wolfssl.dir/wolfcrypt/src/pkcs12.c.o -c /home/runner/work/puerts/puerts/unity/native_src/build_linux_x64_v8_10.6.194/_deps/wolfssl-src/wolfcrypt/src/pkcs12.c
2026-02-03T06:06:40.2009813Z [ 51%] Building C object _deps/wolfssl-build/CMakeFiles/wolfssl.dir/wolfcrypt/src/chacha.c.o
2026-02-03T06:06:40.2023467Z cd /home/runner/work/puerts/puerts/unity/native_src/build_linux_x64_v8_10.6.194/_deps/wolfssl-build && /usr/bin/cc -DBUILDING_WOLFSSL -DECC_SHAMIR -DECC_TIMING_RESISTANT -DGCM_TABLE_4BIT -DHAVE_AESGCM -DHAVE_CHACHA -DHAVE_CONFIG_H -DHAVE_DH_DEFAULT_PARAMS -DHAVE_ECC -DHAVE_ENCRYPT_THEN_MAC -DHAVE_EXTENDED_MASTER -DHAVE_EX_DATA -DHAVE_FFDHE_2048 -DHAVE_HASHDRBG -DHAVE_HKDF -DHAVE_ONE_TIME_AUTH -DHAVE_POLY1305 -DHAVE_PTHREAD -DHAVE_SNI -DHAVE_SUPPORTED_CURVES -DHAVE_THREAD_LS -DHAVE_TLS_EXTENSIONS -DHAVE___UINT128_T -DNO_DES3 -DNO_DES3_TLS_SUITES -DNO_DSA -DNO_MD4 -DNO_PSK -DNO_RC4 -DOPENSSL_ALL -DOPENSSL_EXTRA -DTFM_ECC256 -DTFM_TIMING_RESISTANT -DWC_NO_ASYNC_THREADING -DWC_RSA_BLINDING -DWC_RSA_PSS -DWOLFSSL_BASE64_ENCODE -DWOLFSSL_IGNORE_FILE_WARN -DWOLFSSL_NO_SHAKE128 -DWOLFSSL_NO_SHAKE256 -DWOLFSSL_OPENSSH -DWOLFSSL_OPENSSLALL -DWOLFSSL_OPENSSLEXTRA -DWOLFSSL_PSS_LONG_SALT -DWOLFSSL_SHA224 -DWOLFSSL_SHA3 -DWOLFSSL_SHA384 -DWOLFSSL_SHA512 -DWOLFSSL_SYS_CA_CERTS -DWOLFSSL_TLS13 -DWOLFSSL_USE_ALIGN -DWOLFSSL_X86_64_BUILD -D_POSIX_THREADS -I/home/runner/work/puerts/puerts/unity/native_src -I/home/runner/work/puerts/puerts/unity/native_src/../../unreal/Puerts/ThirdParty/Include/websocketpp -I/home/runner/work/puerts/puerts/unity/native_src/../../unreal/Puerts/ThirdParty/Include/asio -I/home/runner/work/puerts/puerts/unity/native_src/Inc -I/home/runner/work/puerts/puerts/unity/native_src/../../unreal/Puerts/Source/JsEnv/Private -I/home/runner/work/puerts/puerts/unity/native_src/../native_src/.backends/v8_10.6.194/Inc -I/home/runner/work/puerts/puerts/unity/native_src/build_linux_x64_v8_10.6.194/_deps/wolfssl-src -I/home/runner/work/puerts/puerts/unity/native_src/build_linux_x64_v8_10.6.194/_deps/wolfssl-build -Wall -Wextra -Wno-unused -Werror  -O3 -DNDEBUG -fPIC -MD -MT _deps/wolfssl-build/CMakeFiles/wolfssl.dir/wolfcrypt/src/chacha.c.o -MF CMakeFiles/wolfssl.dir/wolfcrypt/src/chacha.c.o.d -o CMakeFiles/wolfssl.dir/wolfcrypt/src/chacha.c.o -c /home/runner/work/puerts/puerts/unity/native_src/build_linux_x64_v8_10.6.194/_deps/wolfssl-src/wolfcrypt/src/chacha.c
2026-02-03T06:06:40.4047307Z [ 53%] Building C object _deps/wolfssl-build/CMakeFiles/wolfssl.dir/wolfcrypt/src/chacha20_poly1305.c.o
2026-02-03T06:06:40.4060897Z cd /home/runner/work/puerts/puerts/unity/native_src/build_linux_x64_v8_10.6.194/_deps/wolfssl-build && /usr/bin/cc -DBUILDING_WOLFSSL -DECC_SHAMIR -DECC_TIMING_RESISTANT -DGCM_TABLE_4BIT -DHAVE_AESGCM -DHAVE_CHACHA -DHAVE_CONFIG_H -DHAVE_DH_DEFAULT_PARAMS -DHAVE_ECC -DHAVE_ENCRYPT_THEN_MAC -DHAVE_EXTENDED_MASTER -DHAVE_EX_DATA -DHAVE_FFDHE_2048 -DHAVE_HASHDRBG -DHAVE_HKDF -DHAVE_ONE_TIME_AUTH -DHAVE_POLY1305 -DHAVE_PTHREAD -DHAVE_SNI -DHAVE_SUPPORTED_CURVES -DHAVE_THREAD_LS -DHAVE_TLS_EXTENSIONS -DHAVE___UINT128_T -DNO_DES3 -DNO_DES3_TLS_SUITES -DNO_DSA -DNO_MD4 -DNO_PSK -DNO_RC4 -DOPENSSL_ALL -DOPENSSL_EXTRA -DTFM_ECC256 -DTFM_TIMING_RESISTANT -DWC_NO_ASYNC_THREADING -DWC_RSA_BLINDING -DWC_RSA_PSS -DWOLFSSL_BASE64_ENCODE -DWOLFSSL_IGNORE_FILE_WARN -DWOLFSSL_NO_SHAKE128 -DWOLFSSL_NO_SHAKE256 -DWOLFSSL_OPENSSH -DWOLFSSL_OPENSSLALL -DWOLFSSL_OPENSSLEXTRA -DWOLFSSL_PSS_LONG_SALT -DWOLFSSL_SHA224 -DWOLFSSL_SHA3 -DWOLFSSL_SHA384 -DWOLFSSL_SHA512 -DWOLFSSL_SYS_CA_CERTS -DWOLFSSL_TLS13 -DWOLFSSL_USE_ALIGN -DWOLFSSL_X86_64_BUILD -D_POSIX_THREADS -I/home/runner/work/puerts/puerts/unity/native_src -I/home/runner/work/puerts/puerts/unity/native_src/../../unreal/Puerts/ThirdParty/Include/websocketpp -I/home/runner/work/puerts/puerts/unity/native_src/../../unreal/Puerts/ThirdParty/Include/asio -I/home/runner/work/puerts/puerts/unity/native_src/Inc -I/home/runner/work/puerts/puerts/unity/native_src/../../unreal/Puerts/Source/JsEnv/Private -I/home/runner/work/puerts/puerts/unity/native_src/../native_src/.backends/v8_10.6.194/Inc -I/home/runner/work/puerts/puerts/unity/native_src/build_linux_x64_v8_10.6.194/_deps/wolfssl-src -I/home/runner/work/puerts/puerts/unity/native_src/build_linux_x64_v8_10.6.194/_deps/wolfssl-build -Wall -Wextra -Wno-unused -Werror  -O3 -DNDEBUG -fPIC -MD -MT _deps/wolfssl-build/CMakeFiles/wolfssl.dir/wolfcrypt/src/chacha20_poly1305.c.o -MF CMakeFiles/wolfssl.dir/wolfcrypt/src/chacha20_poly1305.c.o.d -o CMakeFiles/wolfssl.dir/wolfcrypt/src/chacha20_poly1305.c.o -c /home/runner/work/puerts/puerts/unity/native_src/build_linux_x64_v8_10.6.194/_deps/wolfssl-src/wolfcrypt/src/chacha20_poly1305.c
2026-02-03T06:06:40.4952670Z [ 55%] Building C object _deps/wolfssl-build/CMakeFiles/wolfssl.dir/wolfcrypt/src/integer.c.o
2026-02-03T06:06:40.4966435Z cd /home/runner/work/puerts/puerts/unity/native_src/build_linux_x64_v8_10.6.194/_deps/wolfssl-build && /usr/bin/cc -DBUILDING_WOLFSSL -DECC_SHAMIR -DECC_TIMING_RESISTANT -DGCM_TABLE_4BIT -DHAVE_AESGCM -DHAVE_CHACHA -DHAVE_CONFIG_H -DHAVE_DH_DEFAULT_PARAMS -DHAVE_ECC -DHAVE_ENCRYPT_THEN_MAC -DHAVE_EXTENDED_MASTER -DHAVE_EX_DATA -DHAVE_FFDHE_2048 -DHAVE_HASHDRBG -DHAVE_HKDF -DHAVE_ONE_TIME_AUTH -DHAVE_POLY1305 -DHAVE_PTHREAD -DHAVE_SNI -DHAVE_SUPPORTED_CURVES -DHAVE_THREAD_LS -DHAVE_TLS_EXTENSIONS -DHAVE___UINT128_T -DNO_DES3 -DNO_DES3_TLS_SUITES -DNO_DSA -DNO_MD4 -DNO_PSK -DNO_RC4 -DOPENSSL_ALL -DOPENSSL_EXTRA -DTFM_ECC256 -DTFM_TIMING_RESISTANT -DWC_NO_ASYNC_THREADING -DWC_RSA_BLINDING -DWC_RSA_PSS -DWOLFSSL_BASE64_ENCODE -DWOLFSSL_IGNORE_FILE_WARN -DWOLFSSL_NO_SHAKE128 -DWOLFSSL_NO_SHAKE256 -DWOLFSSL_OPENSSH -DWOLFSSL_OPENSSLALL -DWOLFSSL_OPENSSLEXTRA -DWOLFSSL_PSS_LONG_SALT -DWOLFSSL_SHA224 -DWOLFSSL_SHA3 -DWOLFSSL_SHA384 -DWOLFSSL_SHA512 -DWOLFSSL_SYS_CA_CERTS -DWOLFSSL_TLS13 -DWOLFSSL_USE_ALIGN -DWOLFSSL_X86_64_BUILD -D_POSIX_THREADS -I/home/runner/work/puerts/puerts/unity/native_src -I/home/runner/work/puerts/puerts/unity/native_src/../../unreal/Puerts/ThirdParty/Include/websocketpp -I/home/runner/work/puerts/puerts/unity/native_src/../../unreal/Puerts/ThirdParty/Include/asio -I/home/runner/work/puerts/puerts/unity/native_src/Inc -I/home/runner/work/puerts/puerts/unity/native_src/../../unreal/Puerts/Source/JsEnv/Private -I/home/runner/work/puerts/puerts/unity/native_src/../native_src/.backends/v8_10.6.194/Inc -I/home/runner/work/puerts/puerts/unity/native_src/build_linux_x64_v8_10.6.194/_deps/wolfssl-src -I/home/runner/work/puerts/puerts/unity/native_src/build_linux_x64_v8_10.6.194/_deps/wolfssl-build -Wall -Wextra -Wno-unused -Werror  -O3 -DNDEBUG -fPIC -MD -MT _deps/wolfssl-build/CMakeFiles/wolfssl.dir/wolfcrypt/src/integer.c.o -MF CMakeFiles/wolfssl.dir/wolfcrypt/src/integer.c.o.d -o CMakeFiles/wolfssl.dir/wolfcrypt/src/integer.c.o -c /home/runner/work/puerts/puerts/unity/native_src/build_linux_x64_v8_10.6.194/_deps/wolfssl-src/wolfcrypt/src/integer.c
2026-02-03T06:06:40.5090571Z [ 57%] Building C object _deps/wolfssl-build/CMakeFiles/wolfssl.dir/wolfcrypt/src/ecc.c.o
2026-02-03T06:06:40.5104604Z cd /home/runner/work/puerts/puerts/unity/native_src/build_linux_x64_v8_10.6.194/_deps/wolfssl-build && /usr/bin/cc -DBUILDING_WOLFSSL -DECC_SHAMIR -DECC_TIMING_RESISTANT -DGCM_TABLE_4BIT -DHAVE_AESGCM -DHAVE_CHACHA -DHAVE_CONFIG_H -DHAVE_DH_DEFAULT_PARAMS -DHAVE_ECC -DHAVE_ENCRYPT_THEN_MAC -DHAVE_EXTENDED_MASTER -DHAVE_EX_DATA -DHAVE_FFDHE_2048 -DHAVE_HASHDRBG -DHAVE_HKDF -DHAVE_ONE_TIME_AUTH -DHAVE_POLY1305 -DHAVE_PTHREAD -DHAVE_SNI -DHAVE_SUPPORTED_CURVES -DHAVE_THREAD_LS -DHAVE_TLS_EXTENSIONS -DHAVE___UINT128_T -DNO_DES3 -DNO_DES3_TLS_SUITES -DNO_DSA -DNO_MD4 -DNO_PSK -DNO_RC4 -DOPENSSL_ALL -DOPENSSL_EXTRA -DTFM_ECC256 -DTFM_TIMING_RESISTANT -DWC_NO_ASYNC_THREADING -DWC_RSA_BLINDING -DWC_RSA_PSS -DWOLFSSL_BASE64_ENCODE -DWOLFSSL_IGNORE_FILE_WARN -DWOLFSSL_NO_SHAKE128 -DWOLFSSL_NO_SHAKE256 -DWOLFSSL_OPENSSH -DWOLFSSL_OPENSSLALL -DWOLFSSL_OPENSSLEXTRA -DWOLFSSL_PSS_LONG_SALT -DWOLFSSL_SHA224 -DWOLFSSL_SHA3 -DWOLFSSL_SHA384 -DWOLFSSL_SHA512 -DWOLFSSL_SYS_CA_CERTS -DWOLFSSL_TLS13 -DWOLFSSL_USE_ALIGN -DWOLFSSL_X86_64_BUILD -D_POSIX_THREADS -I/home/runner/work/puerts/puerts/unity/native_src -I/home/runner/work/puerts/puerts/unity/native_src/../../unreal/Puerts/ThirdParty/Include/websocketpp -I/home/runner/work/puerts/puerts/unity/native_src/../../unreal/Puerts/ThirdParty/Include/asio -I/home/runner/work/puerts/puerts/unity/native_src/Inc -I/home/runner/work/puerts/puerts/unity/native_src/../../unreal/Puerts/Source/JsEnv/Private -I/home/runner/work/puerts/puerts/unity/native_src/../native_src/.backends/v8_10.6.194/Inc -I/home/runner/work/puerts/puerts/unity/native_src/build_linux_x64_v8_10.6.194/_deps/wolfssl-src -I/home/runner/work/puerts/puerts/unity/native_src/build_linux_x64_v8_10.6.194/_deps/wolfssl-build -Wall -Wextra -Wno-unused -Werror  -O3 -DNDEBUG -fPIC -MD -MT _deps/wolfssl-build/CMakeFiles/wolfssl.dir/wolfcrypt/src/ecc.c.o -MF CMakeFiles/wolfssl.dir/wolfcrypt/src/ecc.c.o.d -o CMakeFiles/wolfssl.dir/wolfcrypt/src/ecc.c.o -c /home/runner/work/puerts/puerts/unity/native_src/build_linux_x64_v8_10.6.194/_deps/wolfssl-src/wolfcrypt/src/ecc.c
2026-02-03T06:06:41.2761090Z [ 59%] Building C object _deps/wolfssl-build/CMakeFiles/wolfssl.dir/src/internal.c.o
2026-02-03T06:06:41.2774388Z cd /home/runner/work/puerts/puerts/unity/native_src/build_linux_x64_v8_10.6.194/_deps/wolfssl-build && /usr/bin/cc -DBUILDING_WOLFSSL -DECC_SHAMIR -DECC_TIMING_RESISTANT -DGCM_TABLE_4BIT -DHAVE_AESGCM -DHAVE_CHACHA -DHAVE_CONFIG_H -DHAVE_DH_DEFAULT_PARAMS -DHAVE_ECC -DHAVE_ENCRYPT_THEN_MAC -DHAVE_EXTENDED_MASTER -DHAVE_EX_DATA -DHAVE_FFDHE_2048 -DHAVE_HASHDRBG -DHAVE_HKDF -DHAVE_ONE_TIME_AUTH -DHAVE_POLY1305 -DHAVE_PTHREAD -DHAVE_SNI -DHAVE_SUPPORTED_CURVES -DHAVE_THREAD_LS -DHAVE_TLS_EXTENSIONS -DHAVE___UINT128_T -DNO_DES3 -DNO_DES3_TLS_SUITES -DNO_DSA -DNO_MD4 -DNO_PSK -DNO_RC4 -DOPENSSL_ALL -DOPENSSL_EXTRA -DTFM_ECC256 -DTFM_TIMING_RESISTANT -DWC_NO_ASYNC_THREADING -DWC_RSA_BLINDING -DWC_RSA_PSS -DWOLFSSL_BASE64_ENCODE -DWOLFSSL_IGNORE_FILE_WARN -DWOLFSSL_NO_SHAKE128 -DWOLFSSL_NO_SHAKE256 -DWOLFSSL_OPENSSH -DWOLFSSL_OPENSSLALL -DWOLFSSL_OPENSSLEXTRA -DWOLFSSL_PSS_LONG_SALT -DWOLFSSL_SHA224 -DWOLFSSL_SHA3 -DWOLFSSL_SHA384 -DWOLFSSL_SHA512 -DWOLFSSL_SYS_CA_CERTS -DWOLFSSL_TLS13 -DWOLFSSL_USE_ALIGN -DWOLFSSL_X86_64_BUILD -D_POSIX_THREADS -I/home/runner/work/puerts/puerts/unity/native_src -I/home/runner/work/puerts/puerts/unity/native_src/../../unreal/Puerts/ThirdParty/Include/websocketpp -I/home/runner/work/puerts/puerts/unity/native_src/../../unreal/Puerts/ThirdParty/Include/asio -I/home/runner/work/puerts/puerts/unity/native_src/Inc -I/home/runner/work/puerts/puerts/unity/native_src/../../unreal/Puerts/Source/JsEnv/Private -I/home/runner/work/puerts/puerts/unity/native_src/../native_src/.backends/v8_10.6.194/Inc -I/home/runner/work/puerts/puerts/unity/native_src/build_linux_x64_v8_10.6.194/_deps/wolfssl-src -I/home/runner/work/puerts/puerts/unity/native_src/build_linux_x64_v8_10.6.194/_deps/wolfssl-build -Wall -Wextra -Wno-unused -Werror  -O3 -DNDEBUG -fPIC -MD -MT _deps/wolfssl-build/CMakeFiles/wolfssl.dir/src/internal.c.o -MF CMakeFiles/wolfssl.dir/src/internal.c.o.d -o CMakeFiles/wolfssl.dir/src/internal.c.o -c /home/runner/work/puerts/puerts/unity/native_src/build_linux_x64_v8_10.6.194/_deps/wolfssl-src/src/internal.c
2026-02-03T06:06:44.6578400Z [ 61%] Building C object _deps/wolfssl-build/CMakeFiles/wolfssl.dir/src/wolfio.c.o
2026-02-03T06:06:44.6588887Z cd /home/runner/work/puerts/puerts/unity/native_src/build_linux_x64_v8_10.6.194/_deps/wolfssl-build && /usr/bin/cc -DBUILDING_WOLFSSL -DECC_SHAMIR -DECC_TIMING_RESISTANT -DGCM_TABLE_4BIT -DHAVE_AESGCM -DHAVE_CHACHA -DHAVE_CONFIG_H -DHAVE_DH_DEFAULT_PARAMS -DHAVE_ECC -DHAVE_ENCRYPT_THEN_MAC -DHAVE_EXTENDED_MASTER -DHAVE_EX_DATA -DHAVE_FFDHE_2048 -DHAVE_HASHDRBG -DHAVE_HKDF -DHAVE_ONE_TIME_AUTH -DHAVE_POLY1305 -DHAVE_PTHREAD -DHAVE_SNI -DHAVE_SUPPORTED_CURVES -DHAVE_THREAD_LS -DHAVE_TLS_EXTENSIONS -DHAVE___UINT128_T -DNO_DES3 -DNO_DES3_TLS_SUITES -DNO_DSA -DNO_MD4 -DNO_PSK -DNO_RC4 -DOPENSSL_ALL -DOPENSSL_EXTRA -DTFM_ECC256 -DTFM_TIMING_RESISTANT -DWC_NO_ASYNC_THREADING -DWC_RSA_BLINDING -DWC_RSA_PSS -DWOLFSSL_BASE64_ENCODE -DWOLFSSL_IGNORE_FILE_WARN -DWOLFSSL_NO_SHAKE128 -DWOLFSSL_NO_SHAKE256 -DWOLFSSL_OPENSSH -DWOLFSSL_OPENSSLALL -DWOLFSSL_OPENSSLEXTRA -DWOLFSSL_PSS_LONG_SALT -DWOLFSSL_SHA224 -DWOLFSSL_SHA3 -DWOLFSSL_SHA384 -DWOLFSSL_SHA512 -DWOLFSSL_SYS_CA_CERTS -DWOLFSSL_TLS13 -DWOLFSSL_USE_ALIGN -DWOLFSSL_X86_64_BUILD -D_POSIX_THREADS -I/home/runner/work/puerts/puerts/unity/native_src -I/home/runner/work/puerts/puerts/unity/native_src/../../unreal/Puerts/ThirdParty/Include/websocketpp -I/home/runner/work/puerts/puerts/unity/native_src/../../unreal/Puerts/ThirdParty/Include/asio -I/home/runner/work/puerts/puerts/unity/native_src/Inc -I/home/runner/work/puerts/puerts/unity/native_src/../../unreal/Puerts/Source/JsEnv/Private -I/home/runner/work/puerts/puerts/unity/native_src/../native_src/.backends/v8_10.6.194/Inc -I/home/runner/work/puerts/puerts/unity/native_src/build_linux_x64_v8_10.6.194/_deps/wolfssl-src -I/home/runner/work/puerts/puerts/unity/native_src/build_linux_x64_v8_10.6.194/_deps/wolfssl-build -Wall -Wextra -Wno-unused -Werror  -O3 -DNDEBUG -fPIC -MD -MT _deps/wolfssl-build/CMakeFiles/wolfssl.dir/src/wolfio.c.o -MF CMakeFiles/wolfssl.dir/src/wolfio.c.o.d -o CMakeFiles/wolfssl.dir/src/wolfio.c.o -c /home/runner/work/puerts/puerts/unity/native_src/build_linux_x64_v8_10.6.194/_deps/wolfssl-src/src/wolfio.c
2026-02-03T06:06:44.7661258Z [ 63%] Building C object _deps/wolfssl-build/CMakeFiles/wolfssl.dir/src/keys.c.o
2026-02-03T06:06:44.7671905Z cd /home/runner/work/puerts/puerts/unity/native_src/build_linux_x64_v8_10.6.194/_deps/wolfssl-build && /usr/bin/cc -DBUILDING_WOLFSSL -DECC_SHAMIR -DECC_TIMING_RESISTANT -DGCM_TABLE_4BIT -DHAVE_AESGCM -DHAVE_CHACHA -DHAVE_CONFIG_H -DHAVE_DH_DEFAULT_PARAMS -DHAVE_ECC -DHAVE_ENCRYPT_THEN_MAC -DHAVE_EXTENDED_MASTER -DHAVE_EX_DATA -DHAVE_FFDHE_2048 -DHAVE_HASHDRBG -DHAVE_HKDF -DHAVE_ONE_TIME_AUTH -DHAVE_POLY1305 -DHAVE_PTHREAD -DHAVE_SNI -DHAVE_SUPPORTED_CURVES -DHAVE_THREAD_LS -DHAVE_TLS_EXTENSIONS -DHAVE___UINT128_T -DNO_DES3 -DNO_DES3_TLS_SUITES -DNO_DSA -DNO_MD4 -DNO_PSK -DNO_RC4 -DOPENSSL_ALL -DOPENSSL_EXTRA -DTFM_ECC256 -DTFM_TIMING_RESISTANT -DWC_NO_ASYNC_THREADING -DWC_RSA_BLINDING -DWC_RSA_PSS -DWOLFSSL_BASE64_ENCODE -DWOLFSSL_IGNORE_FILE_WARN -DWOLFSSL_NO_SHAKE128 -DWOLFSSL_NO_SHAKE256 -DWOLFSSL_OPENSSH -DWOLFSSL_OPENSSLALL -DWOLFSSL_OPENSSLEXTRA -DWOLFSSL_PSS_LONG_SALT -DWOLFSSL_SHA224 -DWOLFSSL_SHA3 -DWOLFSSL_SHA384 -DWOLFSSL_SHA512 -DWOLFSSL_SYS_CA_CERTS -DWOLFSSL_TLS13 -DWOLFSSL_USE_ALIGN -DWOLFSSL_X86_64_BUILD -D_POSIX_THREADS -I/home/runner/work/puerts/puerts/unity/native_src -I/home/runner/work/puerts/puerts/unity/native_src/../../unreal/Puerts/ThirdParty/Include/websocketpp -I/home/runner/work/puerts/puerts/unity/native_src/../../unreal/Puerts/ThirdParty/Include/asio -I/home/runner/work/puerts/puerts/unity/native_src/Inc -I/home/runner/work/puerts/puerts/unity/native_src/../../unreal/Puerts/Source/JsEnv/Private -I/home/runner/work/puerts/puerts/unity/native_src/../native_src/.backends/v8_10.6.194/Inc -I/home/runner/work/puerts/puerts/unity/native_src/build_linux_x64_v8_10.6.194/_deps/wolfssl-src -I/home/runner/work/puerts/puerts/unity/native_src/build_linux_x64_v8_10.6.194/_deps/wolfssl-build -Wall -Wextra -Wno-unused -Werror  -O3 -DNDEBUG -fPIC -MD -MT _deps/wolfssl-build/CMakeFiles/wolfssl.dir/src/keys.c.o -MF CMakeFiles/wolfssl.dir/src/keys.c.o.d -o CMakeFiles/wolfssl.dir/src/keys.c.o -c /home/runner/work/puerts/puerts/unity/native_src/build_linux_x64_v8_10.6.194/_deps/wolfssl-src/src/keys.c
2026-02-03T06:06:44.9814799Z [ 65%] Building C object _deps/wolfssl-build/CMakeFiles/wolfssl.dir/src/ssl.c.o
2026-02-03T06:06:44.9830483Z cd /home/runner/work/puerts/puerts/unity/native_src/build_linux_x64_v8_10.6.194/_deps/wolfssl-build && /usr/bin/cc -DBUILDING_WOLFSSL -DECC_SHAMIR -DECC_TIMING_RESISTANT -DGCM_TABLE_4BIT -DHAVE_AESGCM -DHAVE_CHACHA -DHAVE_CONFIG_H -DHAVE_DH_DEFAULT_PARAMS -DHAVE_ECC -DHAVE_ENCRYPT_THEN_MAC -DHAVE_EXTENDED_MASTER -DHAVE_EX_DATA -DHAVE_FFDHE_2048 -DHAVE_HASHDRBG -DHAVE_HKDF -DHAVE_ONE_TIME_AUTH -DHAVE_POLY1305 -DHAVE_PTHREAD -DHAVE_SNI -DHAVE_SUPPORTED_CURVES -DHAVE_THREAD_LS -DHAVE_TLS_EXTENSIONS -DHAVE___UINT128_T -DNO_DES3 -DNO_DES3_TLS_SUITES -DNO_DSA -DNO_MD4 -DNO_PSK -DNO_RC4 -DOPENSSL_ALL -DOPENSSL_EXTRA -DTFM_ECC256 -DTFM_TIMING_RESISTANT -DWC_NO_ASYNC_THREADING -DWC_RSA_BLINDING -DWC_RSA_PSS -DWOLFSSL_BASE64_ENCODE -DWOLFSSL_IGNORE_FILE_WARN -DWOLFSSL_NO_SHAKE128 -DWOLFSSL_NO_SHAKE256 -DWOLFSSL_OPENSSH -DWOLFSSL_OPENSSLALL -DWOLFSSL_OPENSSLEXTRA -DWOLFSSL_PSS_LONG_SALT -DWOLFSSL_SHA224 -DWOLFSSL_SHA3 -DWOLFSSL_SHA384 -DWOLFSSL_SHA512 -DWOLFSSL_SYS_CA_CERTS -DWOLFSSL_TLS13 -DWOLFSSL_USE_ALIGN -DWOLFSSL_X86_64_BUILD -D_POSIX_THREADS -I/home/runner/work/puerts/puerts/unity/native_src -I/home/runner/work/puerts/puerts/unity/native_src/../../unreal/Puerts/ThirdParty/Include/websocketpp -I/home/runner/work/puerts/puerts/unity/native_src/../../unreal/Puerts/ThirdParty/Include/asio -I/home/runner/work/puerts/puerts/unity/native_src/Inc -I/home/runner/work/puerts/puerts/unity/native_src/../../unreal/Puerts/Source/JsEnv/Private -I/home/runner/work/puerts/puerts/unity/native_src/../native_src/.backends/v8_10.6.194/Inc -I/home/runner/work/puerts/puerts/unity/native_src/build_linux_x64_v8_10.6.194/_deps/wolfssl-src -I/home/runner/work/puerts/puerts/unity/native_src/build_linux_x64_v8_10.6.194/_deps/wolfssl-build -Wall -Wextra -Wno-unused -Werror  -O3 -DNDEBUG -fPIC -MD -MT _deps/wolfssl-build/CMakeFiles/wolfssl.dir/src/ssl.c.o -MF CMakeFiles/wolfssl.dir/src/ssl.c.o.d -o CMakeFiles/wolfssl.dir/src/ssl.c.o -c /home/runner/work/puerts/puerts/unity/native_src/build_linux_x64_v8_10.6.194/_deps/wolfssl-src/src/ssl.c
2026-02-03T06:06:52.3948753Z [ 67%] Building C object _deps/wolfssl-build/CMakeFiles/wolfssl.dir/src/ocsp.c.o
2026-02-03T06:06:52.3960908Z cd /home/runner/work/puerts/puerts/unity/native_src/build_linux_x64_v8_10.6.194/_deps/wolfssl-build && /usr/bin/cc -DBUILDING_WOLFSSL -DECC_SHAMIR -DECC_TIMING_RESISTANT -DGCM_TABLE_4BIT -DHAVE_AESGCM -DHAVE_CHACHA -DHAVE_CONFIG_H -DHAVE_DH_DEFAULT_PARAMS -DHAVE_ECC -DHAVE_ENCRYPT_THEN_MAC -DHAVE_EXTENDED_MASTER -DHAVE_EX_DATA -DHAVE_FFDHE_2048 -DHAVE_HASHDRBG -DHAVE_HKDF -DHAVE_ONE_TIME_AUTH -DHAVE_POLY1305 -DHAVE_PTHREAD -DHAVE_SNI -DHAVE_SUPPORTED_CURVES -DHAVE_THREAD_LS -DHAVE_TLS_EXTENSIONS -DHAVE___UINT128_T -DNO_DES3 -DNO_DES3_TLS_SUITES -DNO_DSA -DNO_MD4 -DNO_PSK -DNO_RC4 -DOPENSSL_ALL -DOPENSSL_EXTRA -DTFM_ECC256 -DTFM_TIMING_RESISTANT -DWC_NO_ASYNC_THREADING -DWC_RSA_BLINDING -DWC_RSA_PSS -DWOLFSSL_BASE64_ENCODE -DWOLFSSL_IGNORE_FILE_WARN -DWOLFSSL_NO_SHAKE128 -DWOLFSSL_NO_SHAKE256 -DWOLFSSL_OPENSSH -DWOLFSSL_OPENSSLALL -DWOLFSSL_OPENSSLEXTRA -DWOLFSSL_PSS_LONG_SALT -DWOLFSSL_SHA224 -DWOLFSSL_SHA3 -DWOLFSSL_SHA384 -DWOLFSSL_SHA512 -DWOLFSSL_SYS_CA_CERTS -DWOLFSSL_TLS13 -DWOLFSSL_USE_ALIGN -DWOLFSSL_X86_64_BUILD -D_POSIX_THREADS -I/home/runner/work/puerts/puerts/unity/native_src -I/home/runner/work/puerts/puerts/unity/native_src/../../unreal/Puerts/ThirdParty/Include/websocketpp -I/home/runner/work/puerts/puerts/unity/native_src/../../unreal/Puerts/ThirdParty/Include/asio -I/home/runner/work/puerts/puerts/unity/native_src/Inc -I/home/runner/work/puerts/puerts/unity/native_src/../../unreal/Puerts/Source/JsEnv/Private -I/home/runner/work/puerts/puerts/unity/native_src/../native_src/.backends/v8_10.6.194/Inc -I/home/runner/work/puerts/puerts/unity/native_src/build_linux_x64_v8_10.6.194/_deps/wolfssl-src -I/home/runner/work/puerts/puerts/unity/native_src/build_linux_x64_v8_10.6.194/_deps/wolfssl-build -Wall -Wextra -Wno-unused -Werror  -O3 -DNDEBUG -fPIC -MD -MT _deps/wolfssl-build/CMakeFiles/wolfssl.dir/src/ocsp.c.o -MF CMakeFiles/wolfssl.dir/src/ocsp.c.o.d -o CMakeFiles/wolfssl.dir/src/ocsp.c.o -c /home/runner/work/puerts/puerts/unity/native_src/build_linux_x64_v8_10.6.194/_deps/wolfssl-src/src/ocsp.c
2026-02-03T06:06:52.4083549Z [ 69%] Building C object _deps/wolfssl-build/CMakeFiles/wolfssl.dir/src/tls.c.o
2026-02-03T06:06:52.4099351Z cd /home/runner/work/puerts/puerts/unity/native_src/build_linux_x64_v8_10.6.194/_deps/wolfssl-build && /usr/bin/cc -DBUILDING_WOLFSSL -DECC_SHAMIR -DECC_TIMING_RESISTANT -DGCM_TABLE_4BIT -DHAVE_AESGCM -DHAVE_CHACHA -DHAVE_CONFIG_H -DHAVE_DH_DEFAULT_PARAMS -DHAVE_ECC -DHAVE_ENCRYPT_THEN_MAC -DHAVE_EXTENDED_MASTER -DHAVE_EX_DATA -DHAVE_FFDHE_2048 -DHAVE_HASHDRBG -DHAVE_HKDF -DHAVE_ONE_TIME_AUTH -DHAVE_POLY1305 -DHAVE_PTHREAD -DHAVE_SNI -DHAVE_SUPPORTED_CURVES -DHAVE_THREAD_LS -DHAVE_TLS_EXTENSIONS -DHAVE___UINT128_T -DNO_DES3 -DNO_DES3_TLS_SUITES -DNO_DSA -DNO_MD4 -DNO_PSK -DNO_RC4 -DOPENSSL_ALL -DOPENSSL_EXTRA -DTFM_ECC256 -DTFM_TIMING_RESISTANT -DWC_NO_ASYNC_THREADING -DWC_RSA_BLINDING -DWC_RSA_PSS -DWOLFSSL_BASE64_ENCODE -DWOLFSSL_IGNORE_FILE_WARN -DWOLFSSL_NO_SHAKE128 -DWOLFSSL_NO_SHAKE256 -DWOLFSSL_OPENSSH -DWOLFSSL_OPENSSLALL -DWOLFSSL_OPENSSLEXTRA -DWOLFSSL_PSS_LONG_SALT -DWOLFSSL_SHA224 -DWOLFSSL_SHA3 -DWOLFSSL_SHA384 -DWOLFSSL_SHA512 -DWOLFSSL_SYS_CA_CERTS -DWOLFSSL_TLS13 -DWOLFSSL_USE_ALIGN -DWOLFSSL_X86_64_BUILD -D_POSIX_THREADS -I/home/runner/work/puerts/puerts/unity/native_src -I/home/runner/work/puerts/puerts/unity/native_src/../../unreal/Puerts/ThirdParty/Include/websocketpp -I/home/runner/work/puerts/puerts/unity/native_src/../../unreal/Puerts/ThirdParty/Include/asio -I/home/runner/work/puerts/puerts/unity/native_src/Inc -I/home/runner/work/puerts/puerts/unity/native_src/../../unreal/Puerts/Source/JsEnv/Private -I/home/runner/work/puerts/puerts/unity/native_src/../native_src/.backends/v8_10.6.194/Inc -I/home/runner/work/puerts/puerts/unity/native_src/build_linux_x64_v8_10.6.194/_deps/wolfssl-src -I/home/runner/work/puerts/puerts/unity/native_src/build_linux_x64_v8_10.6.194/_deps/wolfssl-build -Wall -Wextra -Wno-unused -Werror  -O3 -DNDEBUG -fPIC -MD -MT _deps/wolfssl-build/CMakeFiles/wolfssl.dir/src/tls.c.o -MF CMakeFiles/wolfssl.dir/src/tls.c.o.d -o CMakeFiles/wolfssl.dir/src/tls.c.o -c /home/runner/work/puerts/puerts/unity/native_src/build_linux_x64_v8_10.6.194/_deps/wolfssl-src/src/tls.c
2026-02-03T06:06:52.8765995Z In function ‘Hmac_UpdateFinal_CT’,
2026-02-03T06:06:52.8770098Z     inlined from ‘TLS_hmac’ at /home/runner/work/puerts/puerts/unity/native_src/build_linux_x64_v8_10.6.194/_deps/wolfssl-src/src/tls.c:1280:23:
2026-02-03T06:06:52.8772007Z /home/runner/work/puerts/puerts/unity/native_src/build_linux_x64_v8_10.6.194/_deps/wolfssl-src/src/tls.c:1066:50: error: writing 16 bytes into a region of size 0 [-Werror=stringop-overflow=]
2026-02-03T06:06:52.8774109Z  1066 |             ((unsigned char*)hmac->innerHash)[j] |= hashBlock[j] & isOutBlock;
2026-02-03T06:06:52.8774886Z       |             ~~~~~~~~~~~~~~~~~~~~~~~~~~~~~~~~~~~~~^~~~~~~~~~~~~~~~~~~~~~~~~~~~
2026-02-03T06:06:52.8776025Z /home/runner/work/puerts/puerts/unity/native_src/build_linux_x64_v8_10.6.194/_deps/wolfssl-src/src/tls.c: In function ‘TLS_hmac’:
2026-02-03T06:06:52.8778331Z /home/runner/work/puerts/puerts/unity/native_src/build_linux_x64_v8_10.6.194/_deps/wolfssl-src/src/tls.c:1216:12: note: at offset 784 into destination object ‘hmac’ of size 784
2026-02-03T06:06:52.8779661Z  1216 |     Hmac   hmac;
2026-02-03T06:06:52.8780044Z       |            ^~~~
2026-02-03T06:06:52.8780565Z In function ‘Hmac_UpdateFinal_CT’,
2026-02-03T06:06:52.8781886Z     inlined from ‘TLS_hmac’ at /home/runner/work/puerts/puerts/unity/native_src/build_linux_x64_v8_10.6.194/_deps/wolfssl-src/src/tls.c:1280:23:
2026-02-03T06:06:52.8783522Z /home/runner/work/puerts/puerts/unity/native_src/build_linux_x64_v8_10.6.194/_deps/wolfssl-src/src/tls.c:1066:50: error: writing 16 bytes into a region of size 0 [-Werror=stringop-overflow=]
2026-02-03T06:06:52.8784719Z  1066 |             ((unsigned char*)hmac->innerHash)[j] |= hashBlock[j] & isOutBlock;
2026-02-03T06:06:52.8785547Z       |             ~~~~~~~~~~~~~~~~~~~~~~~~~~~~~~~~~~~~~^~~~~~~~~~~~~~~~~~~~~~~~~~~~
2026-02-03T06:06:52.8786873Z /home/runner/work/puerts/puerts/unity/native_src/build_linux_x64_v8_10.6.194/_deps/wolfssl-src/src/tls.c: In function ‘TLS_hmac’:
2026-02-03T06:06:52.8788431Z /home/runner/work/puerts/puerts/unity/native_src/build_linux_x64_v8_10.6.194/_deps/wolfssl-src/src/tls.c:1216:12: note: at offset 800 into destination object ‘hmac’ of size 784
2026-02-03T06:06:52.8789677Z  1216 |     Hmac   hmac;
2026-02-03T06:06:52.8790023Z       |            ^~~~
2026-02-03T06:06:52.8790462Z In function ‘Hmac_UpdateFinal_CT’,
2026-02-03T06:06:52.8791182Z     inlined from ‘TLS_hmac’ at /home/runner/work/puerts/puerts/unity/native_src/build_linux_x64_v8_10.6.194/_deps/wolfssl-src/src/tls.c:1280:23:
2026-02-03T06:06:52.8792744Z /home/runner/work/puerts/puerts/unity/native_src/build_linux_x64_v8_10.6.194/_deps/wolfssl-src/src/tls.c:1066:50: error: writing 16 bytes into a region of size 0 [-Werror=stringop-overflow=]
2026-02-03T06:06:52.8794489Z  1066 |             ((unsigned char*)hmac->innerHash)[j] |= hashBlock[j] & isOutBlock;
2026-02-03T06:06:52.8795192Z       |             ~~~~~~~~~~~~~~~~~~~~~~~~~~~~~~~~~~~~~^~~~~~~~~~~~~~~~~~~~~~~~~~~~
2026-02-03T06:06:52.8795961Z /home/runner/work/puerts/puerts/unity/native_src/build_linux_x64_v8_10.6.194/_deps/wolfssl-src/src/tls.c: In function ‘TLS_hmac’:
2026-02-03T06:06:52.8797078Z /home/runner/work/puerts/puerts/unity/native_src/build_linux_x64_v8_10.6.194/_deps/wolfssl-src/src/tls.c:1216:12: note: at offset 816 into destination object ‘hmac’ of size 784
2026-02-03T06:06:52.8797853Z  1216 |     Hmac   hmac;
2026-02-03T06:06:52.8798047Z       |            ^~~~
2026-02-03T06:06:52.8798308Z In function ‘Hmac_UpdateFinal_CT’,
2026-02-03T06:06:52.8798996Z     inlined from ‘TLS_hmac’ at /home/runner/work/puerts/puerts/unity/native_src/build_linux_x64_v8_10.6.194/_deps/wolfssl-src/src/tls.c:1280:23:
2026-02-03T06:06:52.8800089Z /home/runner/work/puerts/puerts/unity/native_src/build_linux_x64_v8_10.6.194/_deps/wolfssl-src/src/tls.c:1066:50: error: writing 16 bytes into a region of size 0 [-Werror=stringop-overflow=]
2026-02-03T06:06:52.8800914Z  1066 |             ((unsigned char*)hmac->innerHash)[j] |= hashBlock[j] & isOutBlock;
2026-02-03T06:06:52.8801319Z       |             ~~~~~~~~~~~~~~~~~~~~~~~~~~~~~~~~~~~~~^~~~~~~~~~~~~~~~~~~~~~~~~~~~
2026-02-03T06:06:52.8801995Z /home/runner/work/puerts/puerts/unity/native_src/build_linux_x64_v8_10.6.194/_deps/wolfssl-src/src/tls.c: In function ‘TLS_hmac’:
2026-02-03T06:06:52.8803075Z /home/runner/work/puerts/puerts/unity/native_src/build_linux_x64_v8_10.6.194/_deps/wolfssl-src/src/tls.c:1216:12: note: at offset 832 into destination object ‘hmac’ of size 784
2026-02-03T06:06:52.8804003Z  1216 |     Hmac   hmac;
2026-02-03T06:06:52.8804204Z       |            ^~~~
2026-02-03T06:06:53.5106046Z cc1: all warnings being treated as errors
2026-02-03T06:06:53.5132860Z gmake[2]: *** [_deps/wolfssl-build/CMakeFiles/wolfssl.dir/build.make:572: _deps/wolfssl-build/CMakeFiles/wolfssl.dir/src/tls.c.o] Error 1
2026-02-03T06:06:53.5134410Z gmake[2]: Leaving directory '/home/runner/work/puerts/puerts/unity/native_src/build_linux_x64_v8_10.6.194'
2026-02-03T06:06:53.5136839Z gmake[1]: Leaving directory '/home/runner/work/puerts/puerts/unity/native_src/build_linux_x64_v8_10.6.194'
2026-02-03T06:06:53.5137949Z gmake[1]: *** [CMakeFiles/Makefile2:144: _deps/wolfssl-build/CMakeFiles/wolfssl.dir/all] Error 2
2026-02-03T06:06:53.5139293Z gmake: *** [Makefile:139: all] Error 2
2026-02-03T06:06:53.5147883Z 
2026-02-03T06:06:53.5245506Z node:internal/process/promises:391
2026-02-03T06:06:53.5246097Z     triggerUncaughtException(err, true /* fromPromise */);
2026-02-03T06:06:53.5246661Z     ^
2026-02-03T06:06:53.5246822Z 
2026-02-03T06:06:53.5246981Z AssertionError [ERR_ASSERTION]: 0 == 2
2026-02-03T06:06:53.5247624Z     at Object.hook (file:///home/runner/work/puerts/puerts/unity/cli/make.mjs:283:24)
2026-02-03T06:06:53.5248536Z     at runPuertsMake (file:///home/runner/work/puerts/puerts/unity/cli/make.mjs:406:34) {
2026-02-03T06:06:53.5249242Z   generatedMessage: true,
2026-02-03T06:06:53.5249620Z   code: 'ERR_ASSERTION',
2026-02-03T06:06:53.5249922Z   actual: 0,
2026-02-03T06:06:53.5250095Z   expected: 2,
2026-02-03T06:06:53.5250272Z   operator: '=='
2026-02-03T06:06:53.5250452Z }
2026-02-03T06:06:53.5250539Z 
2026-02-03T06:06:53.5250614Z Node.js v20.20.0
2026-02-03T06:06:53.5468372Z ##[error]Process completed with exit code 1.
2026-02-03T06:06:53.5473512Z ##[debug]Finished: run
2026-02-03T06:06:53.5477667Z ##[debug]Evaluating condition for step: 'run'
2026-02-03T06:06:53.5479301Z ##[debug]Evaluating: success()
2026-02-03T06:06:53.5479656Z ##[debug]Evaluating success:
2026-02-03T06:06:53.5480231Z ##[debug]=> false
2026-02-03T06:06:53.5480602Z ##[debug]Result: false
2026-02-03T06:06:53.5482668Z ##[debug]Evaluating condition for step: 'run'
2026-02-03T06:06:53.5483932Z ##[debug]Evaluating: success()
2026-02-03T06:06:53.5484269Z ##[debug]Evaluating success:
2026-02-03T06:06:53.5484589Z ##[debug]=> false
2026-02-03T06:06:53.5484932Z ##[debug]Result: false
2026-02-03T06:06:53.5487361Z ##[debug]Finishing: BuildLinux_V8_10_6
2026-02-03T06:06:53.5511246Z ##[debug]Evaluating condition for step: 'BuildWindowsQuickjs'
2026-02-03T06:06:53.5512317Z ##[debug]Evaluating: success()
2026-02-03T06:06:53.5512642Z ##[debug]Evaluating success:
2026-02-03T06:06:53.5512955Z ##[debug]=> false
2026-02-03T06:06:53.5513570Z ##[debug]Result: false
2026-02-03T06:06:53.5518483Z ##[debug]Evaluating condition for step: 'BuildLinuxNodeJS'
2026-02-03T06:06:53.5519518Z ##[debug]Evaluating: success()
2026-02-03T06:06:53.5519843Z ##[debug]Evaluating success:
2026-02-03T06:06:53.5520148Z ##[debug]=> false
2026-02-03T06:06:53.5520453Z ##[debug]Result: false
2026-02-03T06:06:53.5525128Z ##[debug]Evaluating condition for step: 'BuildLinuxMultBackend'
2026-02-03T06:06:53.5526135Z ##[debug]Evaluating: success()
2026-02-03T06:06:53.5526453Z ##[debug]Evaluating success:
2026-02-03T06:06:53.5526758Z ##[debug]=> false
2026-02-03T06:06:53.5527052Z ##[debug]Result: false
2026-02-03T06:06:53.5531549Z ##[debug]Evaluating condition for step: 'Post Run actions/checkout@v3'
2026-02-03T06:06:53.5533484Z ##[debug]Evaluating: always()
2026-02-03T06:06:53.5533815Z ##[debug]Evaluating always:
2026-02-03T06:06:53.5534501Z ##[debug]=> true
2026-02-03T06:06:53.5534830Z ##[debug]Result: true
2026-02-03T06:06:53.5535257Z ##[debug]Starting: Post Run actions/checkout@v3
2026-02-03T06:06:53.5561822Z ##[debug]Loading inputs
2026-02-03T06:06:53.5562873Z ##[debug]Evaluating: github.repository
2026-02-03T06:06:53.5563347Z ##[debug]Evaluating Index:
2026-02-03T06:06:53.5563585Z ##[debug]..Evaluating github:
2026-02-03T06:06:53.5563818Z ##[debug]..=> Object
2026-02-03T06:06:53.5564041Z ##[debug]..Evaluating String:
2026-02-03T06:06:53.5564264Z ##[debug]..=> 'repository'
2026-02-03T06:06:53.5564531Z ##[debug]=> 'CatAndHorse/puerts'
2026-02-03T06:06:53.5564789Z ##[debug]Result: 'CatAndHorse/puerts'
2026-02-03T06:06:53.5566707Z ##[debug]Evaluating: github.token
2026-02-03T06:06:53.5567009Z ##[debug]Evaluating Index:
2026-02-03T06:06:53.5567231Z ##[debug]..Evaluating github:
2026-02-03T06:06:53.5567461Z ##[debug]..=> Object
2026-02-03T06:06:53.5567667Z ##[debug]..Evaluating String:
2026-02-03T06:06:53.5567882Z ##[debug]..=> 'token'
2026-02-03T06:06:53.5568293Z ##[debug]=> '***'
2026-02-03T06:06:53.5568590Z ##[debug]Result: '***'
2026-02-03T06:06:53.5576653Z ##[debug]Loading env
2026-02-03T06:06:53.5580211Z Post job cleanup.
2026-02-03T06:06:53.6292092Z ##[debug]Getting git version
2026-02-03T06:06:53.6304316Z [command]/usr/bin/git version
2026-02-03T06:06:53.6339006Z git version 2.52.0
2026-02-03T06:06:53.6361789Z ##[debug]0
2026-02-03T06:06:53.6362505Z ##[debug]git version 2.52.0
2026-02-03T06:06:53.6362891Z ##[debug]
2026-02-03T06:06:53.6364135Z ##[debug]Set git useragent to: git/2.52.0 (github-actions-checkout)
2026-02-03T06:06:53.6367848Z ::add-mask::***
2026-02-03T06:06:53.6383329Z Temporarily overriding HOME='/home/runner/work/_temp/1aecba5c-d880-4621-9fc0-ce1be4088d94' before making global git config changes
2026-02-03T06:06:53.6384849Z Adding repository directory to the temporary git global config as a safe directory
2026-02-03T06:06:53.6388176Z [command]/usr/bin/git config --global --add safe.directory /home/runner/work/puerts/puerts
2026-02-03T06:06:53.6427482Z ##[debug]0
2026-02-03T06:06:53.6428068Z ##[debug]
2026-02-03T06:06:53.6429478Z [command]/usr/bin/git config --local --name-only --get-regexp core\.sshCommand
2026-02-03T06:06:53.6447052Z ##[debug]1
2026-02-03T06:06:53.6447589Z ##[debug]
2026-02-03T06:06:53.6451224Z [command]/usr/bin/git submodule foreach --recursive sh -c "git config --local --name-only --get-regexp 'core\.sshCommand' && git config --local --unset-all 'core.sshCommand' || :"
2026-02-03T06:06:53.6666327Z ##[debug]0
2026-02-03T06:06:53.6667165Z ##[debug]
2026-02-03T06:06:53.6671105Z [command]/usr/bin/git config --local --name-only --get-regexp http\.https\:\/\/github\.com\/\.extraheader
2026-02-03T06:06:53.6690453Z http.https://github.com/.extraheader
2026-02-03T06:06:53.6697698Z ##[debug]0
2026-02-03T06:06:53.6698176Z ##[debug]http.https://github.com/.extraheader
2026-02-03T06:06:53.6698477Z ##[debug]
2026-02-03T06:06:53.6702018Z [command]/usr/bin/git config --local --unset-all http.https://github.com/.extraheader
2026-02-03T06:06:53.6726397Z ##[debug]0
2026-02-03T06:06:53.6726971Z ##[debug]
2026-02-03T06:06:53.6729858Z [command]/usr/bin/git submodule foreach --recursive sh -c "git config --local --name-only --get-regexp 'http\.https\:\/\/github\.com\/\.extraheader' && git config --local --unset-all 'http.https://github.com/.extraheader' || :"
2026-02-03T06:06:53.6941627Z ##[debug]0
2026-02-03T06:06:53.6941978Z ##[debug]
2026-02-03T06:06:53.6942569Z ##[debug]Unsetting HOME override
2026-02-03T06:06:53.7010047Z ##[debug]Node Action run completed with exit code 0
2026-02-03T06:06:53.7012337Z ##[debug]Finishing: Post Run actions/checkout@v3
2026-02-03T06:06:53.7058239Z ##[debug]Starting: Complete job
2026-02-03T06:06:53.7059947Z Uploading runner diagnostic logs
2026-02-03T06:06:53.7071677Z ##[debug]Starting diagnostic file upload.
2026-02-03T06:06:53.7072012Z ##[debug]Setting up diagnostic log folders.
2026-02-03T06:06:53.7074053Z ##[debug]Creating diagnostic log files folder.
2026-02-03T06:06:53.7082334Z ##[debug]Copying 1 worker diagnostic logs.
2026-02-03T06:06:53.7090199Z ##[debug]Copying 1 runner diagnostic logs.
2026-02-03T06:06:53.7091294Z ##[debug]Zipping diagnostic files.
2026-02-03T06:06:53.7168679Z ##[debug]Uploading diagnostic metadata file.
2026-02-03T06:06:53.7198775Z ##[debug]Diagnostic file upload complete.
2026-02-03T06:06:53.7199284Z Completed runner diagnostic log upload
2026-02-03T06:06:53.7199553Z Cleaning up orphan processes
2026-02-03T06:06:53.7453412Z ##[debug]Finishing: Complete job
2026-02-03T06:06:53.7481893Z ##[debug]Finishing: linux64
